#
# There is insufficient memory for the Java Runtime Environment to continue.
# Native memory allocation (malloc) failed to allocate 32744 bytes for ChunkPool::allocate
# Possible reasons:
#   The system is out of physical RAM or swap space
#   The process is running with CompressedOops enabled, and the Java Heap may be blocking the growth of the native heap
# Possible solutions:
#   Reduce memory load on the system
#   Increase physical memory or swap space
#   Check if swap backing store is full
#   Decrease Java heap size (-Xmx/-Xms)
#   Decrease number of Java threads
#   Decrease Java thread stack sizes (-Xss)
#   Set larger code cache with -XX:ReservedCodeCacheSize=
#   JVM is running with Unscaled Compressed Oops mode in which the Java heap is
#     placed in the first 4GB address space. The Java Heap base address is the
#     maximum limit for the native heap growth. Please use -XX:HeapBaseMinAddress
#     to set the Java Heap base and to place the Java Heap above 4GB virtual address.
# This output file may be truncated or incomplete.
#
#  Out of Memory Error (arena.cpp:78), pid=17732, tid=17668
#
# JRE version: Java(TM) SE Runtime Environment (17.0.12+8) (build 17.0.12+8-LTS-286)
# Java VM: Java HotSpot(TM) 64-Bit Server VM (17.0.12+8-LTS-286, mixed mode, sharing, tiered, compressed oops, compressed class ptrs, g1 gc, windows-amd64)
# No core dump will be written. Minidumps are not enabled by default on client versions of Windows
#

---------------  S U M M A R Y ------------

Command Line: -Xmx64m -Xms64m -Dorg.gradle.appname=gradlew org.gradle.wrapper.GradleWrapperMain runclient

Host: AMD Ryzen 3 7320U with Radeon Graphics         , 8 cores, 6G,  Windows 11 , 64 bit Build 26100 (10.0.26100.6725)
Time: Sun Nov  9 19:28:17 2025 Central Standard Time elapsed time: 184.279612 seconds (0d 0h 3m 4s)

---------------  T H R E A D  ---------------

Current thread (0x000002bded634050):  JavaThread "C2 CompilerThread0" daemon [_thread_in_native, id=17668, stack(0x000000f22c300000,0x000000f22c400000)]


Current CompileTask:
C2: 184288 1629       4       org.gradle.internal.logging.console.DefaultRedrawableLabel::redraw (163 bytes)

Stack: [0x000000f22c300000,0x000000f22c400000]
Native frames: (J=compiled Java code, j=interpreted, Vv=VM code, C=native code)
V  [jvm.dll+0x67a04a]
V  [jvm.dll+0x7da4ed]
V  [jvm.dll+0x7dbe33]
V  [jvm.dll+0x7dc4a3]
V  [jvm.dll+0x24508f]
V  [jvm.dll+0xab9a4]
V  [jvm.dll+0xabd3c]
V  [jvm.dll+0x581b09]
V  [jvm.dll+0x21f422]
V  [jvm.dll+0x21811b]
V  [jvm.dll+0x215b65]
V  [jvm.dll+0x1a2960]
V  [jvm.dll+0x22610b]
V  [jvm.dll+0x2242ab]
V  [jvm.dll+0x79075c]
V  [jvm.dll+0x78abea]
V  [jvm.dll+0x678f35]
C  [ucrtbase.dll+0x37b0]
C  [KERNEL32.DLL+0x2e8d7]
C  [ntdll.dll+0x8c53c]


---------------  P R O C E S S  ---------------

Threads class SMR info:
_java_thread_list=0x000002bdf2b336d0, length=15, elements={
0x000002bdd3e8c030, 0x000002bdd3f3b6f0, 0x000002bdd3f3f230, 0x000002bdd3f59c50,
0x000002bdd3f5a610, 0x000002bdd3f5c6b0, 0x000002bdd3f5d070, 0x000002bded634050,
0x000002bded634960, 0x000002bded6382e0, 0x000002bded885aa0, 0x000002bded8aea50,
0x000002bdedc14ba0, 0x000002bdf2c775e0, 0x000002bdf2c77ac0
}

Java Threads: ( => current thread )
  0x000002bdd3e8c030 JavaThread "main" [_thread_in_native, id=13840, stack(0x000000f22b600000,0x000000f22b700000)]
  0x000002bdd3f3b6f0 JavaThread "Reference Handler" daemon [_thread_blocked, id=6700, stack(0x000000f22bd00000,0x000000f22be00000)]
  0x000002bdd3f3f230 JavaThread "Finalizer" daemon [_thread_blocked, id=14644, stack(0x000000f22be00000,0x000000f22bf00000)]
  0x000002bdd3f59c50 JavaThread "Signal Dispatcher" daemon [_thread_blocked, id=23424, stack(0x000000f22bf00000,0x000000f22c000000)]
  0x000002bdd3f5a610 JavaThread "Attach Listener" daemon [_thread_blocked, id=16228, stack(0x000000f22c000000,0x000000f22c100000)]
  0x000002bdd3f5c6b0 JavaThread "Service Thread" daemon [_thread_blocked, id=352, stack(0x000000f22c100000,0x000000f22c200000)]
  0x000002bdd3f5d070 JavaThread "Monitor Deflation Thread" daemon [_thread_blocked, id=3960, stack(0x000000f22c200000,0x000000f22c300000)]
=>0x000002bded634050 JavaThread "C2 CompilerThread0" daemon [_thread_in_native, id=17668, stack(0x000000f22c300000,0x000000f22c400000)]
  0x000002bded634960 JavaThread "C1 CompilerThread0" daemon [_thread_blocked, id=20068, stack(0x000000f22c400000,0x000000f22c500000)]
  0x000002bded6382e0 JavaThread "Sweeper thread" daemon [_thread_blocked, id=9896, stack(0x000000f22c500000,0x000000f22c600000)]
  0x000002bded885aa0 JavaThread "Notification Thread" daemon [_thread_blocked, id=13152, stack(0x000000f22c600000,0x000000f22c700000)]
  0x000002bded8aea50 JavaThread "Common-Cleaner" daemon [_thread_blocked, id=14940, stack(0x000000f22c800000,0x000000f22c900000)]
  0x000002bdedc14ba0 JavaThread "pool-1-thread-1" [_thread_blocked, id=10112, stack(0x000000f22cd00000,0x000000f22ce00000)]
  0x000002bdf2c775e0 JavaThread "DisconnectableInputStream source reader" daemon [_thread_in_native, id=4336, stack(0x000000f22d200000,0x000000f22d300000)]
  0x000002bdf2c77ac0 JavaThread "Forward input" [_thread_blocked, id=2624, stack(0x000000f22d300000,0x000000f22d400000)]

Other Threads:
  0x000002bdd3f361c0 VMThread "VM Thread" [stack: 0x000000f22bc00000,0x000000f22bd00000] [id=3372]
  0x000002bded8adfa0 WatcherThread [stack: 0x000000f22c700000,0x000000f22c800000] [id=5032]
  0x000002bdd3eadd60 GCTaskThread "GC Thread#0" [stack: 0x000000f22b700000,0x000000f22b800000] [id=23144]
  0x000002bdf2633df0 GCTaskThread "GC Thread#1" [stack: 0x000000f22c900000,0x000000f22ca00000] [id=8484]
  0x000002bdf204d640 GCTaskThread "GC Thread#2" [stack: 0x000000f22ca00000,0x000000f22cb00000] [id=2352]
  0x000002bdf261b350 GCTaskThread "GC Thread#3" [stack: 0x000000f22cb00000,0x000000f22cc00000] [id=5496]
  0x000002bdf25194c0 GCTaskThread "GC Thread#4" [stack: 0x000000f22cc00000,0x000000f22cd00000] [id=14188]
  0x000002bdf2a55030 GCTaskThread "GC Thread#5" [stack: 0x000000f22cf00000,0x000000f22d000000] [id=20136]
  0x000002bdf2a552f0 GCTaskThread "GC Thread#6" [stack: 0x000000f22d000000,0x000000f22d100000] [id=21500]
  0x000002bdf2a555b0 GCTaskThread "GC Thread#7" [stack: 0x000000f22d100000,0x000000f22d200000] [id=18272]
  0x000002bdd3eb2940 ConcurrentGCThread "G1 Main Marker" [stack: 0x000000f22b800000,0x000000f22b900000] [id=17708]
  0x000002bdd3eb3350 ConcurrentGCThread "G1 Conc#0" [stack: 0x000000f22b900000,0x000000f22ba00000] [id=8428]
  0x000002bdd3f181a0 ConcurrentGCThread "G1 Refine#0" [stack: 0x000000f22ba00000,0x000000f22bb00000] [id=18608]
  0x000002bdd3f19a80 ConcurrentGCThread "G1 Service" [stack: 0x000000f22bb00000,0x000000f22bc00000] [id=21680]

Threads with active compile tasks:
C2 CompilerThread0   185544 1629       4       org.gradle.internal.logging.console.DefaultRedrawableLabel::redraw (163 bytes)

VM state: not at safepoint (normal execution)

VM Mutex/Monitor currently owned by a thread: None

Heap address: 0x00000000fc000000, size: 64 MB, Compressed Oops mode: 32-bit

CDS archive(s) mapped at: [0x000002bd80000000-0x000002bd80bd0000-0x000002bd80bd0000), size 12386304, SharedBaseAddress: 0x000002bd80000000, ArchiveRelocationMode: 1.
Compressed class space mapped at: 0x000002bd81000000-0x000002bdc1000000, reserved size: 1073741824
Narrow klass base: 0x000002bd80000000, Narrow klass shift: 0, Narrow klass range: 0x100000000

GC Precious Log:
 CPUs: 8 total, 8 available
 Memory: 6901M
 Large Page Support: Disabled
 NUMA Support: Disabled
 Compressed Oops: Enabled (32-bit)
 Heap Region Size: 1M
 Heap Min Capacity: 64M
 Heap Initial Capacity: 64M
 Heap Max Capacity: 64M
 Pre-touch: Disabled
 Parallel Workers: 8
 Concurrent Workers: 2
 Concurrent Refinement Workers: 8
 Periodic GC: Disabled

Heap:
 garbage-first heap   total 65536K, used 16803K [0x00000000fc000000, 0x0000000100000000)
  region size 1024K, 7 young (7168K), 2 survivors (2048K)
 Metaspace       used 9720K, committed 9920K, reserved 1114112K
  class space    used 1291K, committed 1408K, reserved 1048576K

Heap Regions: E=young(eden), S=young(survivor), O=old, HS=humongous(starts), HC=humongous(continues), CS=collection set, F=free, OA=open archive, CA=closed archive, TAMS=top-at-mark-start (previous, next)
|   0|0x00000000fc000000, 0x00000000fc100000, 0x00000000fc100000|100%|HS|  |TAMS 0x00000000fc000000, 0x00000000fc000000| Complete 
|   1|0x00000000fc100000, 0x00000000fc200000, 0x00000000fc200000|100%|HC|  |TAMS 0x00000000fc100000, 0x00000000fc100000| Complete 
|   2|0x00000000fc200000, 0x00000000fc300000, 0x00000000fc300000|100%|HC|  |TAMS 0x00000000fc200000, 0x00000000fc200000| Complete 
|   3|0x00000000fc300000, 0x00000000fc400000, 0x00000000fc400000|100%|HC|  |TAMS 0x00000000fc300000, 0x00000000fc300000| Complete 
|   4|0x00000000fc400000, 0x00000000fc500000, 0x00000000fc500000|100%| O|  |TAMS 0x00000000fc400000, 0x00000000fc400000| Untracked 
|   5|0x00000000fc500000, 0x00000000fc600000, 0x00000000fc600000|100%| O|  |TAMS 0x00000000fc500000, 0x00000000fc500000| Untracked 
|   6|0x00000000fc600000, 0x00000000fc700000, 0x00000000fc700000|100%| O|  |TAMS 0x00000000fc600000, 0x00000000fc600000| Untracked 
|   7|0x00000000fc700000, 0x00000000fc800000, 0x00000000fc800000|100%| O|  |TAMS 0x00000000fc700000, 0x00000000fc700000| Untracked 
|   8|0x00000000fc800000, 0x00000000fc900000, 0x00000000fc900000|100%| O|  |TAMS 0x00000000fc800000, 0x00000000fc800000| Untracked 
|   9|0x00000000fc900000, 0x00000000fca00000, 0x00000000fca00000|100%| O|  |TAMS 0x00000000fc900000, 0x00000000fc900000| Untracked 
|  10|0x00000000fca00000, 0x00000000fcaa7a00, 0x00000000fcb00000| 65%| O|  |TAMS 0x00000000fca00000, 0x00000000fca00000| Untracked 
|  11|0x00000000fcb00000, 0x00000000fcb00000, 0x00000000fcc00000|  0%| F|  |TAMS 0x00000000fcb00000, 0x00000000fcb00000| Untracked 
|  12|0x00000000fcc00000, 0x00000000fcc00000, 0x00000000fcd00000|  0%| F|  |TAMS 0x00000000fcc00000, 0x00000000fcc00000| Untracked 
|  13|0x00000000fcd00000, 0x00000000fcd00000, 0x00000000fce00000|  0%| F|  |TAMS 0x00000000fcd00000, 0x00000000fcd00000| Untracked 
|  14|0x00000000fce00000, 0x00000000fce00000, 0x00000000fcf00000|  0%| F|  |TAMS 0x00000000fce00000, 0x00000000fce00000| Untracked 
|  15|0x00000000fcf00000, 0x00000000fcf00000, 0x00000000fd000000|  0%| F|  |TAMS 0x00000000fcf00000, 0x00000000fcf00000| Untracked 
|  16|0x00000000fd000000, 0x00000000fd000000, 0x00000000fd100000|  0%| F|  |TAMS 0x00000000fd000000, 0x00000000fd000000| Untracked 
|  17|0x00000000fd100000, 0x00000000fd100000, 0x00000000fd200000|  0%| F|  |TAMS 0x00000000fd100000, 0x00000000fd100000| Untracked 
|  18|0x00000000fd200000, 0x00000000fd200000, 0x00000000fd300000|  0%| F|  |TAMS 0x00000000fd200000, 0x00000000fd200000| Untracked 
|  19|0x00000000fd300000, 0x00000000fd300000, 0x00000000fd400000|  0%| F|  |TAMS 0x00000000fd300000, 0x00000000fd300000| Untracked 
|  20|0x00000000fd400000, 0x00000000fd400000, 0x00000000fd500000|  0%| F|  |TAMS 0x00000000fd400000, 0x00000000fd400000| Untracked 
|  21|0x00000000fd500000, 0x00000000fd500000, 0x00000000fd600000|  0%| F|  |TAMS 0x00000000fd500000, 0x00000000fd500000| Untracked 
|  22|0x00000000fd600000, 0x00000000fd600000, 0x00000000fd700000|  0%| F|  |TAMS 0x00000000fd600000, 0x00000000fd600000| Untracked 
|  23|0x00000000fd700000, 0x00000000fd700000, 0x00000000fd800000|  0%| F|  |TAMS 0x00000000fd700000, 0x00000000fd700000| Untracked 
|  24|0x00000000fd800000, 0x00000000fd800000, 0x00000000fd900000|  0%| F|  |TAMS 0x00000000fd800000, 0x00000000fd800000| Untracked 
|  25|0x00000000fd900000, 0x00000000fd900000, 0x00000000fda00000|  0%| F|  |TAMS 0x00000000fd900000, 0x00000000fd900000| Untracked 
|  26|0x00000000fda00000, 0x00000000fda00000, 0x00000000fdb00000|  0%| F|  |TAMS 0x00000000fda00000, 0x00000000fda00000| Untracked 
|  27|0x00000000fdb00000, 0x00000000fdb00000, 0x00000000fdc00000|  0%| F|  |TAMS 0x00000000fdb00000, 0x00000000fdb00000| Untracked 
|  28|0x00000000fdc00000, 0x00000000fdc00000, 0x00000000fdd00000|  0%| F|  |TAMS 0x00000000fdc00000, 0x00000000fdc00000| Untracked 
|  29|0x00000000fdd00000, 0x00000000fdd00000, 0x00000000fde00000|  0%| F|  |TAMS 0x00000000fdd00000, 0x00000000fdd00000| Untracked 
|  30|0x00000000fde00000, 0x00000000fde00000, 0x00000000fdf00000|  0%| F|  |TAMS 0x00000000fde00000, 0x00000000fde00000| Untracked 
|  31|0x00000000fdf00000, 0x00000000fdf00000, 0x00000000fe000000|  0%| F|  |TAMS 0x00000000fdf00000, 0x00000000fdf00000| Untracked 
|  32|0x00000000fe000000, 0x00000000fe000000, 0x00000000fe100000|  0%| F|  |TAMS 0x00000000fe000000, 0x00000000fe000000| Untracked 
|  33|0x00000000fe100000, 0x00000000fe100000, 0x00000000fe200000|  0%| F|  |TAMS 0x00000000fe100000, 0x00000000fe100000| Untracked 
|  34|0x00000000fe200000, 0x00000000fe200000, 0x00000000fe300000|  0%| F|  |TAMS 0x00000000fe200000, 0x00000000fe200000| Untracked 
|  35|0x00000000fe300000, 0x00000000fe300000, 0x00000000fe400000|  0%| F|  |TAMS 0x00000000fe300000, 0x00000000fe300000| Untracked 
|  36|0x00000000fe400000, 0x00000000fe400000, 0x00000000fe500000|  0%| F|  |TAMS 0x00000000fe400000, 0x00000000fe400000| Untracked 
|  37|0x00000000fe500000, 0x00000000fe5c12c0, 0x00000000fe600000| 75%| S|CS|TAMS 0x00000000fe500000, 0x00000000fe500000| Complete 
|  38|0x00000000fe600000, 0x00000000fe600000, 0x00000000fe700000|  0%| F|  |TAMS 0x00000000fe600000, 0x00000000fe600000| Untracked 
|  39|0x00000000fe700000, 0x00000000fe700000, 0x00000000fe800000|  0%| F|  |TAMS 0x00000000fe700000, 0x00000000fe700000| Untracked 
|  40|0x00000000fe800000, 0x00000000fe800000, 0x00000000fe900000|  0%| F|  |TAMS 0x00000000fe800000, 0x00000000fe800000| Untracked 
|  41|0x00000000fe900000, 0x00000000fea00000, 0x00000000fea00000|100%| S|CS|TAMS 0x00000000fe900000, 0x00000000fe900000| Complete 
|  42|0x00000000fea00000, 0x00000000fea00000, 0x00000000feb00000|  0%| F|  |TAMS 0x00000000fea00000, 0x00000000fea00000| Untracked 
|  43|0x00000000feb00000, 0x00000000feb00000, 0x00000000fec00000|  0%| F|  |TAMS 0x00000000feb00000, 0x00000000feb00000| Untracked 
|  44|0x00000000fec00000, 0x00000000fec00000, 0x00000000fed00000|  0%| F|  |TAMS 0x00000000fec00000, 0x00000000fec00000| Untracked 
|  45|0x00000000fed00000, 0x00000000fed00000, 0x00000000fee00000|  0%| F|  |TAMS 0x00000000fed00000, 0x00000000fed00000| Untracked 
|  46|0x00000000fee00000, 0x00000000fee00000, 0x00000000fef00000|  0%| F|  |TAMS 0x00000000fee00000, 0x00000000fee00000| Untracked 
|  47|0x00000000fef00000, 0x00000000fef00000, 0x00000000ff000000|  0%| F|  |TAMS 0x00000000fef00000, 0x00000000fef00000| Untracked 
|  48|0x00000000ff000000, 0x00000000ff000000, 0x00000000ff100000|  0%| F|  |TAMS 0x00000000ff000000, 0x00000000ff000000| Untracked 
|  49|0x00000000ff100000, 0x00000000ff100000, 0x00000000ff200000|  0%| F|  |TAMS 0x00000000ff100000, 0x00000000ff100000| Untracked 
|  50|0x00000000ff200000, 0x00000000ff200000, 0x00000000ff300000|  0%| F|  |TAMS 0x00000000ff200000, 0x00000000ff200000| Untracked 
|  51|0x00000000ff300000, 0x00000000ff300000, 0x00000000ff400000|  0%| F|  |TAMS 0x00000000ff300000, 0x00000000ff300000| Untracked 
|  52|0x00000000ff400000, 0x00000000ff400000, 0x00000000ff500000|  0%| F|  |TAMS 0x00000000ff400000, 0x00000000ff400000| Untracked 
|  53|0x00000000ff500000, 0x00000000ff500000, 0x00000000ff600000|  0%| F|  |TAMS 0x00000000ff500000, 0x00000000ff500000| Untracked 
|  54|0x00000000ff600000, 0x00000000ff600000, 0x00000000ff700000|  0%| F|  |TAMS 0x00000000ff600000, 0x00000000ff600000| Untracked 
|  55|0x00000000ff700000, 0x00000000ff700000, 0x00000000ff800000|  0%| F|  |TAMS 0x00000000ff700000, 0x00000000ff700000| Untracked 
|  56|0x00000000ff800000, 0x00000000ff800000, 0x00000000ff900000|  0%| F|  |TAMS 0x00000000ff800000, 0x00000000ff800000| Untracked 
|  57|0x00000000ff900000, 0x00000000ff900000, 0x00000000ffa00000|  0%| F|  |TAMS 0x00000000ff900000, 0x00000000ff900000| Untracked 
|  58|0x00000000ffa00000, 0x00000000ffa00000, 0x00000000ffb00000|  0%| F|  |TAMS 0x00000000ffa00000, 0x00000000ffa00000| Untracked 
|  59|0x00000000ffb00000, 0x00000000ffb3f888, 0x00000000ffc00000| 24%| E|  |TAMS 0x00000000ffb00000, 0x00000000ffb00000| Complete 
|  60|0x00000000ffc00000, 0x00000000ffd00000, 0x00000000ffd00000|100%| E|CS|TAMS 0x00000000ffc00000, 0x00000000ffc00000| Complete 
|  61|0x00000000ffd00000, 0x00000000ffe00000, 0x00000000ffe00000|100%| E|CS|TAMS 0x00000000ffd00000, 0x00000000ffd00000| Complete 
|  62|0x00000000ffe00000, 0x00000000fff00000, 0x00000000fff00000|100%| E|CS|TAMS 0x00000000ffe00000, 0x00000000ffe00000| Complete 
|  63|0x00000000fff00000, 0x0000000100000000, 0x0000000100000000|100%| E|CS|TAMS 0x00000000fff00000, 0x00000000fff00000| Complete 

Card table byte_map: [0x000002bdd1da0000,0x000002bdd1dc0000] _byte_map_base: 0x000002bdd15c0000

Marking Bits (Prev, Next): (CMBitMap*) 0x000002bdd3eaf390, (CMBitMap*) 0x000002bdd3eaf3d0
 Prev Bits: [0x000002bdeaa80000, 0x000002bdeab80000)
 Next Bits: [0x000002bdeab80000, 0x000002bdeac80000)

Polling page: 0x000002bdd1d50000

Metaspace:

Usage:
  Non-class:      8.23 MB used.
      Class:      1.26 MB used.
       Both:      9.49 MB used.

Virtual space:
  Non-class space:       64.00 MB reserved,       8.31 MB ( 13%) committed,  1 nodes.
      Class space:        1.00 GB reserved,       1.38 MB ( <1%) committed,  1 nodes.
             Both:        1.06 GB reserved,       9.69 MB ( <1%) committed. 

Chunk freelists:
   Non-Class:  7.45 MB
       Class:  14.54 MB
        Both:  21.99 MB

MaxMetaspaceSize: unlimited
CompressedClassSpaceSize: 1.00 GB
Initial GC threshold: 21.00 MB
Current GC threshold: 21.00 MB
CDS: on
MetaspaceReclaimPolicy: balanced
 - commit_granule_bytes: 65536.
 - commit_granule_words: 8192.
 - virtual_space_node_default_size: 8388608.
 - enlarge_chunks_in_place: 1.
 - new_chunks_are_fully_committed: 0.
 - uncommit_free_chunks: 1.
 - use_allocation_guard: 0.
 - handle_deallocations: 1.


Internal statistics:

num_allocs_failed_limit: 0.
num_arena_births: 82.
num_arena_deaths: 0.
num_vsnodes_births: 2.
num_vsnodes_deaths: 0.
num_space_committed: 155.
num_space_uncommitted: 0.
num_chunks_returned_to_freelist: 0.
num_chunks_taken_from_freelist: 335.
num_chunk_merges: 0.
num_chunk_splits: 237.
num_chunks_enlarged: 200.
num_inconsistent_stats: 0.

CodeHeap 'non-profiled nmethods': size=120000Kb used=601Kb max_used=601Kb free=119398Kb
 bounds [0x000002bde3220000, 0x000002bde3490000, 0x000002bdea750000]
CodeHeap 'profiled nmethods': size=120000Kb used=2986Kb max_used=2986Kb free=117013Kb
 bounds [0x000002bddb750000, 0x000002bddba40000, 0x000002bde2c80000]
CodeHeap 'non-nmethods': size=5760Kb used=1172Kb max_used=1187Kb free=4587Kb
 bounds [0x000002bde2c80000, 0x000002bde2ef0000, 0x000002bde3220000]
 total_blobs=2093 nmethods=1623 adapters=383
 compilation: enabled
              stopped_count=0, restarted_count=0
 full_count=0

Compilation events (20 events):
Event: 146.459 Thread 0x000002bded634050 nmethod 1616 0x000002bde32b4d10 code [0x000002bde32b4e80, 0x000002bde32b4ef8]
Event: 147.116 Thread 0x000002bded634960 1617       3       com.google.common.base.Preconditions::checkPositionIndex (8 bytes)
Event: 147.219 Thread 0x000002bded634960 nmethod 1617 0x000002bddba38e10 code [0x000002bddba38fa0, 0x000002bddba390c8]
Event: 148.165 Thread 0x000002bded634960 1619       3       java.nio.HeapCharBuffer::<init> (23 bytes)
Event: 148.420 Thread 0x000002bded634960 nmethod 1619 0x000002bddba39190 code [0x000002bddba39340, 0x000002bddba394c8]
Event: 156.397 Thread 0x000002bded634050 1620       4       java.util.ArrayList::isEmpty (13 bytes)
Event: 157.563 Thread 0x000002bded634050 nmethod 1620 0x000002bde32b5010 code [0x000002bde32b5180, 0x000002bde32b5218]
Event: 157.590 Thread 0x000002bded634050 1621       4       java.util.HashMap$HashIterator::<init> (79 bytes)
Event: 158.160 Thread 0x000002bded634050 nmethod 1621 0x000002bde32b5310 code [0x000002bde32b54a0, 0x000002bde32b5818]
Event: 160.330 Thread 0x000002bded634050 1622       4       java.util.LinkedHashMap$LinkedValueIterator::next (8 bytes)
Event: 160.495 Thread 0x000002bded634050 nmethod 1622 0x000002bde32b5990 code [0x000002bde32b5b00, 0x000002bde32b5d78]
Event: 171.020 Thread 0x000002bded634960 1623       3       com.google.common.collect.CollectPreconditions::checkNonnegative (37 bytes)
Event: 171.149 Thread 0x000002bded634960 nmethod 1623 0x000002bddba39590 code [0x000002bddba39780, 0x000002bddba39a98]
Event: 178.022 Thread 0x000002bded634960 1625       3       org.fusesource.jansi.Ansi::fg (17 bytes)
Event: 178.112 Thread 0x000002bded634960 nmethod 1625 0x000002bddba39c10 code [0x000002bddba39e20, 0x000002bddba3a5c8]
Event: 180.173 Thread 0x000002bded634050 1627       4       java.util.concurrent.locks.ReentrantLock$Sync::tryRelease (51 bytes)
Event: 180.204 Thread 0x000002bded634050 nmethod 1627 0x000002bde32b5e90 code [0x000002bde32b6000, 0x000002bde32b6138]
Event: 181.625 Thread 0x000002bded634050 1628       4       java.util.concurrent.ScheduledThreadPoolExecutor::canRunInCurrentRunState (61 bytes)
Event: 181.639 Thread 0x000002bded634050 nmethod 1628 0x000002bde32b6210 code [0x000002bde32b6380, 0x000002bde32b6438]
Event: 182.021 Thread 0x000002bded634050 1629       4       org.gradle.internal.logging.console.DefaultRedrawableLabel::redraw (163 bytes)

GC Heap History (4 events):
Event: 1.921 GC heap before
{Heap before GC invocations=0 (full 0):
 garbage-first heap   total 65536K, used 26624K [0x00000000fc000000, 0x0000000100000000)
  region size 1024K, 23 young (23552K), 0 survivors (0K)
 Metaspace       used 2646K, committed 2816K, reserved 1114112K
  class space    used 281K, committed 384K, reserved 1048576K
}
Event: 1.933 GC heap after
{Heap after GC invocations=1 (full 0):
 garbage-first heap   total 65536K, used 10660K [0x00000000fc000000, 0x0000000100000000)
  region size 1024K, 3 young (3072K), 3 survivors (3072K)
 Metaspace       used 2646K, committed 2816K, reserved 1114112K
  class space    used 281K, committed 384K, reserved 1048576K
}
Event: 3.665 GC heap before
{Heap before GC invocations=1 (full 0):
 garbage-first heap   total 65536K, used 33188K [0x00000000fc000000, 0x0000000100000000)
  region size 1024K, 25 young (25600K), 3 survivors (3072K)
 Metaspace       used 8949K, committed 9088K, reserved 1114112K
  class space    used 1220K, committed 1280K, reserved 1048576K
}
Event: 3.670 GC heap after
{Heap after GC invocations=2 (full 0):
 garbage-first heap   total 65536K, used 12707K [0x00000000fc000000, 0x0000000100000000)
  region size 1024K, 2 young (2048K), 2 survivors (2048K)
 Metaspace       used 8949K, committed 9088K, reserved 1114112K
  class space    used 1220K, committed 1280K, reserved 1048576K
}

Deoptimization events (20 events):
Event: 80.079 Thread 0x000002bdd3e8c030 Uncommon trap: trap_request=0xffffff45 fr.pc=0x000002bde323fd68 relative=0x00000000000003c8
Event: 80.079 Thread 0x000002bdd3e8c030 Uncommon trap: reason=unstable_if action=reinterpret pc=0x000002bde323fd68 method=java.lang.StringUTF16.compress([CII)[B @ 13 c2
Event: 80.079 Thread 0x000002bdd3e8c030 DEOPT PACKING pc=0x000002bde323fd68 sp=0x000000f22b6fc7d0
Event: 80.080 Thread 0x000002bdd3e8c030 DEOPT UNPACKING pc=0x000002bde2cd23a3 sp=0x000000f22b6fc710 mode 2
Event: 80.111 Thread 0x000002bdedc14ba0 Uncommon trap: trap_request=0xffffff45 fr.pc=0x000002bde32452d4 relative=0x00000000000001b4
Event: 80.111 Thread 0x000002bdedc14ba0 Uncommon trap: reason=unstable_if action=reinterpret pc=0x000002bde32452d4 method=java.lang.String.indexOf(II)I @ 4 c2
Event: 80.111 Thread 0x000002bdedc14ba0 DEOPT PACKING pc=0x000002bde32452d4 sp=0x000000f22cdfe250
Event: 80.111 Thread 0x000002bdedc14ba0 DEOPT UNPACKING pc=0x000002bde2cd23a3 sp=0x000000f22cdfe1f0 mode 2
Event: 80.111 Thread 0x000002bdedc14ba0 Uncommon trap: trap_request=0xffffff45 fr.pc=0x000002bde3273f98 relative=0x00000000000004d8
Event: 80.111 Thread 0x000002bdedc14ba0 Uncommon trap: reason=unstable_if action=reinterpret pc=0x000002bde3273f98 method=java.lang.AbstractStringBuilder.putStringAt(ILjava/lang/String;II)V @ 8 c2
Event: 80.111 Thread 0x000002bdedc14ba0 DEOPT PACKING pc=0x000002bde3273f98 sp=0x000000f22cdfe030
Event: 80.111 Thread 0x000002bdedc14ba0 DEOPT UNPACKING pc=0x000002bde2cd23a3 sp=0x000000f22cdfdf10 mode 2
Event: 80.112 Thread 0x000002bdedc14ba0 Uncommon trap: trap_request=0xffffff45 fr.pc=0x000002bde3292b6c relative=0x00000000000003cc
Event: 80.112 Thread 0x000002bdedc14ba0 Uncommon trap: reason=unstable_if action=reinterpret pc=0x000002bde3292b6c method=java.lang.AbstractStringBuilder.isLatin1()Z @ 10 c2
Event: 80.112 Thread 0x000002bdedc14ba0 DEOPT PACKING pc=0x000002bde3292b6c sp=0x000000f22cdfe440
Event: 80.112 Thread 0x000002bdedc14ba0 DEOPT UNPACKING pc=0x000002bde2cd23a3 sp=0x000000f22cdfe3b8 mode 2
Event: 80.112 Thread 0x000002bdedc14ba0 Uncommon trap: trap_request=0xffffff45 fr.pc=0x000002bde323bafc relative=0x000000000000025c
Event: 80.112 Thread 0x000002bdedc14ba0 Uncommon trap: reason=unstable_if action=reinterpret pc=0x000002bde323bafc method=java.lang.String.getChars(II[CI)V @ 23 c2
Event: 80.112 Thread 0x000002bdedc14ba0 DEOPT PACKING pc=0x000002bde323bafc sp=0x000000f22cdfe340
Event: 80.112 Thread 0x000002bdedc14ba0 DEOPT UNPACKING pc=0x000002bde2cd23a3 sp=0x000000f22cdfe2d8 mode 2

Classes unloaded (0 events):
No events

Classes redefined (0 events):
No events

Internal exceptions (19 events):
Event: 0.464 Thread 0x000002bdd3e8c030 Exception <a 'java/lang/NoSuchMethodError'{0x00000000ffc52518}: 'int java.lang.invoke.DirectMethodHandle$Holder.invokeStaticInit(java.lang.Object, java.lang.Object)'> (0x00000000ffc52518) 
thrown [s\open\src\hotspot\share\interpreter\linkResolver.cpp, line 759]
Event: 2.176 Thread 0x000002bdd3e8c030 Exception <a 'java/lang/NoSuchMethodError'{0x00000000ffc87aa8}: 'void java.lang.invoke.DirectMethodHandle$Holder.invokeStatic(java.lang.Object, java.lang.Object)'> (0x00000000ffc87aa8) 
thrown [s\open\src\hotspot\share\interpreter\linkResolver.cpp, line 759]
Event: 2.221 Thread 0x000002bdd3e8c030 Exception <a 'java/lang/NoClassDefFoundError'{0x00000000ffb1d740}: org/slf4j/impl/StaticMarkerBinder> (0x00000000ffb1d740) 
thrown [s\open\src\hotspot\share\classfile\systemDictionary.cpp, line 245]
Event: 2.250 Thread 0x000002bdd3e8c030 Exception <a 'java/lang/NoSuchMethodError'{0x00000000ffb8f3e0}: 'java.lang.Object java.lang.invoke.DirectMethodHandle$Holder.invokeVirtual(java.lang.Object, java.lang.Object, java.lang.Object)'> (0x00000000ffb8f3e0) 
thrown [s\open\src\hotspot\share\interpreter\linkResolver.cpp, line 759]
Event: 2.272 Thread 0x000002bdd3e8c030 Exception <a 'java/lang/NoSuchMethodError'{0x00000000ffbd6240}: 'java.lang.Object java.lang.invoke.DirectMethodHandle$Holder.invokeVirtual(java.lang.Object, java.lang.Object, java.lang.Object, java.lang.Object, java.lang.Object, java.lang.Object, java.lang.Object)'> (0x00000000ffbd6240) 
thrown [s\open\src\hotspot\share\interpreter\linkResolver.cpp, line 759]
Event: 2.276 Thread 0x000002bdd3e8c030 Exception <a 'java/lang/NoSuchMethodError'{0x00000000ffbe8128}: 'java.lang.Object java.lang.invoke.Invokers$Holder.invoker(java.lang.Object, java.lang.Object, java.lang.Object)'> (0x00000000ffbe8128) 
thrown [s\open\src\hotspot\share\interpreter\linkResolver.cpp, line 759]
Event: 2.278 Thread 0x000002bdd3e8c030 Exception <a 'java/lang/NoSuchMethodError'{0x00000000ffbf1018}: 'java.lang.Object java.lang.invoke.DirectMethodHandle$Holder.invokeStatic(java.lang.Object, java.lang.Object, int)'> (0x00000000ffbf1018) 
thrown [s\open\src\hotspot\share\interpreter\linkResolver.cpp, line 759]
Event: 2.280 Thread 0x000002bdd3e8c030 Exception <a 'java/lang/NoSuchMethodError'{0x00000000ffbfcd08}: 'void java.lang.invoke.DelegatingMethodHandle$Holder.delegate(java.lang.Object, java.lang.Object, int, java.lang.Object)'> (0x00000000ffbfcd08) 
thrown [s\open\src\hotspot\share\interpreter\linkResolver.cpp, line 759]
Event: 2.281 Thread 0x000002bdd3e8c030 Exception <a 'java/lang/NoSuchMethodError'{0x00000000ffa012f0}: 'int java.lang.invoke.DirectMethodHandle$Holder.invokeSpecial(java.lang.Object, java.lang.Object, java.lang.Object)'> (0x00000000ffa012f0) 
thrown [s\open\src\hotspot\share\interpreter\linkResolver.cpp, line 759]
Event: 2.286 Thread 0x000002bdd3e8c030 Exception <a 'java/lang/NoSuchMethodError'{0x00000000ffa14438}: 'java.lang.Object java.lang.invoke.Invokers$Holder.invokeExact_MT(java.lang.Object, java.lang.Object, java.lang.Object, java.lang.Object)'> (0x00000000ffa14438) 
thrown [s\open\src\hotspot\share\interpreter\linkResolver.cpp, line 759]
Event: 2.595 Thread 0x000002bdd3e8c030 Exception <a 'java/lang/NoSuchMethodError'{0x00000000ff30bb40}: 'void java.lang.invoke.DirectMethodHandle$Holder.invokeSpecial(java.lang.Object, java.lang.Object, java.lang.Object)'> (0x00000000ff30bb40) 
thrown [s\open\src\hotspot\share\interpreter\linkResolver.cpp, line 759]
Event: 2.621 Thread 0x000002bdd3e8c030 Implicit null exception at 0x000002bde327528c to 0x000002bde327568c
Event: 2.621 Thread 0x000002bdd3e8c030 Implicit null exception at 0x000002bde326160a to 0x000002bde3261a00
Event: 2.667 Thread 0x000002bdd3e8c030 Exception <a 'java/lang/NoSuchMethodError'{0x00000000ff27fb08}: 'java.lang.Object java.lang.invoke.DirectMethodHandle$Holder.invokeStaticInit(java.lang.Object)'> (0x00000000ff27fb08) 
thrown [s\open\src\hotspot\share\interpreter\linkResolver.cpp, line 759]
Event: 2.737 Thread 0x000002bdd3e8c030 Exception <a 'java/lang/NoSuchMethodError'{0x00000000ff129490}: 'int java.lang.invoke.DirectMethodHandle$Holder.invokeVirtual(java.lang.Object, java.lang.Object, java.lang.Object)'> (0x00000000ff129490) 
thrown [s\open\src\hotspot\share\interpreter\linkResolver.cpp, line 759]
Event: 2.908 Thread 0x000002bdd3e8c030 Exception <a 'java/lang/NoSuchMethodError'{0x00000000fedc2cc8}: 'java.lang.Object java.lang.invoke.DirectMethodHandle$Holder.invokeStaticInit(java.lang.Object, int, int, int, int)'> (0x00000000fedc2cc8) 
thrown [s\open\src\hotspot\share\interpreter\linkResolver.cpp, line 759]
Event: 3.064 Thread 0x000002bdd3e8c030 Exception <a 'java/lang/NoSuchMethodError'{0x00000000fec01180}: 'java.lang.Object java.lang.invoke.DirectMethodHandle$Holder.invokeStaticInit(java.lang.Object, java.lang.Object, int, int, int, int)'> (0x00000000fec01180) 
thrown [s\open\src\hotspot\share\interpreter\linkResolver.cpp, line 759]
Event: 3.381 Thread 0x000002bdd3e8c030 Exception <a 'java/lang/NoSuchMethodError'{0x00000000fec31a68}: 'void java.lang.invoke.DirectMethodHandle$Holder.invokeStatic(java.lang.Object, java.lang.Object, java.lang.Object)'> (0x00000000fec31a68) 
thrown [s\open\src\hotspot\share\interpreter\linkResolver.cpp, line 759]
Event: 3.418 Thread 0x000002bdd3e8c030 Implicit null exception at 0x000002bde3257272 to 0x000002bde3257840

VM Operations (20 events):
Event: 82.303 Executing VM operation: Cleanup
Event: 82.303 Executing VM operation: Cleanup done
Event: 83.304 Executing VM operation: Cleanup
Event: 83.305 Executing VM operation: Cleanup done
Event: 113.610 Executing VM operation: Cleanup
Event: 113.728 Executing VM operation: Cleanup done
Event: 120.196 Executing VM operation: HandshakeAllThreads
Event: 120.212 Executing VM operation: HandshakeAllThreads done
Event: 129.325 Executing VM operation: Cleanup
Event: 129.641 Executing VM operation: Cleanup done
Event: 131.668 Executing VM operation: Cleanup
Event: 131.681 Executing VM operation: Cleanup done
Event: 133.699 Executing VM operation: Cleanup
Event: 133.702 Executing VM operation: Cleanup done
Event: 157.858 Executing VM operation: Cleanup
Event: 157.926 Executing VM operation: Cleanup done
Event: 160.968 Executing VM operation: Cleanup
Event: 160.975 Executing VM operation: Cleanup done
Event: 181.151 Executing VM operation: Cleanup
Event: 181.151 Executing VM operation: Cleanup done

Events (20 events):
Event: 80.089 loading class jdk/internal/logger/LazyLoggers$LazyLoggerFactories
Event: 80.089 loading class jdk/internal/logger/LazyLoggers$LazyLoggerFactories done
Event: 80.090 loading class jdk/internal/logger/LoggerFinderLoader
Event: 80.090 loading class jdk/internal/logger/LoggerFinderLoader done
Event: 80.091 loading class jdk/internal/logger/LoggerFinderLoader$TemporaryLoggerFinder
Event: 80.091 loading class jdk/internal/logger/LoggerFinderLoader$TemporaryLoggerFinder done
Event: 80.092 loading class sun/util/logging/internal/LoggingProviderImpl$JULWrapper
Event: 80.092 loading class sun/util/logging/PlatformLogger$ConfigurableBridge$LoggerConfiguration
Event: 80.092 loading class sun/util/logging/PlatformLogger$ConfigurableBridge$LoggerConfiguration done
Event: 80.092 loading class sun/util/logging/internal/LoggingProviderImpl$JULWrapper done
Event: 80.092 loading class java/io/ObjectInputFilter
Event: 80.093 loading class java/io/ObjectInputFilter done
Event: 80.093 loading class java/io/ObjectInputFilter$Config$BuiltinFilterFactory
Event: 80.093 loading class java/io/ObjectInputFilter$Config$BuiltinFilterFactory done
Event: 80.093 loading class jdk/internal/access/JavaObjectInputFilterAccess
Event: 80.093 loading class jdk/internal/access/JavaObjectInputFilterAccess done
Event: 80.094 loading class java/lang/System$Logger$Level
Event: 80.095 loading class java/lang/System$Logger$Level done
Event: 80.095 loading class java/io/Bits
Event: 80.098 loading class java/io/Bits done


Dynamic libraries:
0x00007ff718fb0000 - 0x00007ff718fc0000 	C:\Program Files\Java\jdk-17\bin\java.exe
0x00007fffd65c0000 - 0x00007fffd6828000 	C:\WINDOWS\SYSTEM32\ntdll.dll
0x00007fffd4c90000 - 0x00007fffd4d59000 	C:\WINDOWS\System32\KERNEL32.DLL
0x00007fffd3a30000 - 0x00007fffd3e22000 	C:\WINDOWS\System32\KERNELBASE.dll
0x00007fffd41b0000 - 0x00007fffd42fb000 	C:\WINDOWS\System32\ucrtbase.dll
0x00007fffb8c20000 - 0x00007fffb8c39000 	C:\Program Files\Java\jdk-17\bin\jli.dll
0x00007fffb7060000 - 0x00007fffb707b000 	C:\Program Files\Java\jdk-17\bin\VCRUNTIME140.dll
0x00007fffd5bf0000 - 0x00007fffd5ca4000 	C:\WINDOWS\System32\ADVAPI32.dll
0x00007fffd6320000 - 0x00007fffd63c9000 	C:\WINDOWS\System32\msvcrt.dll
0x00007fffd53e0000 - 0x00007fffd5486000 	C:\WINDOWS\System32\sechost.dll
0x00007fffd46f0000 - 0x00007fffd4808000 	C:\WINDOWS\System32\RPCRT4.dll
0x00007fffd5db0000 - 0x00007fffd5f75000 	C:\WINDOWS\System32\USER32.dll
0x00007fffd4010000 - 0x00007fffd4037000 	C:\WINDOWS\System32\win32u.dll
0x00007fffd43f0000 - 0x00007fffd441b000 	C:\WINDOWS\System32\GDI32.dll
0x00007fffd3e30000 - 0x00007fffd3f5d000 	C:\WINDOWS\System32\gdi32full.dll
0x00007fffd3f60000 - 0x00007fffd4003000 	C:\WINDOWS\System32\msvcp_win.dll
0x00007fffb71a0000 - 0x00007fffb7433000 	C:\WINDOWS\WinSxS\amd64_microsoft.windows.common-controls_6595b64144ccf1df_6.0.26100.6725_none_3e085828e334708b\COMCTL32.dll
0x00007fffbcce0000 - 0x00007fffbcceb000 	C:\WINDOWS\SYSTEM32\VERSION.dll
0x00007fffd4c50000 - 0x00007fffd4c7f000 	C:\WINDOWS\System32\IMM32.DLL
0x00007fffd0290000 - 0x00007fffd029c000 	C:\Program Files\Java\jdk-17\bin\vcruntime140_1.dll
0x00007fffaf1e0000 - 0x00007fffaf26e000 	C:\Program Files\Java\jdk-17\bin\msvcp140.dll
0x00007fff36bb0000 - 0x00007fff37790000 	C:\Program Files\Java\jdk-17\bin\server\jvm.dll
0x00007fffc6a00000 - 0x00007fffc6a35000 	C:\WINDOWS\SYSTEM32\WINMM.dll
0x00007fffd5f80000 - 0x00007fffd5f88000 	C:\WINDOWS\System32\PSAPI.DLL
0x00007fffce290000 - 0x00007fffce29a000 	C:\WINDOWS\SYSTEM32\WSOCK32.dll
0x00007fffd4420000 - 0x00007fffd4494000 	C:\WINDOWS\System32\ws2_32.DLL
0x00007fffd2520000 - 0x00007fffd253b000 	C:\WINDOWS\SYSTEM32\kernel.appcore.dll
0x00007fffbd010000 - 0x00007fffbd01a000 	C:\Program Files\Java\jdk-17\bin\jimage.dll
0x00007fffd0ae0000 - 0x00007fffd0d22000 	C:\WINDOWS\SYSTEM32\DBGHELP.DLL
0x00007fffd48d0000 - 0x00007fffd4c4b000 	C:\WINDOWS\System32\combase.dll
0x00007fffd4610000 - 0x00007fffd46e7000 	C:\WINDOWS\System32\OLEAUT32.dll
0x00007fffb1130000 - 0x00007fffb116c000 	C:\WINDOWS\SYSTEM32\dbgcore.DLL
0x00007fffd3810000 - 0x00007fffd38a8000 	C:\WINDOWS\System32\bcryptPrimitives.dll
0x00007fffb6e10000 - 0x00007fffb6e35000 	C:\Program Files\Java\jdk-17\bin\java.dll
0x00007fff99f20000 - 0x00007fff99ff7000 	C:\Program Files\Java\jdk-17\bin\jsvml.dll
0x00007fffd5490000 - 0x00007fffd5bdc000 	C:\WINDOWS\System32\SHELL32.dll
0x00007fffd4040000 - 0x00007fffd41ab000 	C:\WINDOWS\System32\wintypes.dll
0x00007fffd1370000 - 0x00007fffd1bcd000 	C:\WINDOWS\SYSTEM32\windows.storage.dll
0x00007fffd5cb0000 - 0x00007fffd5da2000 	C:\WINDOWS\System32\SHCORE.dll
0x00007fffd44a0000 - 0x00007fffd4502000 	C:\WINDOWS\System32\shlwapi.dll
0x00007fffd3670000 - 0x00007fffd3699000 	C:\WINDOWS\SYSTEM32\profapi.dll
0x00007fffb2d80000 - 0x00007fffb2d99000 	C:\Program Files\Java\jdk-17\bin\net.dll
0x00007fffcb900000 - 0x00007fffcba1f000 	C:\WINDOWS\SYSTEM32\WINHTTP.dll
0x00007fffd2a90000 - 0x00007fffd2afb000 	C:\WINDOWS\system32\mswsock.dll
0x00007fffb2220000 - 0x00007fffb2236000 	C:\Program Files\Java\jdk-17\bin\nio.dll
0x00007fffaf1c0000 - 0x00007fffaf1d8000 	C:\Program Files\Java\jdk-17\bin\zip.dll
0x00007fffb9120000 - 0x00007fffb9130000 	C:\Program Files\Java\jdk-17\bin\verify.dll
0x00007fffae600000 - 0x00007fffae627000 	C:\Users\triar\.gradle\native\c067742578af261105cb4f569cf0c3c89f3d7b1fecec35dd04571415982c5e48\windows-amd64\native-platform.dll
0x00007fffb9160000 - 0x00007fffb916a000 	C:\Users\triar\.gradle\native\jansi\1.18\windows64\jansi.dll
0x00007fffb20a0000 - 0x00007fffb20aa000 	C:\Program Files\Java\jdk-17\bin\management.dll
0x00007fffb19d0000 - 0x00007fffb19db000 	C:\Program Files\Java\jdk-17\bin\management_ext.dll
0x00007fffd2d40000 - 0x00007fffd2d5b000 	C:\WINDOWS\SYSTEM32\CRYPTSP.dll
0x00007fffd2480000 - 0x00007fffd24bb000 	C:\WINDOWS\system32\rsaenh.dll
0x00007fffd2b30000 - 0x00007fffd2b5b000 	C:\WINDOWS\SYSTEM32\USERENV.dll
0x00007fffd3640000 - 0x00007fffd3666000 	C:\WINDOWS\SYSTEM32\bcrypt.dll
0x00007fffd2d60000 - 0x00007fffd2d6c000 	C:\WINDOWS\SYSTEM32\CRYPTBASE.dll
0x00007fffd1f00000 - 0x00007fffd1f34000 	C:\WINDOWS\SYSTEM32\IPHLPAPI.DLL
0x00007fffd4d60000 - 0x00007fffd4d6a000 	C:\WINDOWS\System32\NSI.dll
0x00007fffcc340000 - 0x00007fffcc35e000 	C:\WINDOWS\SYSTEM32\dhcpcsvc6.DLL
0x00007fffcc2d0000 - 0x00007fffcc2f3000 	C:\WINDOWS\SYSTEM32\dhcpcsvc.DLL
0x00007fffd1f40000 - 0x00007fffd2066000 	C:\WINDOWS\SYSTEM32\DNSAPI.dll
0x00007fffb0270000 - 0x00007fffb027e000 	C:\Program Files\Java\jdk-17\bin\sunmscapi.dll
0x00007fffd38b0000 - 0x00007fffd3a27000 	C:\WINDOWS\System32\CRYPT32.dll
0x00007fffd2f60000 - 0x00007fffd2f90000 	C:\WINDOWS\SYSTEM32\ncrypt.dll
0x00007fffd2f10000 - 0x00007fffd2f4f000 	C:\WINDOWS\SYSTEM32\NTASN1.dll
0x00007fffbd020000 - 0x00007fffbd028000 	C:\WINDOWS\system32\wshunix.dll

dbghelp: loaded successfully - version: 4.0.5 - missing functions: none
symbol engine: initialized successfully - sym options: 0x614 - pdb path: .;C:\Program Files\Java\jdk-17\bin;C:\WINDOWS\SYSTEM32;C:\WINDOWS\WinSxS\amd64_microsoft.windows.common-controls_6595b64144ccf1df_6.0.26100.6725_none_3e085828e334708b;C:\Program Files\Java\jdk-17\bin\server;C:\Users\triar\.gradle\native\c067742578af261105cb4f569cf0c3c89f3d7b1fecec35dd04571415982c5e48\windows-amd64;C:\Users\triar\.gradle\native\jansi\1.18\windows64

VM Arguments:
jvm_args: -Xmx64m -Xms64m -Dorg.gradle.appname=gradlew 
java_command: org.gradle.wrapper.GradleWrapperMain runclient
java_class_path (initial): C:\Program Files (x86)\Steam\steamapps\common\Mindustry\saves\mods\Aquarion\\gradle\wrapper\gradle-wrapper.jar
Launcher Type: SUN_STANDARD

[Global flags]
     intx CICompilerCount                          = 4                                         {product} {ergonomic}
     uint ConcGCThreads                            = 2                                         {product} {ergonomic}
     uint G1ConcRefinementThreads                  = 8                                         {product} {ergonomic}
   size_t G1HeapRegionSize                         = 1048576                                   {product} {ergonomic}
    uintx GCDrainStackTargetSize                   = 64                                        {product} {ergonomic}
   size_t InitialHeapSize                          = 67108864                                  {product} {command line}
   size_t MarkStackSize                            = 4194304                                   {product} {ergonomic}
   size_t MaxHeapSize                              = 67108864                                  {product} {command line}
   size_t MaxNewSize                               = 39845888                                  {product} {ergonomic}
   size_t MinHeapDeltaBytes                        = 1048576                                   {product} {ergonomic}
   size_t MinHeapSize                              = 67108864                                  {product} {command line}
    uintx NonNMethodCodeHeapSize                   = 5839372                                {pd product} {ergonomic}
    uintx NonProfiledCodeHeapSize                  = 122909434                              {pd product} {ergonomic}
    uintx ProfiledCodeHeapSize                     = 122909434                              {pd product} {ergonomic}
    uintx ReservedCodeCacheSize                    = 251658240                              {pd product} {ergonomic}
     bool SegmentedCodeCache                       = true                                      {product} {ergonomic}
   size_t SoftMaxHeapSize                          = 67108864                               {manageable} {ergonomic}
     bool UseCompressedClassPointers               = true                           {product lp64_product} {ergonomic}
     bool UseCompressedOops                        = true                           {product lp64_product} {ergonomic}
     bool UseG1GC                                  = true                                      {product} {ergonomic}
     bool UseLargePagesIndividualAllocation        = false                                  {pd product} {ergonomic}

Logging:
Log output configuration:
 #0: stdout all=warning uptime,level,tags
 #1: stderr all=off uptime,level,tags

Environment Variables:
JAVA_HOME=C:\Program Files\Java\jdk-17
CLASSPATH=C:\Program Files (x86)\Steam\steamapps\common\Mindustry\saves\mods\Aquarion\\gradle\wrapper\gradle-wrapper.jar
PATH=C:\Program Files\Java\jdk-17\bin;C:\Program Files\dotnet\;C:\Program Files\Inkscape\bin;C:\Program Files\Inkscape;C:\Users\triar\AppData\Local\Programs\Python\Launcher\;C:\Users\triar\AppData\Local\Microsoft\WindowsApps;C:\Users\triar\AppData\Local\GitHubDesktop\bin;C:\Users\triar\.dotnet\tools
USERNAME=triar
OS=Windows_NT
PROCESSOR_IDENTIFIER=AMD64 Family 23 Model 160 Stepping 0, AuthenticAMD



---------------  S Y S T E M  ---------------

OS:
 Windows 11 , 64 bit Build 26100 (10.0.26100.6725)
OS uptime: 3 days 8:52 hours
Hyper-V role detected

CPU: total 8 (initial active 8) (8 cores per cpu, 2 threads per core) family 23 model 160 stepping 0 microcode 0x8a00006, cx8, cmov, fxsr, ht, mmx, 3dnowpref, sse, sse2, sse3, ssse3, sse4a, sse4.1, sse4.2, popcnt, lzcnt, tsc, tscinvbit, avx, avx2, aes, clmul, bmi1, bmi2, adx, sha, fma, vzeroupper, clflush, clflushopt, hv

Memory: 4k page, system-wide physical 6901M (607M free)
TotalPageFile size 28405M (AvailPageFile size 0M)
current process WorkingSet (physical memory assigned to process): 14M, peak: 100M
current process commit charge ("private bytes"): 163M, peak: 168M

vm_info: Java HotSpot(TM) 64-Bit Server VM (17.0.12+8-LTS-286) for windows-amd64 JRE (17.0.12+8-LTS-286), built on Jun  5 2024 06:46:59 by "mach5one" with MS VC++ 17.6 (VS2022)

END.
