#
# There is insufficient memory for the Java Runtime Environment to continue.
# Native memory allocation (malloc) failed to allocate 1126896 bytes for Chunk::new
# Possible reasons:
#   The system is out of physical RAM or swap space
#   The process is running with CompressedOops enabled, and the Java Heap may be blocking the growth of the native heap
# Possible solutions:
#   Reduce memory load on the system
#   Increase physical memory or swap space
#   Check if swap backing store is full
#   Decrease Java heap size (-Xmx/-Xms)
#   Decrease number of Java threads
#   Decrease Java thread stack sizes (-Xss)
#   Set larger code cache with -XX:ReservedCodeCacheSize=
#   JVM is running with Unscaled Compressed Oops mode in which the Java heap is
#     placed in the first 4GB address space. The Java Heap base address is the
#     maximum limit for the native heap growth. Please use -XX:HeapBaseMinAddress
#     to set the Java Heap base and to place the Java Heap above 4GB virtual address.
# This output file may be truncated or incomplete.
#
#  Out of Memory Error (arena.cpp:189), pid=60888, tid=53076
#
# JRE version: Java(TM) SE Runtime Environment (17.0.12+8) (build 17.0.12+8-LTS-286)
# Java VM: Java HotSpot(TM) 64-Bit Server VM (17.0.12+8-LTS-286, mixed mode, sharing, tiered, compressed oops, compressed class ptrs, g1 gc, windows-amd64)
# No core dump will be written. Minidumps are not enabled by default on client versions of Windows
#

---------------  S U M M A R Y ------------

Command Line: --illegal-access=permit --add-exports=jdk.compiler/com.sun.tools.javac.api=ALL-UNNAMED --add-exports=jdk.compiler/com.sun.tools.javac.code=ALL-UNNAMED --add-exports=jdk.compiler/com.sun.tools.javac.model=ALL-UNNAMED --add-exports=jdk.compiler/com.sun.tools.javac.processing=ALL-UNNAMED --add-exports=jdk.compiler/com.sun.tools.javac.parser=ALL-UNNAMED --add-exports=jdk.compiler/com.sun.tools.javac.util=ALL-UNNAMED --add-exports=jdk.compiler/com.sun.tools.javac.tree=ALL-UNNAMED --add-exports=jdk.compiler/com.sun.tools.javac.file=ALL-UNNAMED --add-exports=jdk.compiler/com.sun.tools.javac.main=ALL-UNNAMED --add-exports=jdk.compiler/com.sun.tools.javac.jvm=ALL-UNNAMED --add-exports=jdk.compiler/com.sun.tools.javac.comp=ALL-UNNAMED --add-exports=java.base/sun.reflect.annotation=ALL-UNNAMED --add-opens=java.base/java.util=ALL-UNNAMED --add-opens=java.base/java.lang=ALL-UNNAMED --add-opens=java.base/java.lang.invoke=ALL-UNNAMED --add-opens=java.prefs/java.util.prefs=ALL-UNNAMED --add-opens=java.base/java.nio.charset=ALL-UNNAMED --add-opens=java.base/java.net=ALL-UNNAMED --add-opens=java.base/java.util.concurrent.atomic=ALL-UNNAMED -Dfile.encoding=windows-1252 -Duser.country=US -Duser.language=en -Duser.variant -javaagent:C:\Users\triar\.gradle\wrapper\dists\gradle-8.6-bin\afr5mpiioh2wthjmwnkmdsd5w\gradle-8.6\lib\agents\gradle-instrumentation-agent-8.6.jar org.gradle.launcher.daemon.bootstrap.GradleDaemon 8.6

Host: AMD Ryzen 3 7320U with Radeon Graphics         , 8 cores, 5G,  Windows 11 , 64 bit Build 26100 (10.0.26100.3912)
Time: Tue May  6 13:43:05 2025 Central Daylight Time elapsed time: 11791.464406 seconds (0d 3h 16m 31s)

---------------  T H R E A D  ---------------

Current thread (0x0000017f021a78e0):  JavaThread "C2 CompilerThread0" daemon [_thread_in_native, id=53076, stack(0x0000001069100000,0x0000001069200000)]


Current CompileTask:
C2:11791464 14815       4       java.lang.Class::privateGetPublicMethods (224 bytes)

Stack: [0x0000001069100000,0x0000001069200000]
Native frames: (J=compiled Java code, j=interpreted, Vv=VM code, C=native code)
V  [jvm.dll+0x67a04a]
V  [jvm.dll+0x7da4ed]
V  [jvm.dll+0x7dbe33]
V  [jvm.dll+0x7dc4a3]
V  [jvm.dll+0x24508f]
V  [jvm.dll+0xab773]
V  [jvm.dll+0xabd3c]
V  [jvm.dll+0x361b9f]
V  [jvm.dll+0x32c431]
V  [jvm.dll+0x32b8ca]
V  [jvm.dll+0x21683f]
V  [jvm.dll+0x215c6f]
V  [jvm.dll+0x1a2960]
V  [jvm.dll+0x22610b]
V  [jvm.dll+0x2242ab]
V  [jvm.dll+0x79075c]
V  [jvm.dll+0x78abea]
V  [jvm.dll+0x678f35]
C  [ucrtbase.dll+0x37b0]
C  [KERNEL32.DLL+0x2e8d7]
C  [ntdll.dll+0x9c5dc]


---------------  P R O C E S S  ---------------

Threads class SMR info:
_java_thread_list=0x0000017f4c3361f0, length=36, elements={
0x0000017f64bd4790, 0x0000017f02171140, 0x0000017f02171b10, 0x0000017f0218d100,
0x0000017f0218f9e0, 0x0000017f021982c0, 0x0000017f0219a7b0, 0x0000017f021a78e0,
0x0000017f021a8e10, 0x0000017f021b3330, 0x0000017f02393590, 0x0000017f02471660,
0x0000017f48fc9190, 0x0000017f4a079830, 0x0000017f490e2810, 0x0000017f49036800,
0x0000017f49037220, 0x0000017f49037730, 0x0000017f496a3df0, 0x0000017f496a2ec0,
0x0000017f496a1060, 0x0000017f496a38e0, 0x0000017f496a4d20, 0x0000017f496a89e0,
0x0000017f4af461b0, 0x0000017f496a7fc0, 0x0000017f496a7090, 0x0000017f496a75a0,
0x0000017f496a7ab0, 0x0000017f496a6670, 0x0000017f496a4810, 0x0000017f496a84d0,
0x0000017f496a6b80, 0x0000017f496a5c50, 0x0000017f4c19ca30, 0x0000017f4c19abd0
}

Java Threads: ( => current thread )
  0x0000017f64bd4790 JavaThread "main" [_thread_blocked, id=54368, stack(0x0000001068400000,0x0000001068500000)]
  0x0000017f02171140 JavaThread "Reference Handler" daemon [_thread_blocked, id=14504, stack(0x0000001068b00000,0x0000001068c00000)]
  0x0000017f02171b10 JavaThread "Finalizer" daemon [_thread_blocked, id=40848, stack(0x0000001068c00000,0x0000001068d00000)]
  0x0000017f0218d100 JavaThread "Signal Dispatcher" daemon [_thread_blocked, id=59096, stack(0x0000001068d00000,0x0000001068e00000)]
  0x0000017f0218f9e0 JavaThread "Attach Listener" daemon [_thread_blocked, id=65144, stack(0x0000001068e00000,0x0000001068f00000)]
  0x0000017f021982c0 JavaThread "Service Thread" daemon [_thread_blocked, id=58328, stack(0x0000001068f00000,0x0000001069000000)]
  0x0000017f0219a7b0 JavaThread "Monitor Deflation Thread" daemon [_thread_blocked, id=61672, stack(0x0000001069000000,0x0000001069100000)]
=>0x0000017f021a78e0 JavaThread "C2 CompilerThread0" daemon [_thread_in_native, id=53076, stack(0x0000001069100000,0x0000001069200000)]
  0x0000017f021a8e10 JavaThread "C1 CompilerThread0" daemon [_thread_blocked, id=56048, stack(0x0000001069200000,0x0000001069300000)]
  0x0000017f021b3330 JavaThread "Sweeper thread" daemon [_thread_blocked, id=7836, stack(0x0000001069300000,0x0000001069400000)]
  0x0000017f02393590 JavaThread "Common-Cleaner" daemon [_thread_blocked, id=55744, stack(0x0000001069400000,0x0000001069500000)]
  0x0000017f02471660 JavaThread "Notification Thread" daemon [_thread_blocked, id=48028, stack(0x0000001069500000,0x0000001069600000)]
  0x0000017f48fc9190 JavaThread "Daemon health stats" [_thread_blocked, id=15204, stack(0x0000001069c00000,0x0000001069d00000)]
  0x0000017f4a079830 JavaThread "Incoming local TCP Connector on port 52372" [_thread_in_native, id=60376, stack(0x0000001069d00000,0x0000001069e00000)]
  0x0000017f490e2810 JavaThread "Daemon periodic checks" [_thread_blocked, id=63496, stack(0x0000001069e00000,0x0000001069f00000)]
  0x0000017f49036800 JavaThread "Cache worker for journal cache (C:\Users\triar\.gradle\caches\journal-1)" [_thread_blocked, id=5856, stack(0x000000106a900000,0x000000106aa00000)]
  0x0000017f49037220 JavaThread "File lock request listener" [_thread_in_native, id=64988, stack(0x000000106aa00000,0x000000106ab00000)]
  0x0000017f49037730 JavaThread "Cache worker for file hash cache (C:\Users\triar\.gradle\caches\8.6\fileHashes)" [_thread_blocked, id=64364, stack(0x0000001069a00000,0x0000001069b00000)]
  0x0000017f496a3df0 JavaThread "File watcher server" daemon [_thread_in_native, id=16468, stack(0x000000106ab00000,0x000000106ac00000)]
  0x0000017f496a2ec0 JavaThread "File watcher consumer" daemon [_thread_blocked, id=42440, stack(0x000000106ac00000,0x000000106ad00000)]
  0x0000017f496a1060 JavaThread "Cache worker for file content cache (C:\Users\triar\.gradle\caches\8.6\fileContent)" [_thread_blocked, id=61048, stack(0x000000106b200000,0x000000106b300000)]
  0x0000017f496a38e0 JavaThread "jar transforms" [_thread_blocked, id=63396, stack(0x000000106b400000,0x000000106b500000)]
  0x0000017f496a4d20 JavaThread "jar transforms Thread 2" [_thread_blocked, id=58264, stack(0x000000106b500000,0x000000106b600000)]
  0x0000017f496a89e0 JavaThread "Memory manager" [_thread_blocked, id=58576, stack(0x000000106b700000,0x000000106b800000)]
  0x0000017f4af461b0 JavaThread "Cache worker for Java compile cache (C:\Users\triar\.gradle\caches\8.6\javaCompile)" [_thread_blocked, id=47316, stack(0x000000106c900000,0x000000106ca00000)]
  0x0000017f496a7fc0 JavaThread "Daemon Thread 7" [_thread_blocked, id=57012, stack(0x0000001068100000,0x0000001068200000)]
  0x0000017f496a7090 JavaThread "Handler for socket connection from /127.0.0.1:52372 to /127.0.0.1:56064" [_thread_in_native, id=63164, stack(0x0000001068200000,0x0000001068300000)]
  0x0000017f496a75a0 JavaThread "Cancel handler" [_thread_blocked, id=37980, stack(0x0000001068300000,0x0000001068400000)]
  0x0000017f496a7ab0 JavaThread "Daemon worker Thread 7" [_thread_in_Java, id=50316, stack(0x0000001069f00000,0x000000106a000000)]
  0x0000017f496a6670 JavaThread "Asynchronous log dispatcher for DefaultDaemonConnection: socket connection from /127.0.0.1:52372 to /127.0.0.1:56064" [_thread_blocked, id=18072, stack(0x000000106a000000,0x000000106a100000)]
  0x0000017f496a4810 JavaThread "Stdin handler" [_thread_blocked, id=70936, stack(0x000000106a100000,0x000000106a200000)]
  0x0000017f496a84d0 JavaThread "Daemon client event forwarder" [_thread_blocked, id=65832, stack(0x000000106a200000,0x000000106a300000)]
  0x0000017f496a6b80 JavaThread "Cache worker for checksums cache (C:\Program Files (x86)\Steam\steamapps\common\Mindustry\saves\mods\Aquarion\.gradle\8.6\checksums)" [_thread_blocked, id=12908, stack(0x000000106a300000,0x000000106a400000)]
  0x0000017f496a5c50 JavaThread "Cache worker for file hash cache (C:\Program Files (x86)\Steam\steamapps\common\Mindustry\saves\mods\Aquarion\.gradle\8.6\fileHashes)" [_thread_blocked, id=59088, stack(0x000000106a400000,0x000000106a500000)]
  0x0000017f4c19ca30 JavaThread "Cache worker for cache directory md-supplier (C:\Users\triar\.gradle\caches\8.6\md-supplier)" [_thread_blocked, id=15940, stack(0x000000106a500000,0x000000106a600000)]
  0x0000017f4c19abd0 JavaThread "Cache worker for cache directory md-rule (C:\Users\triar\.gradle\caches\8.6\md-rule)" [_thread_blocked, id=66992, stack(0x000000106ad00000,0x000000106ae00000)]

Other Threads:
  0x0000017f0216f090 VMThread "VM Thread" [stack: 0x0000001068a00000,0x0000001068b00000] [id=64524]
  0x0000017f64c54aa0 WatcherThread [stack: 0x0000001069600000,0x0000001069700000] [id=56664]
  0x0000017f64c1f820 GCTaskThread "GC Thread#0" [stack: 0x0000001068500000,0x0000001068600000] [id=61740]
  0x0000017f48064450 GCTaskThread "GC Thread#1" [stack: 0x0000001069700000,0x0000001069800000] [id=38504]
  0x0000017f02d63560 GCTaskThread "GC Thread#2" [stack: 0x0000001069800000,0x0000001069900000] [id=56388]
  0x0000017f48183c00 GCTaskThread "GC Thread#3" [stack: 0x0000001069900000,0x0000001069a00000] [id=15040]
  0x0000017f481823c0 GCTaskThread "GC Thread#4" [stack: 0x0000001069b00000,0x0000001069c00000] [id=58212]
  0x0000017f4942e670 GCTaskThread "GC Thread#5" [stack: 0x000000106a600000,0x000000106a700000] [id=63424]
  0x0000017f49230030 GCTaskThread "GC Thread#6" [stack: 0x000000106a700000,0x000000106a800000] [id=53572]
  0x0000017f495d5050 GCTaskThread "GC Thread#7" [stack: 0x000000106a800000,0x000000106a900000] [id=51364]
  0x0000017f64c49d20 ConcurrentGCThread "G1 Main Marker" [stack: 0x0000001068600000,0x0000001068700000] [id=8648]
  0x0000017f64c4ade0 ConcurrentGCThread "G1 Conc#0" [stack: 0x0000001068700000,0x0000001068800000] [id=9776]
  0x0000017f496e0eb0 ConcurrentGCThread "G1 Conc#1" [stack: 0x000000106af00000,0x000000106b000000] [id=50808]
  0x0000017f020220b0 ConcurrentGCThread "G1 Refine#0" [stack: 0x0000001068800000,0x0000001068900000] [id=61104]
  0x0000017f4a2e5b00 ConcurrentGCThread "G1 Refine#1" [stack: 0x000000106b300000,0x000000106b400000] [id=63492]
  0x0000017f02ef3e80 ConcurrentGCThread "G1 Refine#2" [stack: 0x000000106ce00000,0x000000106cf00000] [id=15932]
  0x0000017f02ef4a40 ConcurrentGCThread "G1 Refine#3" [stack: 0x000000106cf00000,0x000000106d000000] [id=55424]
  0x0000017f020229f0 ConcurrentGCThread "G1 Service" [stack: 0x0000001068900000,0x0000001068a00000] [id=49380]

Threads with active compile tasks:
C2 CompilerThread0  11791536 14815       4       java.lang.Class::privateGetPublicMethods (224 bytes)

VM state: not at safepoint (normal execution)

VM Mutex/Monitor currently owned by a thread: None

Heap address: 0x00000000a4200000, size: 1470 MB, Compressed Oops mode: 32-bit

CDS archive(s) mapped at: [0x0000017f03000000-0x0000017f03bd0000-0x0000017f03bd0000), size 12386304, SharedBaseAddress: 0x0000017f03000000, ArchiveRelocationMode: 1.
Compressed class space mapped at: 0x0000017f04000000-0x0000017f44000000, reserved size: 1073741824
Narrow klass base: 0x0000017f03000000, Narrow klass shift: 0, Narrow klass range: 0x100000000

GC Precious Log:
 CPUs: 8 total, 8 available
 Memory: 5877M
 Large Page Support: Disabled
 NUMA Support: Disabled
 Compressed Oops: Enabled (32-bit)
 Heap Region Size: 1M
 Heap Min Capacity: 8M
 Heap Initial Capacity: 92M
 Heap Max Capacity: 1470M
 Pre-touch: Disabled
 Parallel Workers: 8
 Concurrent Workers: 2
 Concurrent Refinement Workers: 8
 Periodic GC: Disabled

Heap:
 garbage-first heap   total 229376K, used 165129K [0x00000000a4200000, 0x0000000100000000)
  region size 1024K, 104 young (106496K), 3 survivors (3072K)
 Metaspace       used 64042K, committed 64576K, reserved 1114112K
  class space    used 8611K, committed 8896K, reserved 1048576K

Heap Regions: E=young(eden), S=young(survivor), O=old, HS=humongous(starts), HC=humongous(continues), CS=collection set, F=free, OA=open archive, CA=closed archive, TAMS=top-at-mark-start (previous, next)
|   0|0x00000000a4200000, 0x00000000a4300000, 0x00000000a4300000|100%|HS|  |TAMS 0x00000000a4300000, 0x00000000a4200000| Complete 
|   1|0x00000000a4300000, 0x00000000a4400000, 0x00000000a4400000|100%|HC|  |TAMS 0x00000000a4400000, 0x00000000a4300000| Complete 
|   2|0x00000000a4400000, 0x00000000a4500000, 0x00000000a4500000|100%|HC|  |TAMS 0x00000000a4500000, 0x00000000a4400000| Complete 
|   3|0x00000000a4500000, 0x00000000a4600000, 0x00000000a4600000|100%|HC|  |TAMS 0x00000000a4600000, 0x00000000a4500000| Complete 
|   4|0x00000000a4600000, 0x00000000a4700000, 0x00000000a4700000|100%| O|  |TAMS 0x00000000a4700000, 0x00000000a4600000| Untracked 
|   5|0x00000000a4700000, 0x00000000a47c9c00, 0x00000000a4800000| 78%| O|  |TAMS 0x00000000a47c9c00, 0x00000000a4700000| Untracked 
|   6|0x00000000a4800000, 0x00000000a4900000, 0x00000000a4900000|100%| O|  |TAMS 0x00000000a4900000, 0x00000000a4800000| Untracked 
|   7|0x00000000a4900000, 0x00000000a4a00000, 0x00000000a4a00000|100%| O|  |TAMS 0x00000000a4a00000, 0x00000000a4900000| Untracked 
|   8|0x00000000a4a00000, 0x00000000a4b00000, 0x00000000a4b00000|100%| O|  |TAMS 0x00000000a4b00000, 0x00000000a4a00000| Untracked 
|   9|0x00000000a4b00000, 0x00000000a4c00000, 0x00000000a4c00000|100%| O|  |TAMS 0x00000000a4c00000, 0x00000000a4b00000| Untracked 
|  10|0x00000000a4c00000, 0x00000000a4d00000, 0x00000000a4d00000|100%| O|  |TAMS 0x00000000a4d00000, 0x00000000a4c00000| Untracked 
|  11|0x00000000a4d00000, 0x00000000a4e00000, 0x00000000a4e00000|100%| O|  |TAMS 0x00000000a4e00000, 0x00000000a4d00000| Untracked 
|  12|0x00000000a4e00000, 0x00000000a4f00000, 0x00000000a4f00000|100%| O|  |TAMS 0x00000000a4f00000, 0x00000000a4e00000| Untracked 
|  13|0x00000000a4f00000, 0x00000000a5000000, 0x00000000a5000000|100%| O|  |TAMS 0x00000000a5000000, 0x00000000a4f00000| Untracked 
|  14|0x00000000a5000000, 0x00000000a5100000, 0x00000000a5100000|100%| O|  |TAMS 0x00000000a5100000, 0x00000000a5000000| Untracked 
|  15|0x00000000a5100000, 0x00000000a5200000, 0x00000000a5200000|100%| O|  |TAMS 0x00000000a5200000, 0x00000000a5100000| Untracked 
|  16|0x00000000a5200000, 0x00000000a5300000, 0x00000000a5300000|100%| O|  |TAMS 0x00000000a5300000, 0x00000000a5200000| Untracked 
|  17|0x00000000a5300000, 0x00000000a5400000, 0x00000000a5400000|100%| O|  |TAMS 0x00000000a5400000, 0x00000000a5300000| Untracked 
|  18|0x00000000a5400000, 0x00000000a5500000, 0x00000000a5500000|100%| O|  |TAMS 0x00000000a5500000, 0x00000000a5400000| Untracked 
|  19|0x00000000a5500000, 0x00000000a5600000, 0x00000000a5600000|100%| O|  |TAMS 0x00000000a5600000, 0x00000000a5500000| Untracked 
|  20|0x00000000a5600000, 0x00000000a5700000, 0x00000000a5700000|100%| O|  |TAMS 0x00000000a5700000, 0x00000000a5600000| Untracked 
|  21|0x00000000a5700000, 0x00000000a5800000, 0x00000000a5800000|100%| O|  |TAMS 0x00000000a5800000, 0x00000000a5700000| Untracked 
|  22|0x00000000a5800000, 0x00000000a5900000, 0x00000000a5900000|100%| O|  |TAMS 0x00000000a5900000, 0x00000000a5800000| Untracked 
|  23|0x00000000a5900000, 0x00000000a5a00000, 0x00000000a5a00000|100%| O|  |TAMS 0x00000000a5a00000, 0x00000000a5900000| Untracked 
|  24|0x00000000a5a00000, 0x00000000a5b00000, 0x00000000a5b00000|100%| O|  |TAMS 0x00000000a5b00000, 0x00000000a5a00000| Untracked 
|  25|0x00000000a5b00000, 0x00000000a5c00000, 0x00000000a5c00000|100%| O|  |TAMS 0x00000000a5c00000, 0x00000000a5b00000| Untracked 
|  26|0x00000000a5c00000, 0x00000000a5d00000, 0x00000000a5d00000|100%| O|  |TAMS 0x00000000a5d00000, 0x00000000a5c00000| Untracked 
|  27|0x00000000a5d00000, 0x00000000a5e00000, 0x00000000a5e00000|100%| O|  |TAMS 0x00000000a5e00000, 0x00000000a5d00000| Untracked 
|  28|0x00000000a5e00000, 0x00000000a5f00000, 0x00000000a5f00000|100%| O|  |TAMS 0x00000000a5f00000, 0x00000000a5e00000| Untracked 
|  29|0x00000000a5f00000, 0x00000000a6000000, 0x00000000a6000000|100%| O|  |TAMS 0x00000000a6000000, 0x00000000a5f00000| Untracked 
|  30|0x00000000a6000000, 0x00000000a6100000, 0x00000000a6100000|100%| O|  |TAMS 0x00000000a6100000, 0x00000000a6000000| Untracked 
|  31|0x00000000a6100000, 0x00000000a6200000, 0x00000000a6200000|100%| O|  |TAMS 0x00000000a6200000, 0x00000000a6100000| Untracked 
|  32|0x00000000a6200000, 0x00000000a6300000, 0x00000000a6300000|100%| O|  |TAMS 0x00000000a6300000, 0x00000000a6200000| Untracked 
|  33|0x00000000a6300000, 0x00000000a6400000, 0x00000000a6400000|100%| O|  |TAMS 0x00000000a6400000, 0x00000000a6300000| Untracked 
|  34|0x00000000a6400000, 0x00000000a6500000, 0x00000000a6500000|100%| O|  |TAMS 0x00000000a6500000, 0x00000000a6400000| Untracked 
|  35|0x00000000a6500000, 0x00000000a6600000, 0x00000000a6600000|100%| O|  |TAMS 0x00000000a6600000, 0x00000000a6500000| Untracked 
|  36|0x00000000a6600000, 0x00000000a6600000, 0x00000000a6700000|  0%| F|  |TAMS 0x00000000a6600000, 0x00000000a6600000| Untracked 
|  37|0x00000000a6700000, 0x00000000a6800000, 0x00000000a6800000|100%| O|  |TAMS 0x00000000a6800000, 0x00000000a6700000| Untracked 
|  38|0x00000000a6800000, 0x00000000a6900000, 0x00000000a6900000|100%|HS|  |TAMS 0x00000000a6800000, 0x00000000a6800000| Complete 
|  39|0x00000000a6900000, 0x00000000a6a00000, 0x00000000a6a00000|100%|HC|  |TAMS 0x00000000a6900000, 0x00000000a6900000| Complete 
|  40|0x00000000a6a00000, 0x00000000a6b00000, 0x00000000a6b00000|100%| O|  |TAMS 0x00000000a6b00000, 0x00000000a6a00000| Untracked 
|  41|0x00000000a6b00000, 0x00000000a6c00000, 0x00000000a6c00000|100%| O|  |TAMS 0x00000000a6c00000, 0x00000000a6b00000| Complete 
|  42|0x00000000a6c00000, 0x00000000a6d00000, 0x00000000a6d00000|100%| O|  |TAMS 0x00000000a6d00000, 0x00000000a6c00000| Untracked 
|  43|0x00000000a6d00000, 0x00000000a6e00000, 0x00000000a6e00000|100%| O|  |TAMS 0x00000000a6e00000, 0x00000000a6d00000| Untracked 
|  44|0x00000000a6e00000, 0x00000000a6f00000, 0x00000000a6f00000|100%| O|  |TAMS 0x00000000a6f00000, 0x00000000a6e00000| Untracked 
|  45|0x00000000a6f00000, 0x00000000a6f00000, 0x00000000a7000000|  0%| F|  |TAMS 0x00000000a6f00000, 0x00000000a6f00000| Untracked 
|  46|0x00000000a7000000, 0x00000000a7000000, 0x00000000a7100000|  0%| F|  |TAMS 0x00000000a7000000, 0x00000000a7000000| Untracked 
|  47|0x00000000a7100000, 0x00000000a7100000, 0x00000000a7200000|  0%| F|  |TAMS 0x00000000a7100000, 0x00000000a7100000| Untracked 
|  48|0x00000000a7200000, 0x00000000a7300000, 0x00000000a7300000|100%| O|  |TAMS 0x00000000a7300000, 0x00000000a7200000| Complete 
|  49|0x00000000a7300000, 0x00000000a7400000, 0x00000000a7400000|100%| O|  |TAMS 0x00000000a7400000, 0x00000000a7300000| Untracked 
|  50|0x00000000a7400000, 0x00000000a7500000, 0x00000000a7500000|100%| O|  |TAMS 0x00000000a7500000, 0x00000000a7400000| Untracked 
|  51|0x00000000a7500000, 0x00000000a7600000, 0x00000000a7600000|100%| O|  |TAMS 0x00000000a7600000, 0x00000000a7500000| Untracked 
|  52|0x00000000a7600000, 0x00000000a7700000, 0x00000000a7700000|100%| O|  |TAMS 0x00000000a7700000, 0x00000000a7600000| Complete 
|  53|0x00000000a7700000, 0x00000000a7700000, 0x00000000a7800000|  0%| F|  |TAMS 0x00000000a7700000, 0x00000000a7700000| Untracked 
|  54|0x00000000a7800000, 0x00000000a7900000, 0x00000000a7900000|100%| O|  |TAMS 0x00000000a7900000, 0x00000000a7800000| Untracked 
|  55|0x00000000a7900000, 0x00000000a7a00000, 0x00000000a7a00000|100%| O|  |TAMS 0x00000000a7a00000, 0x00000000a7900000| Untracked 
|  56|0x00000000a7a00000, 0x00000000a7b00000, 0x00000000a7b00000|100%| O|  |TAMS 0x00000000a7b00000, 0x00000000a7a00000| Untracked 
|  57|0x00000000a7b00000, 0x00000000a7c00000, 0x00000000a7c00000|100%| O|  |TAMS 0x00000000a7c00000, 0x00000000a7b00000| Untracked 
|  58|0x00000000a7c00000, 0x00000000a7c00000, 0x00000000a7d00000|  0%| F|  |TAMS 0x00000000a7c00000, 0x00000000a7c00000| Untracked 
|  59|0x00000000a7d00000, 0x00000000a7d00000, 0x00000000a7e00000|  0%| F|  |TAMS 0x00000000a7d00000, 0x00000000a7d00000| Untracked 
|  60|0x00000000a7e00000, 0x00000000a7f00000, 0x00000000a7f00000|100%| O|  |TAMS 0x00000000a7f00000, 0x00000000a7e00000| Complete 
|  61|0x00000000a7f00000, 0x00000000a8000000, 0x00000000a8000000|100%| O|  |TAMS 0x00000000a8000000, 0x00000000a7f00000| Untracked 
|  62|0x00000000a8000000, 0x00000000a8000000, 0x00000000a8100000|  0%| F|  |TAMS 0x00000000a8000000, 0x00000000a8000000| Untracked 
|  63|0x00000000a8100000, 0x00000000a8200000, 0x00000000a8200000|100%| O|  |TAMS 0x00000000a8200000, 0x00000000a8100000| Untracked 
|  64|0x00000000a8200000, 0x00000000a8200000, 0x00000000a8300000|  0%| F|  |TAMS 0x00000000a8200000, 0x00000000a8200000| Untracked 
|  65|0x00000000a8300000, 0x00000000a8400000, 0x00000000a8400000|100%| O|  |TAMS 0x00000000a8400000, 0x00000000a8300000| Untracked 
|  66|0x00000000a8400000, 0x00000000a8500000, 0x00000000a8500000|100%| O|  |TAMS 0x00000000a8500000, 0x00000000a8400000| Untracked 
|  67|0x00000000a8500000, 0x00000000a8500000, 0x00000000a8600000|  0%| F|  |TAMS 0x00000000a8500000, 0x00000000a8500000| Untracked 
|  68|0x00000000a8600000, 0x00000000a8700000, 0x00000000a8700000|100%| O|  |TAMS 0x00000000a8700000, 0x00000000a8600000| Untracked 
|  69|0x00000000a8700000, 0x00000000a8700000, 0x00000000a8800000|  0%| F|  |TAMS 0x00000000a8700000, 0x00000000a8700000| Untracked 
|  70|0x00000000a8800000, 0x00000000a8800000, 0x00000000a8900000|  0%| F|  |TAMS 0x00000000a8800000, 0x00000000a8800000| Untracked 
|  71|0x00000000a8900000, 0x00000000a8a00000, 0x00000000a8a00000|100%| O|  |TAMS 0x00000000a8a00000, 0x00000000a8900000| Untracked 
|  72|0x00000000a8a00000, 0x00000000a8a00000, 0x00000000a8b00000|  0%| F|  |TAMS 0x00000000a8a00000, 0x00000000a8a00000| Untracked 
|  73|0x00000000a8b00000, 0x00000000a8b00000, 0x00000000a8c00000|  0%| F|  |TAMS 0x00000000a8b00000, 0x00000000a8b00000| Untracked 
|  74|0x00000000a8c00000, 0x00000000a8c00000, 0x00000000a8d00000|  0%| F|  |TAMS 0x00000000a8c00000, 0x00000000a8c00000| Untracked 
|  75|0x00000000a8d00000, 0x00000000a8d00000, 0x00000000a8e00000|  0%| F|  |TAMS 0x00000000a8d00000, 0x00000000a8d00000| Untracked 
|  76|0x00000000a8e00000, 0x00000000a8e00000, 0x00000000a8f00000|  0%| F|  |TAMS 0x00000000a8e00000, 0x00000000a8e00000| Untracked 
|  77|0x00000000a8f00000, 0x00000000a8f00000, 0x00000000a9000000|  0%| F|  |TAMS 0x00000000a8f00000, 0x00000000a8f00000| Untracked 
|  78|0x00000000a9000000, 0x00000000a9000000, 0x00000000a9100000|  0%| F|  |TAMS 0x00000000a9000000, 0x00000000a9000000| Untracked 
|  79|0x00000000a9100000, 0x00000000a9100000, 0x00000000a9200000|  0%| F|  |TAMS 0x00000000a9100000, 0x00000000a9100000| Untracked 
|  80|0x00000000a9200000, 0x00000000a9200000, 0x00000000a9300000|  0%| F|  |TAMS 0x00000000a9200000, 0x00000000a9200000| Untracked 
|  81|0x00000000a9300000, 0x00000000a9300000, 0x00000000a9400000|  0%| F|  |TAMS 0x00000000a9300000, 0x00000000a9300000| Untracked 
|  82|0x00000000a9400000, 0x00000000a9400000, 0x00000000a9500000|  0%| F|  |TAMS 0x00000000a9400000, 0x00000000a9400000| Untracked 
|  83|0x00000000a9500000, 0x00000000a9500000, 0x00000000a9600000|  0%| F|  |TAMS 0x00000000a9500000, 0x00000000a9500000| Untracked 
|  84|0x00000000a9600000, 0x00000000a9600000, 0x00000000a9700000|  0%| F|  |TAMS 0x00000000a9600000, 0x00000000a9600000| Untracked 
|  85|0x00000000a9700000, 0x00000000a9700000, 0x00000000a9800000|  0%| F|  |TAMS 0x00000000a9700000, 0x00000000a9700000| Untracked 
|  86|0x00000000a9800000, 0x00000000a9800000, 0x00000000a9900000|  0%| F|  |TAMS 0x00000000a9800000, 0x00000000a9800000| Untracked 
|  87|0x00000000a9900000, 0x00000000a9900000, 0x00000000a9a00000|  0%| F|  |TAMS 0x00000000a9900000, 0x00000000a9900000| Untracked 
|  88|0x00000000a9a00000, 0x00000000a9a00000, 0x00000000a9b00000|  0%| F|  |TAMS 0x00000000a9a00000, 0x00000000a9a00000| Untracked 
|  89|0x00000000a9b00000, 0x00000000a9b00000, 0x00000000a9c00000|  0%| F|  |TAMS 0x00000000a9b00000, 0x00000000a9b00000| Untracked 
|  90|0x00000000a9c00000, 0x00000000a9c00000, 0x00000000a9d00000|  0%| F|  |TAMS 0x00000000a9c00000, 0x00000000a9c00000| Untracked 
|  91|0x00000000a9d00000, 0x00000000a9d00000, 0x00000000a9e00000|  0%| F|  |TAMS 0x00000000a9d00000, 0x00000000a9d00000| Untracked 
|  92|0x00000000a9e00000, 0x00000000a9e00000, 0x00000000a9f00000|  0%| F|  |TAMS 0x00000000a9e00000, 0x00000000a9e00000| Untracked 
|  93|0x00000000a9f00000, 0x00000000a9f00000, 0x00000000aa000000|  0%| F|  |TAMS 0x00000000a9f00000, 0x00000000a9f00000| Untracked 
|  94|0x00000000aa000000, 0x00000000aa000000, 0x00000000aa100000|  0%| F|  |TAMS 0x00000000aa000000, 0x00000000aa000000| Untracked 
|  95|0x00000000aa100000, 0x00000000aa100000, 0x00000000aa200000|  0%| F|  |TAMS 0x00000000aa100000, 0x00000000aa100000| Untracked 
|  96|0x00000000aa200000, 0x00000000aa200000, 0x00000000aa300000|  0%| F|  |TAMS 0x00000000aa200000, 0x00000000aa200000| Untracked 
|  97|0x00000000aa300000, 0x00000000aa300000, 0x00000000aa400000|  0%| F|  |TAMS 0x00000000aa300000, 0x00000000aa300000| Untracked 
|  98|0x00000000aa400000, 0x00000000aa400000, 0x00000000aa500000|  0%| F|  |TAMS 0x00000000aa400000, 0x00000000aa400000| Untracked 
|  99|0x00000000aa500000, 0x00000000aa500000, 0x00000000aa600000|  0%| F|  |TAMS 0x00000000aa500000, 0x00000000aa500000| Untracked 
| 100|0x00000000aa600000, 0x00000000aa600000, 0x00000000aa700000|  0%| F|  |TAMS 0x00000000aa600000, 0x00000000aa600000| Untracked 
| 101|0x00000000aa700000, 0x00000000aa700000, 0x00000000aa800000|  0%| F|  |TAMS 0x00000000aa700000, 0x00000000aa700000| Untracked 
| 102|0x00000000aa800000, 0x00000000aa800000, 0x00000000aa900000|  0%| F|  |TAMS 0x00000000aa800000, 0x00000000aa800000| Untracked 
| 103|0x00000000aa900000, 0x00000000aa900000, 0x00000000aaa00000|  0%| F|  |TAMS 0x00000000aa900000, 0x00000000aa900000| Untracked 
| 104|0x00000000aaa00000, 0x00000000aaa78948, 0x00000000aab00000| 47%| S|CS|TAMS 0x00000000aaa00000, 0x00000000aaa00000| Complete 
| 105|0x00000000aab00000, 0x00000000aac00000, 0x00000000aac00000|100%| S|CS|TAMS 0x00000000aab00000, 0x00000000aab00000| Complete 
| 106|0x00000000aac00000, 0x00000000aad00000, 0x00000000aad00000|100%| S|CS|TAMS 0x00000000aac00000, 0x00000000aac00000| Complete 
| 107|0x00000000aad00000, 0x00000000aad00000, 0x00000000aae00000|  0%| F|  |TAMS 0x00000000aad00000, 0x00000000aad00000| Untracked 
| 108|0x00000000aae00000, 0x00000000aae00000, 0x00000000aaf00000|  0%| F|  |TAMS 0x00000000aae00000, 0x00000000aae00000| Untracked 
| 109|0x00000000aaf00000, 0x00000000aaf00000, 0x00000000ab000000|  0%| F|  |TAMS 0x00000000aaf00000, 0x00000000aaf00000| Untracked 
| 110|0x00000000ab000000, 0x00000000ab000000, 0x00000000ab100000|  0%| F|  |TAMS 0x00000000ab000000, 0x00000000ab000000| Untracked 
| 111|0x00000000ab100000, 0x00000000ab100000, 0x00000000ab200000|  0%| F|  |TAMS 0x00000000ab100000, 0x00000000ab100000| Untracked 
| 112|0x00000000ab200000, 0x00000000ab200000, 0x00000000ab300000|  0%| F|  |TAMS 0x00000000ab200000, 0x00000000ab200000| Untracked 
| 113|0x00000000ab300000, 0x00000000ab300000, 0x00000000ab400000|  0%| F|  |TAMS 0x00000000ab300000, 0x00000000ab300000| Untracked 
| 114|0x00000000ab400000, 0x00000000ab400000, 0x00000000ab500000|  0%| F|  |TAMS 0x00000000ab400000, 0x00000000ab400000| Untracked 
| 115|0x00000000ab500000, 0x00000000ab500000, 0x00000000ab600000|  0%| F|  |TAMS 0x00000000ab500000, 0x00000000ab500000| Untracked 
| 116|0x00000000ab600000, 0x00000000ab600000, 0x00000000ab700000|  0%| F|  |TAMS 0x00000000ab600000, 0x00000000ab600000| Untracked 
| 117|0x00000000ab700000, 0x00000000ab700000, 0x00000000ab800000|  0%| F|  |TAMS 0x00000000ab700000, 0x00000000ab700000| Untracked 
| 118|0x00000000ab800000, 0x00000000ab800000, 0x00000000ab900000|  0%| F|  |TAMS 0x00000000ab800000, 0x00000000ab800000| Untracked 
| 119|0x00000000ab900000, 0x00000000ab900000, 0x00000000aba00000|  0%| F|  |TAMS 0x00000000ab900000, 0x00000000ab900000| Untracked 
| 120|0x00000000aba00000, 0x00000000aba00000, 0x00000000abb00000|  0%| F|  |TAMS 0x00000000aba00000, 0x00000000aba00000| Untracked 
| 121|0x00000000abb00000, 0x00000000abb00000, 0x00000000abc00000|  0%| F|  |TAMS 0x00000000abb00000, 0x00000000abb00000| Untracked 
| 122|0x00000000abc00000, 0x00000000abc00000, 0x00000000abd00000|  0%| F|  |TAMS 0x00000000abc00000, 0x00000000abc00000| Untracked 
| 123|0x00000000abd00000, 0x00000000abdaa128, 0x00000000abe00000| 66%| E|  |TAMS 0x00000000abd00000, 0x00000000abd00000| Complete 
| 124|0x00000000abe00000, 0x00000000abf00000, 0x00000000abf00000|100%| E|CS|TAMS 0x00000000abe00000, 0x00000000abe00000| Complete 
| 125|0x00000000abf00000, 0x00000000ac000000, 0x00000000ac000000|100%| E|CS|TAMS 0x00000000abf00000, 0x00000000abf00000| Complete 
| 126|0x00000000ac000000, 0x00000000ac100000, 0x00000000ac100000|100%| E|CS|TAMS 0x00000000ac000000, 0x00000000ac000000| Complete 
| 127|0x00000000ac100000, 0x00000000ac200000, 0x00000000ac200000|100%| E|CS|TAMS 0x00000000ac100000, 0x00000000ac100000| Complete 
| 128|0x00000000ac200000, 0x00000000ac300000, 0x00000000ac300000|100%| E|CS|TAMS 0x00000000ac200000, 0x00000000ac200000| Complete 
| 129|0x00000000ac300000, 0x00000000ac400000, 0x00000000ac400000|100%| E|CS|TAMS 0x00000000ac300000, 0x00000000ac300000| Complete 
| 130|0x00000000ac400000, 0x00000000ac500000, 0x00000000ac500000|100%| E|CS|TAMS 0x00000000ac400000, 0x00000000ac400000| Complete 
| 131|0x00000000ac500000, 0x00000000ac600000, 0x00000000ac600000|100%| E|  |TAMS 0x00000000ac500000, 0x00000000ac500000| Complete 
| 132|0x00000000ac600000, 0x00000000ac700000, 0x00000000ac700000|100%| E|CS|TAMS 0x00000000ac600000, 0x00000000ac600000| Complete 
| 133|0x00000000ac700000, 0x00000000ac800000, 0x00000000ac800000|100%| E|CS|TAMS 0x00000000ac700000, 0x00000000ac700000| Complete 
| 134|0x00000000ac800000, 0x00000000ac900000, 0x00000000ac900000|100%| E|CS|TAMS 0x00000000ac800000, 0x00000000ac800000| Complete 
| 135|0x00000000ac900000, 0x00000000aca00000, 0x00000000aca00000|100%| E|CS|TAMS 0x00000000ac900000, 0x00000000ac900000| Complete 
| 136|0x00000000aca00000, 0x00000000acb00000, 0x00000000acb00000|100%| E|CS|TAMS 0x00000000aca00000, 0x00000000aca00000| Complete 
| 137|0x00000000acb00000, 0x00000000acc00000, 0x00000000acc00000|100%| E|CS|TAMS 0x00000000acb00000, 0x00000000acb00000| Complete 
| 138|0x00000000acc00000, 0x00000000acd00000, 0x00000000acd00000|100%| E|CS|TAMS 0x00000000acc00000, 0x00000000acc00000| Complete 
| 139|0x00000000acd00000, 0x00000000ace00000, 0x00000000ace00000|100%| E|CS|TAMS 0x00000000acd00000, 0x00000000acd00000| Complete 
| 140|0x00000000ace00000, 0x00000000acf00000, 0x00000000acf00000|100%| E|CS|TAMS 0x00000000ace00000, 0x00000000ace00000| Complete 
| 141|0x00000000acf00000, 0x00000000ad000000, 0x00000000ad000000|100%| E|CS|TAMS 0x00000000acf00000, 0x00000000acf00000| Complete 
| 142|0x00000000ad000000, 0x00000000ad100000, 0x00000000ad100000|100%| E|CS|TAMS 0x00000000ad000000, 0x00000000ad000000| Complete 
| 143|0x00000000ad100000, 0x00000000ad200000, 0x00000000ad200000|100%| E|CS|TAMS 0x00000000ad100000, 0x00000000ad100000| Complete 
| 144|0x00000000ad200000, 0x00000000ad300000, 0x00000000ad300000|100%| E|CS|TAMS 0x00000000ad200000, 0x00000000ad200000| Complete 
| 145|0x00000000ad300000, 0x00000000ad400000, 0x00000000ad400000|100%| E|CS|TAMS 0x00000000ad300000, 0x00000000ad300000| Complete 
| 146|0x00000000ad400000, 0x00000000ad500000, 0x00000000ad500000|100%| E|CS|TAMS 0x00000000ad400000, 0x00000000ad400000| Complete 
| 147|0x00000000ad500000, 0x00000000ad600000, 0x00000000ad600000|100%| E|CS|TAMS 0x00000000ad500000, 0x00000000ad500000| Complete 
| 148|0x00000000ad600000, 0x00000000ad700000, 0x00000000ad700000|100%| E|CS|TAMS 0x00000000ad600000, 0x00000000ad600000| Complete 
| 149|0x00000000ad700000, 0x00000000ad800000, 0x00000000ad800000|100%| E|CS|TAMS 0x00000000ad700000, 0x00000000ad700000| Complete 
| 150|0x00000000ad800000, 0x00000000ad900000, 0x00000000ad900000|100%| E|CS|TAMS 0x00000000ad800000, 0x00000000ad800000| Complete 
| 151|0x00000000ad900000, 0x00000000ada00000, 0x00000000ada00000|100%| E|CS|TAMS 0x00000000ad900000, 0x00000000ad900000| Complete 
| 152|0x00000000ada00000, 0x00000000adb00000, 0x00000000adb00000|100%| E|CS|TAMS 0x00000000ada00000, 0x00000000ada00000| Complete 
| 153|0x00000000adb00000, 0x00000000adc00000, 0x00000000adc00000|100%| E|CS|TAMS 0x00000000adb00000, 0x00000000adb00000| Complete 
| 154|0x00000000adc00000, 0x00000000add00000, 0x00000000add00000|100%| E|CS|TAMS 0x00000000adc00000, 0x00000000adc00000| Complete 
| 155|0x00000000add00000, 0x00000000ade00000, 0x00000000ade00000|100%| E|CS|TAMS 0x00000000add00000, 0x00000000add00000| Complete 
| 156|0x00000000ade00000, 0x00000000adf00000, 0x00000000adf00000|100%| E|CS|TAMS 0x00000000ade00000, 0x00000000ade00000| Complete 
| 157|0x00000000adf00000, 0x00000000ae000000, 0x00000000ae000000|100%| E|CS|TAMS 0x00000000adf00000, 0x00000000adf00000| Complete 
| 158|0x00000000ae000000, 0x00000000ae100000, 0x00000000ae100000|100%| E|CS|TAMS 0x00000000ae000000, 0x00000000ae000000| Complete 
| 159|0x00000000ae100000, 0x00000000ae200000, 0x00000000ae200000|100%| E|CS|TAMS 0x00000000ae100000, 0x00000000ae100000| Complete 
| 160|0x00000000ae200000, 0x00000000ae300000, 0x00000000ae300000|100%| E|CS|TAMS 0x00000000ae200000, 0x00000000ae200000| Complete 
| 161|0x00000000ae300000, 0x00000000ae400000, 0x00000000ae400000|100%| E|CS|TAMS 0x00000000ae300000, 0x00000000ae300000| Complete 
| 162|0x00000000ae400000, 0x00000000ae500000, 0x00000000ae500000|100%| E|CS|TAMS 0x00000000ae400000, 0x00000000ae400000| Complete 
| 163|0x00000000ae500000, 0x00000000ae600000, 0x00000000ae600000|100%| E|CS|TAMS 0x00000000ae500000, 0x00000000ae500000| Complete 
| 164|0x00000000ae600000, 0x00000000ae700000, 0x00000000ae700000|100%| E|CS|TAMS 0x00000000ae600000, 0x00000000ae600000| Complete 
| 165|0x00000000ae700000, 0x00000000ae800000, 0x00000000ae800000|100%| E|CS|TAMS 0x00000000ae700000, 0x00000000ae700000| Complete 
| 166|0x00000000ae800000, 0x00000000ae900000, 0x00000000ae900000|100%| E|CS|TAMS 0x00000000ae800000, 0x00000000ae800000| Complete 
| 167|0x00000000ae900000, 0x00000000aea00000, 0x00000000aea00000|100%| E|CS|TAMS 0x00000000ae900000, 0x00000000ae900000| Complete 
| 168|0x00000000aea00000, 0x00000000aeb00000, 0x00000000aeb00000|100%| E|CS|TAMS 0x00000000aea00000, 0x00000000aea00000| Complete 
| 169|0x00000000aeb00000, 0x00000000aec00000, 0x00000000aec00000|100%| E|CS|TAMS 0x00000000aeb00000, 0x00000000aeb00000| Complete 
| 170|0x00000000aec00000, 0x00000000aed00000, 0x00000000aed00000|100%| E|CS|TAMS 0x00000000aec00000, 0x00000000aec00000| Complete 
| 171|0x00000000aed00000, 0x00000000aee00000, 0x00000000aee00000|100%| E|CS|TAMS 0x00000000aed00000, 0x00000000aed00000| Complete 
| 172|0x00000000aee00000, 0x00000000aef00000, 0x00000000aef00000|100%| E|CS|TAMS 0x00000000aee00000, 0x00000000aee00000| Complete 
| 173|0x00000000aef00000, 0x00000000af000000, 0x00000000af000000|100%| E|CS|TAMS 0x00000000aef00000, 0x00000000aef00000| Complete 
| 174|0x00000000af000000, 0x00000000af100000, 0x00000000af100000|100%| E|CS|TAMS 0x00000000af000000, 0x00000000af000000| Complete 
| 175|0x00000000af100000, 0x00000000af200000, 0x00000000af200000|100%| E|CS|TAMS 0x00000000af100000, 0x00000000af100000| Complete 
| 176|0x00000000af200000, 0x00000000af300000, 0x00000000af300000|100%| E|CS|TAMS 0x00000000af200000, 0x00000000af200000| Complete 
| 177|0x00000000af300000, 0x00000000af400000, 0x00000000af400000|100%| E|CS|TAMS 0x00000000af300000, 0x00000000af300000| Complete 
| 178|0x00000000af400000, 0x00000000af500000, 0x00000000af500000|100%| E|CS|TAMS 0x00000000af400000, 0x00000000af400000| Complete 
| 179|0x00000000af500000, 0x00000000af600000, 0x00000000af600000|100%| E|CS|TAMS 0x00000000af500000, 0x00000000af500000| Complete 
| 180|0x00000000af600000, 0x00000000af700000, 0x00000000af700000|100%| E|CS|TAMS 0x00000000af600000, 0x00000000af600000| Complete 
| 181|0x00000000af700000, 0x00000000af800000, 0x00000000af800000|100%| E|CS|TAMS 0x00000000af700000, 0x00000000af700000| Complete 
| 182|0x00000000af800000, 0x00000000af900000, 0x00000000af900000|100%| E|CS|TAMS 0x00000000af800000, 0x00000000af800000| Complete 
| 183|0x00000000af900000, 0x00000000afa00000, 0x00000000afa00000|100%| E|CS|TAMS 0x00000000af900000, 0x00000000af900000| Complete 
| 184|0x00000000afa00000, 0x00000000afb00000, 0x00000000afb00000|100%| E|CS|TAMS 0x00000000afa00000, 0x00000000afa00000| Complete 
| 185|0x00000000afb00000, 0x00000000afc00000, 0x00000000afc00000|100%| E|CS|TAMS 0x00000000afb00000, 0x00000000afb00000| Complete 
| 186|0x00000000afc00000, 0x00000000afd00000, 0x00000000afd00000|100%| E|CS|TAMS 0x00000000afc00000, 0x00000000afc00000| Complete 
| 187|0x00000000afd00000, 0x00000000afe00000, 0x00000000afe00000|100%| E|CS|TAMS 0x00000000afd00000, 0x00000000afd00000| Complete 
| 188|0x00000000afe00000, 0x00000000aff00000, 0x00000000aff00000|100%| E|CS|TAMS 0x00000000afe00000, 0x00000000afe00000| Complete 
| 189|0x00000000aff00000, 0x00000000b0000000, 0x00000000b0000000|100%| E|CS|TAMS 0x00000000aff00000, 0x00000000aff00000| Complete 
| 190|0x00000000b0000000, 0x00000000b0100000, 0x00000000b0100000|100%| E|CS|TAMS 0x00000000b0000000, 0x00000000b0000000| Complete 
| 191|0x00000000b0100000, 0x00000000b0200000, 0x00000000b0200000|100%| E|CS|TAMS 0x00000000b0100000, 0x00000000b0100000| Complete 
| 192|0x00000000b0200000, 0x00000000b0300000, 0x00000000b0300000|100%| E|CS|TAMS 0x00000000b0200000, 0x00000000b0200000| Complete 
| 193|0x00000000b0300000, 0x00000000b0400000, 0x00000000b0400000|100%| E|CS|TAMS 0x00000000b0300000, 0x00000000b0300000| Complete 
| 194|0x00000000b0400000, 0x00000000b0500000, 0x00000000b0500000|100%| E|CS|TAMS 0x00000000b0400000, 0x00000000b0400000| Complete 
| 195|0x00000000b0500000, 0x00000000b0600000, 0x00000000b0600000|100%| E|CS|TAMS 0x00000000b0500000, 0x00000000b0500000| Complete 
| 196|0x00000000b0600000, 0x00000000b0700000, 0x00000000b0700000|100%| E|CS|TAMS 0x00000000b0600000, 0x00000000b0600000| Complete 
| 197|0x00000000b0700000, 0x00000000b0800000, 0x00000000b0800000|100%| E|CS|TAMS 0x00000000b0700000, 0x00000000b0700000| Complete 
| 198|0x00000000b0800000, 0x00000000b0900000, 0x00000000b0900000|100%| E|CS|TAMS 0x00000000b0800000, 0x00000000b0800000| Complete 
| 199|0x00000000b0900000, 0x00000000b0a00000, 0x00000000b0a00000|100%| E|CS|TAMS 0x00000000b0900000, 0x00000000b0900000| Complete 
| 200|0x00000000b0a00000, 0x00000000b0b00000, 0x00000000b0b00000|100%| E|CS|TAMS 0x00000000b0a00000, 0x00000000b0a00000| Complete 
| 201|0x00000000b0b00000, 0x00000000b0c00000, 0x00000000b0c00000|100%| E|CS|TAMS 0x00000000b0b00000, 0x00000000b0b00000| Complete 
| 202|0x00000000b0c00000, 0x00000000b0d00000, 0x00000000b0d00000|100%| E|CS|TAMS 0x00000000b0c00000, 0x00000000b0c00000| Complete 
| 203|0x00000000b0d00000, 0x00000000b0e00000, 0x00000000b0e00000|100%| E|CS|TAMS 0x00000000b0d00000, 0x00000000b0d00000| Complete 
| 204|0x00000000b0e00000, 0x00000000b0f00000, 0x00000000b0f00000|100%| E|CS|TAMS 0x00000000b0e00000, 0x00000000b0e00000| Complete 
| 205|0x00000000b0f00000, 0x00000000b1000000, 0x00000000b1000000|100%| E|CS|TAMS 0x00000000b0f00000, 0x00000000b0f00000| Complete 
| 206|0x00000000b1000000, 0x00000000b1100000, 0x00000000b1100000|100%| E|CS|TAMS 0x00000000b1000000, 0x00000000b1000000| Complete 
| 207|0x00000000b1100000, 0x00000000b1200000, 0x00000000b1200000|100%| E|CS|TAMS 0x00000000b1100000, 0x00000000b1100000| Complete 
| 208|0x00000000b1200000, 0x00000000b1300000, 0x00000000b1300000|100%| E|CS|TAMS 0x00000000b1200000, 0x00000000b1200000| Complete 
| 209|0x00000000b1300000, 0x00000000b1400000, 0x00000000b1400000|100%| E|CS|TAMS 0x00000000b1300000, 0x00000000b1300000| Complete 
| 210|0x00000000b1400000, 0x00000000b1500000, 0x00000000b1500000|100%| E|CS|TAMS 0x00000000b1400000, 0x00000000b1400000| Complete 
| 211|0x00000000b1500000, 0x00000000b1600000, 0x00000000b1600000|100%| E|CS|TAMS 0x00000000b1500000, 0x00000000b1500000| Complete 
| 212|0x00000000b1600000, 0x00000000b1700000, 0x00000000b1700000|100%| E|CS|TAMS 0x00000000b1600000, 0x00000000b1600000| Complete 
| 213|0x00000000b1700000, 0x00000000b1800000, 0x00000000b1800000|100%| E|CS|TAMS 0x00000000b1700000, 0x00000000b1700000| Complete 
| 214|0x00000000b1800000, 0x00000000b1900000, 0x00000000b1900000|100%| E|CS|TAMS 0x00000000b1800000, 0x00000000b1800000| Complete 
| 215|0x00000000b1900000, 0x00000000b1a00000, 0x00000000b1a00000|100%| E|CS|TAMS 0x00000000b1900000, 0x00000000b1900000| Complete 
| 216|0x00000000b1a00000, 0x00000000b1b00000, 0x00000000b1b00000|100%| E|CS|TAMS 0x00000000b1a00000, 0x00000000b1a00000| Complete 
| 217|0x00000000b1b00000, 0x00000000b1c00000, 0x00000000b1c00000|100%| E|CS|TAMS 0x00000000b1b00000, 0x00000000b1b00000| Complete 
| 218|0x00000000b1c00000, 0x00000000b1d00000, 0x00000000b1d00000|100%| E|CS|TAMS 0x00000000b1c00000, 0x00000000b1c00000| Complete 
| 219|0x00000000b1d00000, 0x00000000b1e00000, 0x00000000b1e00000|100%| E|CS|TAMS 0x00000000b1d00000, 0x00000000b1d00000| Complete 
| 220|0x00000000b1e00000, 0x00000000b1f00000, 0x00000000b1f00000|100%| E|CS|TAMS 0x00000000b1e00000, 0x00000000b1e00000| Complete 
| 221|0x00000000b1f00000, 0x00000000b2000000, 0x00000000b2000000|100%| E|CS|TAMS 0x00000000b1f00000, 0x00000000b1f00000| Complete 
| 222|0x00000000b2000000, 0x00000000b2100000, 0x00000000b2100000|100%| E|CS|TAMS 0x00000000b2000000, 0x00000000b2000000| Complete 
| 428|0x00000000bee00000, 0x00000000bef00000, 0x00000000bef00000|100%| E|CS|TAMS 0x00000000bee00000, 0x00000000bee00000| Complete 

Card table byte_map: [0x0000017f7c2b0000,0x0000017f7c590000] _byte_map_base: 0x0000017f7bd8f000

Marking Bits (Prev, Next): (CMBitMap*) 0x0000017f64c1fd90, (CMBitMap*) 0x0000017f64c1fd50
 Prev Bits: [0x0000017f7df70000, 0x0000017f7f668000)
 Next Bits: [0x0000017f7c870000, 0x0000017f7df68000)

Polling page: 0x0000017f64ca0000

Metaspace:

Usage:
  Non-class:     54.13 MB used.
      Class:      8.41 MB used.
       Both:     62.54 MB used.

Virtual space:
  Non-class space:       64.00 MB reserved,      54.38 MB ( 85%) committed,  1 nodes.
      Class space:        1.00 GB reserved,       8.69 MB ( <1%) committed,  1 nodes.
             Both:        1.06 GB reserved,      63.06 MB (  6%) committed. 

Chunk freelists:
   Non-Class:  9.20 MB
       Class:  7.32 MB
        Both:  16.52 MB

MaxMetaspaceSize: unlimited
CompressedClassSpaceSize: 1.00 GB
Initial GC threshold: 21.00 MB
Current GC threshold: 104.94 MB
CDS: on
MetaspaceReclaimPolicy: balanced
 - commit_granule_bytes: 65536.
 - commit_granule_words: 8192.
 - virtual_space_node_default_size: 8388608.
 - enlarge_chunks_in_place: 1.
 - new_chunks_are_fully_committed: 0.
 - uncommit_free_chunks: 1.
 - use_allocation_guard: 0.
 - handle_deallocations: 1.


Internal statistics:

num_allocs_failed_limit: 6.
num_arena_births: 846.
num_arena_deaths: 248.
num_vsnodes_births: 2.
num_vsnodes_deaths: 0.
num_space_committed: 1009.
num_space_uncommitted: 0.
num_chunks_returned_to_freelist: 320.
num_chunks_taken_from_freelist: 3620.
num_chunk_merges: 76.
num_chunk_splits: 2247.
num_chunks_enlarged: 1464.
num_inconsistent_stats: 0.

CodeHeap 'non-profiled nmethods': size=120000Kb used=8816Kb max_used=8816Kb free=111183Kb
 bounds [0x0000017f74040000, 0x0000017f748e0000, 0x0000017f7b570000]
CodeHeap 'profiled nmethods': size=120000Kb used=21879Kb max_used=21879Kb free=98120Kb
 bounds [0x0000017f6c570000, 0x0000017f6dad0000, 0x0000017f73aa0000]
CodeHeap 'non-nmethods': size=5760Kb used=2344Kb max_used=2399Kb free=3415Kb
 bounds [0x0000017f73aa0000, 0x0000017f73d10000, 0x0000017f74040000]
 total_blobs=12455 nmethods=11591 adapters=773
 compilation: enabled
              stopped_count=0, restarted_count=0
 full_count=0

Compilation events (20 events):
Event: 11790.375 Thread 0x0000017f021a8e10 14819       3       org.apache.commons.lang.text.StrBuilder::append (18 bytes)
Event: 11790.379 Thread 0x0000017f021a8e10 nmethod 14819 0x0000017f6dac9110 code [0x0000017f6dac92e0, 0x0000017f6dac9668]
Event: 11790.379 Thread 0x0000017f021a8e10 14821       3       org.gradle.api.internal.collections.DefaultCollectionEventRegister::isSubscribed (66 bytes)
Event: 11790.382 Thread 0x0000017f021a8e10 nmethod 14821 0x0000017f6dac9790 code [0x0000017f6dac99a0, 0x0000017f6daca058]
Event: 11790.382 Thread 0x0000017f021a8e10 14820       3       org.gradle.api.internal.DefaultNamedDomainObjectCollection$AbstractDomainObjectCreatingProvider::configure (91 bytes)
Event: 11790.396 Thread 0x0000017f021a8e10 nmethod 14820 0x0000017f6daca210 code [0x0000017f6daca480, 0x0000017f6dacb068]
Event: 11790.397 Thread 0x0000017f021a8e10 14822       3       org.gradle.api.internal.project.DefaultProject::getGradle (15 bytes)
Event: 11790.405 Thread 0x0000017f021a8e10 nmethod 14822 0x0000017f6dacb410 code [0x0000017f6dacb5e0, 0x0000017f6dacbb48]
Event: 11790.405 Thread 0x0000017f021a8e10 14823       3       org.gradle.api.internal.project.DefaultCrossProjectModelAccess::gradleInstanceForProject (2 bytes)
Event: 11790.406 Thread 0x0000017f021a8e10 nmethod 14823 0x0000017f6dacbd10 code [0x0000017f6dacbea0, 0x0000017f6dacbfb8]
Event: 11790.429 Thread 0x0000017f021a8e10 14824       3       org.gradle.model.internal.core.ModelPath::compareTo (19 bytes)
Event: 11790.431 Thread 0x0000017f021a8e10 nmethod 14824 0x0000017f6dacc090 code [0x0000017f6dacc240, 0x0000017f6dacc3e8]
Event: 11790.520 Thread 0x0000017f021a8e10 14826       3       groovyjarjarasm.asm.ByteVector::put122 (93 bytes)
Event: 11790.522 Thread 0x0000017f021a8e10 nmethod 14826 0x0000017f6dacc510 code [0x0000017f6dacc6c0, 0x0000017f6dacc948]
Event: 11790.527 Thread 0x0000017f021a8e10 14827       3       groovyjarjarasm.asm.Frame::<init> (10 bytes)
Event: 11790.528 Thread 0x0000017f021a8e10 nmethod 14827 0x0000017f6daccb10 code [0x0000017f6daccca0, 0x0000017f6dacce58]
Event: 11790.528 Thread 0x0000017f021a8e10 14828       3       groovyjarjarasm.asm.MethodWriter::visitLabel (328 bytes)
Event: 11790.535 Thread 0x0000017f021a8e10 nmethod 14828 0x0000017f6daccf10 code [0x0000017f6dacd180, 0x0000017f6dacdf08]
Event: 11790.535 Thread 0x0000017f021a8e10 14829       3       groovyjarjarasm.asm.Frame::pop (53 bytes)
Event: 11790.537 Thread 0x0000017f021a8e10 nmethod 14829 0x0000017f6dace190 code [0x0000017f6dace3e0, 0x0000017f6dacebb8]

GC Heap History (20 events):
Event: 5442.985 GC heap before
{Heap before GC invocations=50 (full 0):
 garbage-first heap   total 252928K, used 93437K [0x00000000a4200000, 0x0000000100000000)
  region size 1024K, 26 young (26624K), 1 survivors (1024K)
 Metaspace       used 63137K, committed 63744K, reserved 1114112K
  class space    used 8596K, committed 8896K, reserved 1048576K
}
Event: 5443.106 GC heap after
{Heap after GC invocations=51 (full 0):
 garbage-first heap   total 252928K, used 68828K [0x00000000a4200000, 0x0000000100000000)
  region size 1024K, 1 young (1024K), 1 survivors (1024K)
 Metaspace       used 63137K, committed 63744K, reserved 1114112K
  class space    used 8596K, committed 8896K, reserved 1048576K
}
Event: 5544.086 GC heap before
{Heap before GC invocations=52 (full 0):
 garbage-first heap   total 229376K, used 85212K [0x00000000a4200000, 0x0000000100000000)
  region size 1024K, 19 young (19456K), 1 survivors (1024K)
 Metaspace       used 63322K, committed 63872K, reserved 1114112K
  class space    used 8599K, committed 8896K, reserved 1048576K
}
Event: 5544.113 GC heap after
{Heap after GC invocations=53 (full 0):
 garbage-first heap   total 229376K, used 69959K [0x00000000a4200000, 0x0000000100000000)
  region size 1024K, 3 young (3072K), 3 survivors (3072K)
 Metaspace       used 63322K, committed 63872K, reserved 1114112K
  class space    used 8599K, committed 8896K, reserved 1048576K
}
Event: 5545.557 GC heap before
{Heap before GC invocations=53 (full 0):
 garbage-first heap   total 229376K, used 79175K [0x00000000a4200000, 0x0000000100000000)
  region size 1024K, 11 young (11264K), 3 survivors (3072K)
 Metaspace       used 63352K, committed 63936K, reserved 1114112K
  class space    used 8600K, committed 8896K, reserved 1048576K
}
Event: 5545.600 GC heap after
{Heap after GC invocations=54 (full 0):
 garbage-first heap   total 229376K, used 66597K [0x00000000a4200000, 0x0000000100000000)
  region size 1024K, 2 young (2048K), 2 survivors (2048K)
 Metaspace       used 63352K, committed 63936K, reserved 1114112K
  class space    used 8600K, committed 8896K, reserved 1048576K
}
Event: 5547.834 GC heap before
{Heap before GC invocations=54 (full 0):
 garbage-first heap   total 229376K, used 90149K [0x00000000a4200000, 0x0000000100000000)
  region size 1024K, 25 young (25600K), 2 survivors (2048K)
 Metaspace       used 63420K, committed 63936K, reserved 1114112K
  class space    used 8603K, committed 8896K, reserved 1048576K
}
Event: 5547.852 GC heap after
{Heap after GC invocations=55 (full 0):
 garbage-first heap   total 229376K, used 71126K [0x00000000a4200000, 0x0000000100000000)
  region size 1024K, 4 young (4096K), 4 survivors (4096K)
 Metaspace       used 63420K, committed 63936K, reserved 1114112K
  class space    used 8603K, committed 8896K, reserved 1048576K
}
Event: 5548.233 GC heap before
{Heap before GC invocations=56 (full 0):
 garbage-first heap   total 229376K, used 78294K [0x00000000a4200000, 0x0000000100000000)
  region size 1024K, 12 young (12288K), 4 survivors (4096K)
 Metaspace       used 63440K, committed 64000K, reserved 1114112K
  class space    used 8604K, committed 8896K, reserved 1048576K
}
Event: 5548.241 GC heap after
{Heap after GC invocations=57 (full 0):
 garbage-first heap   total 229376K, used 71746K [0x00000000a4200000, 0x0000000100000000)
  region size 1024K, 1 young (1024K), 1 survivors (1024K)
 Metaspace       used 63440K, committed 64000K, reserved 1114112K
  class space    used 8604K, committed 8896K, reserved 1048576K
}
Event: 5553.027 GC heap before
{Heap before GC invocations=57 (full 0):
 garbage-first heap   total 229376K, used 81986K [0x00000000a4200000, 0x0000000100000000)
  region size 1024K, 11 young (11264K), 1 survivors (1024K)
 Metaspace       used 63440K, committed 64000K, reserved 1114112K
  class space    used 8604K, committed 8896K, reserved 1048576K
}
Event: 5553.088 GC heap after
{Heap after GC invocations=58 (full 0):
 garbage-first heap   total 229376K, used 70453K [0x00000000a4200000, 0x0000000100000000)
  region size 1024K, 1 young (1024K), 1 survivors (1024K)
 Metaspace       used 63440K, committed 64000K, reserved 1114112K
  class space    used 8604K, committed 8896K, reserved 1048576K
}
Event: 5825.990 GC heap before
{Heap before GC invocations=58 (full 0):
 garbage-first heap   total 229376K, used 112437K [0x00000000a4200000, 0x0000000100000000)
  region size 1024K, 43 young (44032K), 1 survivors (1024K)
 Metaspace       used 63556K, committed 64128K, reserved 1114112K
  class space    used 8607K, committed 8896K, reserved 1048576K
}
Event: 5826.034 GC heap after
{Heap after GC invocations=59 (full 0):
 garbage-first heap   total 229376K, used 71952K [0x00000000a4200000, 0x0000000100000000)
  region size 1024K, 3 young (3072K), 3 survivors (3072K)
 Metaspace       used 63556K, committed 64128K, reserved 1114112K
  class space    used 8607K, committed 8896K, reserved 1048576K
}
Event: 5842.064 GC heap before
{Heap before GC invocations=60 (full 0):
 garbage-first heap   total 229376K, used 137488K [0x00000000a4200000, 0x0000000100000000)
  region size 1024K, 68 young (69632K), 3 survivors (3072K)
 Metaspace       used 63647K, committed 64192K, reserved 1114112K
  class space    used 8607K, committed 8896K, reserved 1048576K
}
Event: 5842.067 GC heap after
{Heap after GC invocations=61 (full 0):
 garbage-first heap   total 229376K, used 71804K [0x00000000a4200000, 0x0000000100000000)
  region size 1024K, 3 young (3072K), 3 survivors (3072K)
 Metaspace       used 63647K, committed 64192K, reserved 1114112K
  class space    used 8607K, committed 8896K, reserved 1048576K
}
Event: 6148.963 GC heap before
{Heap before GC invocations=61 (full 0):
 garbage-first heap   total 229376K, used 78972K [0x00000000a4200000, 0x0000000100000000)
  region size 1024K, 11 young (11264K), 3 survivors (3072K)
 Metaspace       used 63649K, committed 64192K, reserved 1114112K
  class space    used 8607K, committed 8896K, reserved 1048576K
}
Event: 6149.043 GC heap after
{Heap after GC invocations=62 (full 0):
 garbage-first heap   total 229376K, used 59613K [0x00000000a4200000, 0x0000000100000000)
  region size 1024K, 1 young (1024K), 1 survivors (1024K)
 Metaspace       used 63649K, committed 64192K, reserved 1114112K
  class space    used 8607K, committed 8896K, reserved 1048576K
}
Event: 11656.891 GC heap before
{Heap before GC invocations=62 (full 0):
 garbage-first heap   total 229376K, used 177373K [0x00000000a4200000, 0x0000000100000000)
  region size 1024K, 117 young (119808K), 1 survivors (1024K)
 Metaspace       used 63856K, committed 64448K, reserved 1114112K
  class space    used 8629K, committed 8896K, reserved 1048576K
}
Event: 11657.014 GC heap after
{Heap after GC invocations=63 (full 0):
 garbage-first heap   total 229376K, used 61705K [0x00000000a4200000, 0x0000000100000000)
  region size 1024K, 3 young (3072K), 3 survivors (3072K)
 Metaspace       used 63856K, committed 64448K, reserved 1114112K
  class space    used 8629K, committed 8896K, reserved 1048576K
}

Deoptimization events (20 events):
Event: 11661.987 Thread 0x0000017f4af48a30 DEOPT PACKING pc=0x0000017f7448659c sp=0x000000106b1f91b0
Event: 11661.987 Thread 0x0000017f4af48a30 DEOPT UNPACKING pc=0x0000017f73af23a3 sp=0x000000106b1f9148 mode 2
Event: 11662.274 Thread 0x0000017f4af48a30 DEOPT PACKING pc=0x0000017f6c5e7ab1 sp=0x000000106b1fbc20
Event: 11662.274 Thread 0x0000017f4af48a30 DEOPT UNPACKING pc=0x0000017f73af2b43 sp=0x000000106b1fb158 mode 0
Event: 11684.268 Thread 0x0000017f4c19cf40 Uncommon trap: trap_request=0xffffffbe fr.pc=0x0000017f744a7460 relative=0x0000000000000240
Event: 11684.269 Thread 0x0000017f4c19cf40 Uncommon trap: reason=profile_predicate action=maybe_recompile pc=0x0000017f744a7460 method=java.util.Collections.indexedBinarySearch(Ljava/util/List;Ljava/lang/Object;)I @ 13 c2
Event: 11684.270 Thread 0x0000017f4c19cf40 DEOPT PACKING pc=0x0000017f744a7460 sp=0x000000106bdfe980
Event: 11684.271 Thread 0x0000017f4c19cf40 DEOPT UNPACKING pc=0x0000017f73af23a3 sp=0x000000106bdfe8a8 mode 2
Event: 11684.272 Thread 0x0000017f4c19cf40 Uncommon trap: trap_request=0xffffffbe fr.pc=0x0000017f7448e080 relative=0x0000000000000260
Event: 11684.272 Thread 0x0000017f4c19cf40 Uncommon trap: reason=profile_predicate action=maybe_recompile pc=0x0000017f7448e080 method=java.util.Collections.indexedBinarySearch(Ljava/util/List;Ljava/lang/Object;)I @ 13 c2
Event: 11684.272 Thread 0x0000017f4c19cf40 DEOPT PACKING pc=0x0000017f7448e080 sp=0x000000106bdfe970
Event: 11684.272 Thread 0x0000017f4c19cf40 DEOPT UNPACKING pc=0x0000017f73af23a3 sp=0x000000106bdfe8f0 mode 2
Event: 11684.520 Thread 0x0000017f4af45ca0 Uncommon trap: trap_request=0xfffffff4 fr.pc=0x0000017f746c15b0 relative=0x0000000000001110
Event: 11684.525 Thread 0x0000017f4af45ca0 Uncommon trap: reason=null_check action=make_not_entrant pc=0x0000017f746c15b0 method=java.text.DateFormatSymbols.initializeData(Ljava/util/Locale;)V @ 21 c2
Event: 11684.525 Thread 0x0000017f4af45ca0 DEOPT PACKING pc=0x0000017f746c15b0 sp=0x0000001069ffe220
Event: 11684.526 Thread 0x0000017f4af45ca0 DEOPT UNPACKING pc=0x0000017f73af23a3 sp=0x0000001069ffe1c8 mode 2
Event: 11789.409 Thread 0x0000017f496a7ab0 DEOPT PACKING pc=0x0000017f6cd7dad9 sp=0x0000001069ffa8b0
Event: 11789.411 Thread 0x0000017f496a7ab0 DEOPT UNPACKING pc=0x0000017f73af2b43 sp=0x0000001069ff9da8 mode 0
Event: 11789.640 Thread 0x0000017f496a7ab0 DEOPT PACKING pc=0x0000017f6cf5a348 sp=0x0000001069ff8770
Event: 11789.640 Thread 0x0000017f496a7ab0 DEOPT UNPACKING pc=0x0000017f73af2b43 sp=0x0000001069ff7c88 mode 0

Classes unloaded (20 events):
Event: 11657.609 Thread 0x0000017f0216f090 Unloading class 0x0000017f040d0000 'java/lang/invoke/LambdaForm$MH+0x0000017f040d0000'
Event: 11657.609 Thread 0x0000017f0216f090 Unloading class 0x0000017f040d0800 'java/lang/invoke/LambdaForm$MH+0x0000017f040d0800'
Event: 11657.609 Thread 0x0000017f0216f090 Unloading class 0x0000017f04100400 'java/lang/invoke/LambdaForm$MH+0x0000017f04100400'
Event: 11657.609 Thread 0x0000017f0216f090 Unloading class 0x0000017f041cd400 'java/lang/invoke/LambdaForm$MH+0x0000017f041cd400'
Event: 11657.609 Thread 0x0000017f0216f090 Unloading class 0x0000017f041cf800 'java/lang/invoke/LambdaForm$MH+0x0000017f041cf800'
Event: 11657.609 Thread 0x0000017f0216f090 Unloading class 0x0000017f043d0c00 'java/lang/invoke/LambdaForm$MH+0x0000017f043d0c00'
Event: 11657.610 Thread 0x0000017f0216f090 Unloading class 0x0000017f0458d400 'java/lang/invoke/LambdaForm$MH+0x0000017f0458d400'
Event: 11657.610 Thread 0x0000017f0216f090 Unloading class 0x0000017f0458e000 'java/lang/invoke/LambdaForm$MH+0x0000017f0458e000'
Event: 11657.610 Thread 0x0000017f0216f090 Unloading class 0x0000017f04818800 'java/lang/invoke/LambdaForm$MH+0x0000017f04818800'
Event: 11657.610 Thread 0x0000017f0216f090 Unloading class 0x0000017f0402a000 'java/lang/invoke/LambdaForm$MH+0x0000017f0402a000'
Event: 11657.610 Thread 0x0000017f0216f090 Unloading class 0x0000017f043d1800 'java/lang/invoke/LambdaForm$MH+0x0000017f043d1800'
Event: 11657.610 Thread 0x0000017f0216f090 Unloading class 0x0000017f0454e400 'java/lang/invoke/LambdaForm$MH+0x0000017f0454e400'
Event: 11657.610 Thread 0x0000017f0216f090 Unloading class 0x0000017f04551000 'java/lang/invoke/LambdaForm$MH+0x0000017f04551000'
Event: 11657.610 Thread 0x0000017f0216f090 Unloading class 0x0000017f04551800 'java/lang/invoke/LambdaForm$MH+0x0000017f04551800'
Event: 11657.610 Thread 0x0000017f0216f090 Unloading class 0x0000017f04552000 'java/lang/invoke/LambdaForm$MH+0x0000017f04552000'
Event: 11657.610 Thread 0x0000017f0216f090 Unloading class 0x0000017f04552800 'java/lang/invoke/LambdaForm$MH+0x0000017f04552800'
Event: 11657.610 Thread 0x0000017f0216f090 Unloading class 0x0000017f04553000 'java/lang/invoke/LambdaForm$MH+0x0000017f04553000'
Event: 11657.610 Thread 0x0000017f0216f090 Unloading class 0x0000017f04553800 'java/lang/invoke/LambdaForm$MH+0x0000017f04553800'
Event: 11657.610 Thread 0x0000017f0216f090 Unloading class 0x0000017f04554000 'java/lang/invoke/LambdaForm$BMH+0x0000017f04554000'
Event: 11657.610 Thread 0x0000017f0216f090 Unloading class 0x0000017f048ac000 'org/gradle/api/Script$apply'

Classes redefined (0 events):
No events

Internal exceptions (20 events):
Event: 11661.579 Thread 0x0000017f4af48a30 Exception <a 'sun/nio/fs/WindowsException'{0x00000000af66a998}> (0x00000000af66a998) 
thrown [s\open\src\hotspot\share\prims\jni.cpp, line 516]
Event: 11661.596 Thread 0x0000017f4af48a30 Exception <a 'sun/nio/fs/WindowsException'{0x00000000af674478}> (0x00000000af674478) 
thrown [s\open\src\hotspot\share\prims\jni.cpp, line 516]
Event: 11661.616 Thread 0x0000017f4af48a30 Exception <a 'sun/nio/fs/WindowsException'{0x00000000af685908}> (0x00000000af685908) 
thrown [s\open\src\hotspot\share\prims\jni.cpp, line 516]
Event: 11661.627 Thread 0x0000017f4af48a30 Exception <a 'sun/nio/fs/WindowsException'{0x00000000af68f270}> (0x00000000af68f270) 
thrown [s\open\src\hotspot\share\prims\jni.cpp, line 516]
Event: 11661.633 Thread 0x0000017f4af48a30 Exception <a 'sun/nio/fs/WindowsException'{0x00000000af694fd0}> (0x00000000af694fd0) 
thrown [s\open\src\hotspot\share\prims\jni.cpp, line 516]
Event: 11661.640 Thread 0x0000017f4af48a30 Exception <a 'sun/nio/fs/WindowsException'{0x00000000af69e000}> (0x00000000af69e000) 
thrown [s\open\src\hotspot\share\prims\jni.cpp, line 516]
Event: 11661.652 Thread 0x0000017f4af48a30 Exception <a 'sun/nio/fs/WindowsException'{0x00000000af6ab240}> (0x00000000af6ab240) 
thrown [s\open\src\hotspot\share\prims\jni.cpp, line 516]
Event: 11661.662 Thread 0x0000017f4af48a30 Exception <a 'sun/nio/fs/WindowsException'{0x00000000af6b4ab8}> (0x00000000af6b4ab8) 
thrown [s\open\src\hotspot\share\prims\jni.cpp, line 516]
Event: 11661.673 Thread 0x0000017f4af48a30 Exception <a 'sun/nio/fs/WindowsException'{0x00000000af6bc280}> (0x00000000af6bc280) 
thrown [s\open\src\hotspot\share\prims\jni.cpp, line 516]
Event: 11661.686 Thread 0x0000017f4af48a30 Exception <a 'sun/nio/fs/WindowsException'{0x00000000af6c2f38}> (0x00000000af6c2f38) 
thrown [s\open\src\hotspot\share\prims\jni.cpp, line 516]
Event: 11661.756 Thread 0x0000017f4af48a30 Exception <a 'sun/nio/fs/WindowsException'{0x00000000af57df80}> (0x00000000af57df80) 
thrown [s\open\src\hotspot\share\prims\jni.cpp, line 516]
Event: 11661.767 Thread 0x0000017f4af48a30 Exception <a 'sun/nio/fs/WindowsException'{0x00000000af59a1b0}> (0x00000000af59a1b0) 
thrown [s\open\src\hotspot\share\prims\jni.cpp, line 516]
Event: 11661.791 Thread 0x0000017f4af48a30 Exception <a 'sun/nio/fs/WindowsException'{0x00000000af5d8398}> (0x00000000af5d8398) 
thrown [s\open\src\hotspot\share\prims\jni.cpp, line 516]
Event: 11661.848 Thread 0x0000017f4af48a30 Exception <a 'sun/nio/fs/WindowsException'{0x00000000af4603e0}> (0x00000000af4603e0) 
thrown [s\open\src\hotspot\share\prims\jni.cpp, line 516]
Event: 11662.339 Thread 0x0000017f4af48a30 Exception <a 'sun/nio/fs/WindowsException'{0x00000000aed74a50}> (0x00000000aed74a50) 
thrown [s\open\src\hotspot\share\prims\jni.cpp, line 516]
Event: 11684.520 Thread 0x0000017f4af45ca0 Implicit null exception at 0x0000017f746c0714 to 0x0000017f746c159c
Event: 11789.846 Thread 0x0000017f496a7ab0 Exception <a 'sun/nio/fs/WindowsException'{0x00000000abd04ab8}> (0x00000000abd04ab8) 
thrown [s\open\src\hotspot\share\prims\jni.cpp, line 516]
Event: 11789.864 Thread 0x0000017f496a7ab0 Exception <a 'sun/nio/fs/WindowsException'{0x00000000abd05fd8}> (0x00000000abd05fd8) 
thrown [s\open\src\hotspot\share\prims\jni.cpp, line 516]
Event: 11789.865 Thread 0x0000017f496a7ab0 Exception <a 'sun/nio/fs/WindowsException'{0x00000000abd074f8}> (0x00000000abd074f8) 
thrown [s\open\src\hotspot\share\prims\jni.cpp, line 516]
Event: 11789.867 Thread 0x0000017f496a7ab0 Exception <a 'sun/nio/fs/WindowsException'{0x00000000abd089f8}> (0x00000000abd089f8) 
thrown [s\open\src\hotspot\share\prims\jni.cpp, line 516]

VM Operations (20 events):
Event: 11659.648 Executing VM operation: Cleanup done
Event: 11660.466 Executing VM operation: ICBufferFull
Event: 11660.466 Executing VM operation: ICBufferFull done
Event: 11661.186 Executing VM operation: ICBufferFull
Event: 11661.187 Executing VM operation: ICBufferFull done
Event: 11661.196 Executing VM operation: HandshakeAllThreads
Event: 11661.196 Executing VM operation: HandshakeAllThreads done
Event: 11662.055 Executing VM operation: ICBufferFull
Event: 11662.056 Executing VM operation: ICBufferFull done
Event: 11663.059 Executing VM operation: Cleanup
Event: 11663.059 Executing VM operation: Cleanup done
Event: 11685.191 Executing VM operation: Cleanup
Event: 11685.191 Executing VM operation: Cleanup done
Event: 11686.769 Executing VM operation: HandshakeAllThreads
Event: 11686.769 Executing VM operation: HandshakeAllThreads done
Event: 11788.754 Executing VM operation: Cleanup
Event: 11788.773 Executing VM operation: Cleanup done
Event: 11789.778 Executing VM operation: Cleanup
Event: 11789.793 Executing VM operation: Cleanup done
Event: 11790.794 Executing VM operation: Cleanup

Events (20 events):
Event: 11684.509 Thread 0x0000017f4c1a1110 Thread exited: 0x0000017f4c1a1110
Event: 11684.519 Thread 0x0000017f4af46bd0 Thread exited: 0x0000017f4af46bd0
Event: 11684.564 Thread 0x0000017f4af42f10 Thread exited: 0x0000017f4af42f10
Event: 11684.576 Thread 0x0000017f4af466c0 Thread exited: 0x0000017f4af466c0
Event: 11684.671 Thread 0x0000017f4af44d70 Thread exited: 0x0000017f4af44d70
Event: 11684.735 Thread 0x0000017f4af43930 Thread exited: 0x0000017f4af43930
Event: 11744.219 Thread 0x0000017f4af48520 Thread exited: 0x0000017f4af48520
Event: 11744.645 Thread 0x0000017f4af45ca0 Thread exited: 0x0000017f4af45ca0
Event: 11744.747 Thread 0x0000017f4af43e40 Thread exited: 0x0000017f4af43e40
Event: 11787.864 Thread 0x0000017f496a7fc0 Thread added: 0x0000017f496a7fc0
Event: 11787.903 Thread 0x0000017f496a7090 Thread added: 0x0000017f496a7090
Event: 11788.066 Thread 0x0000017f496a75a0 Thread added: 0x0000017f496a75a0
Event: 11788.146 Thread 0x0000017f496a7ab0 Thread added: 0x0000017f496a7ab0
Event: 11788.227 Thread 0x0000017f496a6670 Thread added: 0x0000017f496a6670
Event: 11788.328 Thread 0x0000017f496a4810 Thread added: 0x0000017f496a4810
Event: 11788.338 Thread 0x0000017f496a84d0 Thread added: 0x0000017f496a84d0
Event: 11789.518 Thread 0x0000017f496a6b80 Thread added: 0x0000017f496a6b80
Event: 11789.561 Thread 0x0000017f496a5c50 Thread added: 0x0000017f496a5c50
Event: 11789.578 Thread 0x0000017f4c19ca30 Thread added: 0x0000017f4c19ca30
Event: 11789.590 Thread 0x0000017f4c19abd0 Thread added: 0x0000017f4c19abd0


Dynamic libraries:
0x00007ff617f40000 - 0x00007ff617f50000 	C:\Program Files\Java\jdk-17\bin\java.exe
0x00007ffe32660000 - 0x00007ffe328c6000 	C:\WINDOWS\SYSTEM32\ntdll.dll
0x00007ffe31210000 - 0x00007ffe312d9000 	C:\WINDOWS\System32\KERNEL32.DLL
0x00007ffe2f7f0000 - 0x00007ffe2fbbc000 	C:\WINDOWS\System32\KERNELBASE.dll
0x00007ffe30170000 - 0x00007ffe302bb000 	C:\WINDOWS\System32\ucrtbase.dll
0x00007ffe1ca40000 - 0x00007ffe1ca5b000 	C:\Program Files\Java\jdk-17\bin\VCRUNTIME140.dll
0x00007ffe1c5d0000 - 0x00007ffe1c5e9000 	C:\Program Files\Java\jdk-17\bin\jli.dll
0x00007ffe32560000 - 0x00007ffe32612000 	C:\WINDOWS\System32\ADVAPI32.dll
0x00007ffe31490000 - 0x00007ffe31539000 	C:\WINDOWS\System32\msvcrt.dll
0x00007ffe306d0000 - 0x00007ffe30776000 	C:\WINDOWS\System32\sechost.dll
0x00007ffe310f0000 - 0x00007ffe31206000 	C:\WINDOWS\System32\RPCRT4.dll
0x00007ffe304d0000 - 0x00007ffe3069a000 	C:\WINDOWS\System32\USER32.dll
0x00007ffe0f2c0000 - 0x00007ffe0f55a000 	C:\WINDOWS\WinSxS\amd64_microsoft.windows.common-controls_6595b64144ccf1df_6.0.26100.3912_none_3e07963ce335137e\COMCTL32.dll
0x00007ffe2ff30000 - 0x00007ffe2ff57000 	C:\WINDOWS\System32\win32u.dll
0x00007ffe31640000 - 0x00007ffe3166b000 	C:\WINDOWS\System32\GDI32.dll
0x00007ffe2fc70000 - 0x00007ffe2fda2000 	C:\WINDOWS\System32\gdi32full.dll
0x00007ffe2fbc0000 - 0x00007ffe2fc63000 	C:\WINDOWS\System32\msvcp_win.dll
0x00007ffe15770000 - 0x00007ffe1577b000 	C:\WINDOWS\SYSTEM32\VERSION.dll
0x00007ffe31010000 - 0x00007ffe31040000 	C:\WINDOWS\System32\IMM32.DLL
0x00007ffe1d2f0000 - 0x00007ffe1d2fc000 	C:\Program Files\Java\jdk-17\bin\vcruntime140_1.dll
0x00007ffe04180000 - 0x00007ffe0420e000 	C:\Program Files\Java\jdk-17\bin\msvcp140.dll
0x00007ffdd8150000 - 0x00007ffdd8d30000 	C:\Program Files\Java\jdk-17\bin\server\jvm.dll
0x00007ffe306a0000 - 0x00007ffe306a8000 	C:\WINDOWS\System32\PSAPI.DLL
0x00007ffe2c380000 - 0x00007ffe2c38a000 	C:\WINDOWS\SYSTEM32\WSOCK32.dll
0x00007ffe22a20000 - 0x00007ffe22a56000 	C:\WINDOWS\SYSTEM32\WINMM.dll
0x00007ffe30f90000 - 0x00007ffe31004000 	C:\WINDOWS\System32\WS2_32.dll
0x00007ffe2e5b0000 - 0x00007ffe2e5ca000 	C:\WINDOWS\SYSTEM32\kernel.appcore.dll
0x00007ffe1d160000 - 0x00007ffe1d16a000 	C:\Program Files\Java\jdk-17\bin\jimage.dll
0x00007ffe2cf10000 - 0x00007ffe2d151000 	C:\WINDOWS\SYSTEM32\DBGHELP.DLL
0x00007ffe321d0000 - 0x00007ffe32554000 	C:\WINDOWS\System32\combase.dll
0x00007ffe316c0000 - 0x00007ffe317a0000 	C:\WINDOWS\System32\OLEAUT32.dll
0x00007ffdfe2b0000 - 0x00007ffdfe2e9000 	C:\WINDOWS\SYSTEM32\dbgcore.DLL
0x00007ffe302c0000 - 0x00007ffe30359000 	C:\WINDOWS\System32\bcryptPrimitives.dll
0x00007ffe1caf0000 - 0x00007ffe1cafe000 	C:\Program Files\Java\jdk-17\bin\instrument.dll
0x00007ffe1c530000 - 0x00007ffe1c555000 	C:\Program Files\Java\jdk-17\bin\java.dll
0x00007ffe01600000 - 0x00007ffe016d7000 	C:\Program Files\Java\jdk-17\bin\jsvml.dll
0x00007ffe318b0000 - 0x00007ffe31fdd000 	C:\WINDOWS\System32\SHELL32.dll
0x00007ffe2fdb0000 - 0x00007ffe2ff24000 	C:\WINDOWS\System32\wintypes.dll
0x00007ffe2d440000 - 0x00007ffe2dc96000 	C:\WINDOWS\SYSTEM32\windows.storage.dll
0x00007ffe317b0000 - 0x00007ffe3189f000 	C:\WINDOWS\System32\SHCORE.dll
0x00007ffe31050000 - 0x00007ffe310b9000 	C:\WINDOWS\System32\shlwapi.dll
0x00007ffe2f700000 - 0x00007ffe2f72f000 	C:\WINDOWS\SYSTEM32\profapi.dll
0x00007ffe1c2c0000 - 0x00007ffe1c2d8000 	C:\Program Files\Java\jdk-17\bin\zip.dll
0x00007ffe1c330000 - 0x00007ffe1c349000 	C:\Program Files\Java\jdk-17\bin\net.dll
0x00007ffe28440000 - 0x00007ffe2855e000 	C:\WINDOWS\SYSTEM32\WINHTTP.dll
0x00007ffe2eb20000 - 0x00007ffe2eb8a000 	C:\WINDOWS\system32\mswsock.dll
0x00007ffe1c2e0000 - 0x00007ffe1c2f6000 	C:\Program Files\Java\jdk-17\bin\nio.dll
0x00007ffe1ce30000 - 0x00007ffe1ce40000 	C:\Program Files\Java\jdk-17\bin\verify.dll
0x00007ffe1bf20000 - 0x00007ffe1bf47000 	C:\Users\triar\.gradle\native\c067742578af261105cb4f569cf0c3c89f3d7b1fecec35dd04571415982c5e48\windows-amd64\native-platform.dll
0x00007ffdf2830000 - 0x00007ffdf2974000 	C:\Users\triar\.gradle\native\38dada09dfb8b06ba9b0570ebf7e218e3eb74d4ef43ca46872605cf95ebc2f47\windows-amd64\native-platform-file-events.dll
0x00007ffe1cb70000 - 0x00007ffe1cb7a000 	C:\Program Files\Java\jdk-17\bin\management.dll
0x00007ffe1cb20000 - 0x00007ffe1cb2b000 	C:\Program Files\Java\jdk-17\bin\management_ext.dll
0x00007ffe2edc0000 - 0x00007ffe2eddc000 	C:\WINDOWS\SYSTEM32\CRYPTSP.dll
0x00007ffe2e510000 - 0x00007ffe2e54a000 	C:\WINDOWS\system32\rsaenh.dll
0x00007ffe2ebc0000 - 0x00007ffe2ebeb000 	C:\WINDOWS\SYSTEM32\USERENV.dll
0x00007ffe2f6d0000 - 0x00007ffe2f6f6000 	C:\WINDOWS\SYSTEM32\bcrypt.dll
0x00007ffe2ede0000 - 0x00007ffe2edec000 	C:\WINDOWS\SYSTEM32\CRYPTBASE.dll
0x00007ffe2dfd0000 - 0x00007ffe2e003000 	C:\WINDOWS\SYSTEM32\IPHLPAPI.DLL
0x00007ffe315a0000 - 0x00007ffe315aa000 	C:\WINDOWS\System32\NSI.dll
0x00007ffe28b20000 - 0x00007ffe28b3f000 	C:\WINDOWS\SYSTEM32\dhcpcsvc6.DLL
0x00007ffe28a20000 - 0x00007ffe28a45000 	C:\WINDOWS\SYSTEM32\dhcpcsvc.DLL
0x00007ffe2e0c0000 - 0x00007ffe2e1e7000 	C:\WINDOWS\SYSTEM32\DNSAPI.dll
0x00007ffe1ca30000 - 0x00007ffe1ca3e000 	C:\Program Files\Java\jdk-17\bin\sunmscapi.dll
0x00007ffe2fff0000 - 0x00007ffe30167000 	C:\WINDOWS\System32\CRYPT32.dll
0x00007ffe2efd0000 - 0x00007ffe2f000000 	C:\WINDOWS\SYSTEM32\ncrypt.dll
0x00007ffe2ef80000 - 0x00007ffe2efbf000 	C:\WINDOWS\SYSTEM32\NTASN1.dll
0x00007ffe22940000 - 0x00007ffe22948000 	C:\WINDOWS\system32\wshunix.dll

dbghelp: loaded successfully - version: 4.0.5 - missing functions: none
symbol engine: initialized successfully - sym options: 0x614 - pdb path: .;C:\Program Files\Java\jdk-17\bin;C:\WINDOWS\SYSTEM32;C:\WINDOWS\WinSxS\amd64_microsoft.windows.common-controls_6595b64144ccf1df_6.0.26100.3912_none_3e07963ce335137e;C:\Program Files\Java\jdk-17\bin\server;C:\Users\triar\.gradle\native\c067742578af261105cb4f569cf0c3c89f3d7b1fecec35dd04571415982c5e48\windows-amd64;C:\Users\triar\.gradle\native\38dada09dfb8b06ba9b0570ebf7e218e3eb74d4ef43ca46872605cf95ebc2f47\windows-amd64

VM Arguments:
jvm_args: --illegal-access=permit --add-exports=jdk.compiler/com.sun.tools.javac.api=ALL-UNNAMED --add-exports=jdk.compiler/com.sun.tools.javac.code=ALL-UNNAMED --add-exports=jdk.compiler/com.sun.tools.javac.model=ALL-UNNAMED --add-exports=jdk.compiler/com.sun.tools.javac.processing=ALL-UNNAMED --add-exports=jdk.compiler/com.sun.tools.javac.parser=ALL-UNNAMED --add-exports=jdk.compiler/com.sun.tools.javac.util=ALL-UNNAMED --add-exports=jdk.compiler/com.sun.tools.javac.tree=ALL-UNNAMED --add-exports=jdk.compiler/com.sun.tools.javac.file=ALL-UNNAMED --add-exports=jdk.compiler/com.sun.tools.javac.main=ALL-UNNAMED --add-exports=jdk.compiler/com.sun.tools.javac.jvm=ALL-UNNAMED --add-exports=jdk.compiler/com.sun.tools.javac.comp=ALL-UNNAMED --add-exports=java.base/sun.reflect.annotation=ALL-UNNAMED --add-opens=java.base/java.util=ALL-UNNAMED --add-opens=java.base/java.lang=ALL-UNNAMED --add-opens=java.base/java.lang.invoke=ALL-UNNAMED --add-opens=java.prefs/java.util.prefs=ALL-UNNAMED --add-opens=java.base/java.nio.charset=ALL-UNNAMED --add-opens=java.base/java.net=ALL-UNNAMED --add-opens=java.base/java.util.concurrent.atomic=ALL-UNNAMED -Dfile.encoding=windows-1252 -Duser.country=US -Duser.language=en -Duser.variant -javaagent:C:\Users\triar\.gradle\wrapper\dists\gradle-8.6-bin\afr5mpiioh2wthjmwnkmdsd5w\gradle-8.6\lib\agents\gradle-instrumentation-agent-8.6.jar 
java_command: org.gradle.launcher.daemon.bootstrap.GradleDaemon 8.6
java_class_path (initial): C:\Users\triar\.gradle\wrapper\dists\gradle-8.6-bin\afr5mpiioh2wthjmwnkmdsd5w\gradle-8.6\lib\gradle-launcher-8.6.jar
Launcher Type: SUN_STANDARD

[Global flags]
     intx CICompilerCount                          = 4                                         {product} {ergonomic}
     uint ConcGCThreads                            = 2                                         {product} {ergonomic}
     uint G1ConcRefinementThreads                  = 8                                         {product} {ergonomic}
   size_t G1HeapRegionSize                         = 1048576                                   {product} {ergonomic}
    uintx GCDrainStackTargetSize                   = 64                                        {product} {ergonomic}
   size_t InitialHeapSize                          = 96468992                                  {product} {ergonomic}
   size_t MarkStackSize                            = 4194304                                   {product} {ergonomic}
   size_t MaxHeapSize                              = 1541406720                                {product} {ergonomic}
   size_t MaxNewSize                               = 924844032                                 {product} {ergonomic}
   size_t MinHeapDeltaBytes                        = 1048576                                   {product} {ergonomic}
   size_t MinHeapSize                              = 8388608                                   {product} {ergonomic}
    uintx NonNMethodCodeHeapSize                   = 5839372                                {pd product} {ergonomic}
    uintx NonProfiledCodeHeapSize                  = 122909434                              {pd product} {ergonomic}
    uintx ProfiledCodeHeapSize                     = 122909434                              {pd product} {ergonomic}
    uintx ReservedCodeCacheSize                    = 251658240                              {pd product} {ergonomic}
     bool SegmentedCodeCache                       = true                                      {product} {ergonomic}
   size_t SoftMaxHeapSize                          = 1541406720                             {manageable} {ergonomic}
     bool UseCompressedClassPointers               = true                           {product lp64_product} {ergonomic}
     bool UseCompressedOops                        = true                           {product lp64_product} {ergonomic}
     bool UseG1GC                                  = true                                      {product} {ergonomic}
     bool UseLargePagesIndividualAllocation        = false                                  {pd product} {ergonomic}

Logging:
Log output configuration:
 #0: stdout all=warning uptime,level,tags
 #1: stderr all=off uptime,level,tags

Environment Variables:
JAVA_HOME=C:\Program Files\Java\jdk-17
CLASSPATH=C:\Program Files (x86)\Steam\steamapps\common\Mindustry\saves\mods\Aquarion\\gradle\wrapper\gradle-wrapper.jar
PATH=C:\Program Files\Java\jdk-17\bin;C:\Users\triar\AppData\Local\Microsoft\WindowsApps;C:\Users\triar\AppData\Local\GitHubDesktop\bin;
USERNAME=triar
OS=Windows_NT
PROCESSOR_IDENTIFIER=AMD64 Family 23 Model 160 Stepping 0, AuthenticAMD



---------------  S Y S T E M  ---------------

OS:
 Windows 11 , 64 bit Build 26100 (10.0.26100.3912)
OS uptime: 1 days 21:50 hours
Hyper-V role detected

CPU: total 8 (initial active 8) (8 cores per cpu, 2 threads per core) family 23 model 160 stepping 0 microcode 0x8a00006, cx8, cmov, fxsr, ht, mmx, 3dnowpref, sse, sse2, sse3, ssse3, sse4a, sse4.1, sse4.2, popcnt, lzcnt, tsc, tscinvbit, avx, avx2, aes, clmul, bmi1, bmi2, adx, sha, fma, vzeroupper, clflush, clflushopt, hv

Memory: 4k page, system-wide physical 5877M (608M free)
TotalPageFile size 24309M (AvailPageFile size 1M)
current process WorkingSet (physical memory assigned to process): 85M, peak: 317M
current process commit charge ("private bytes"): 466M, peak: 669M

vm_info: Java HotSpot(TM) 64-Bit Server VM (17.0.12+8-LTS-286) for windows-amd64 JRE (17.0.12+8-LTS-286), built on Jun  5 2024 06:46:59 by "mach5one" with MS VC++ 17.6 (VS2022)

END.
