#
# There is insufficient memory for the Java Runtime Environment to continue.
# Native memory allocation (malloc) failed to allocate 186256 bytes for Chunk::new
# Possible reasons:
#   The system is out of physical RAM or swap space
#   The process is running with CompressedOops enabled, and the Java Heap may be blocking the growth of the native heap
# Possible solutions:
#   Reduce memory load on the system
#   Increase physical memory or swap space
#   Check if swap backing store is full
#   Decrease Java heap size (-Xmx/-Xms)
#   Decrease number of Java threads
#   Decrease Java thread stack sizes (-Xss)
#   Set larger code cache with -XX:ReservedCodeCacheSize=
#   JVM is running with Unscaled Compressed Oops mode in which the Java heap is
#     placed in the first 4GB address space. The Java Heap base address is the
#     maximum limit for the native heap growth. Please use -XX:HeapBaseMinAddress
#     to set the Java Heap base and to place the Java Heap above 4GB virtual address.
# This output file may be truncated or incomplete.
#
#  Out of Memory Error (arena.cpp:189), pid=18392, tid=3620
#
# JRE version: Java(TM) SE Runtime Environment (17.0.12+8) (build 17.0.12+8-LTS-286)
# Java VM: Java HotSpot(TM) 64-Bit Server VM (17.0.12+8-LTS-286, mixed mode, sharing, tiered, compressed oops, compressed class ptrs, g1 gc, windows-amd64)
# No core dump will be written. Minidumps are not enabled by default on client versions of Windows
#

---------------  S U M M A R Y ------------

Command Line: --add-opens=java.base/java.util=ALL-UNNAMED --add-opens=java.base/java.lang=ALL-UNNAMED --add-opens=java.base/java.lang.invoke=ALL-UNNAMED --add-opens=java.prefs/java.util.prefs=ALL-UNNAMED --add-opens=java.base/java.nio.charset=ALL-UNNAMED --add-opens=java.base/java.net=ALL-UNNAMED --add-opens=java.base/java.util.concurrent.atomic=ALL-UNNAMED -XX:MaxMetaspaceSize=384m -XX:+HeapDumpOnOutOfMemoryError -Xms256m -Xmx512m -Dfile.encoding=windows-1252 -Duser.country=US -Duser.language=en -Duser.variant -javaagent:C:\Users\triar\.gradle\wrapper\dists\gradle-8.8-bin\dl7vupf4psengwqhwktix4v1\gradle-8.8\lib\agents\gradle-instrumentation-agent-8.8.jar org.gradle.launcher.daemon.bootstrap.GradleDaemon 8.8

Host: AMD Ryzen 3 7320U with Radeon Graphics         , 8 cores, 6G,  Windows 11 , 64 bit Build 26100 (10.0.26100.6725)
Time: Fri Nov  7 10:04:47 2025 Central Standard Time elapsed time: 2233.962137 seconds (0d 0h 37m 13s)

---------------  T H R E A D  ---------------

Current thread (0x0000014fa4f42330):  JavaThread "C2 CompilerThread0" daemon [_thread_in_native, id=3620, stack(0x0000002dab300000,0x0000002dab400000)]


Current CompileTask:
C2:2233975 11563       4       org.gradle.internal.serialize.AbstractDecoder::readBinary (16 bytes)

Stack: [0x0000002dab300000,0x0000002dab400000]
Native frames: (J=compiled Java code, j=interpreted, Vv=VM code, C=native code)
V  [jvm.dll+0x67a04a]
V  [jvm.dll+0x7da4ed]
V  [jvm.dll+0x7dbe33]
V  [jvm.dll+0x7dc4a3]
V  [jvm.dll+0x24508f]
V  [jvm.dll+0xab773]
V  [jvm.dll+0xabd3c]
V  [jvm.dll+0x2aa52f]
V  [jvm.dll+0x581eb9]
V  [jvm.dll+0x21f422]
V  [jvm.dll+0x21f81f]
V  [jvm.dll+0x218aa0]
V  [jvm.dll+0x215b65]
V  [jvm.dll+0x1a2960]
V  [jvm.dll+0x22610b]
V  [jvm.dll+0x2242ab]
V  [jvm.dll+0x79075c]
V  [jvm.dll+0x78abea]
V  [jvm.dll+0x678f35]
C  [ucrtbase.dll+0x37b0]
C  [KERNEL32.DLL+0x2e8d7]
C  [ntdll.dll+0x8c53c]


---------------  P R O C E S S  ---------------

Threads class SMR info:
_java_thread_list=0x0000014fc3da5650, length=78, elements={
0x0000014f8a61e4a0, 0x0000014fa4f24440, 0x0000014fa4f256b0, 0x0000014fa4f3c500,
0x0000014fa4f3cdd0, 0x0000014fa4f3d6a0, 0x0000014fa4f3df70, 0x0000014fa4f42330,
0x0000014fa4f433e0, 0x0000014fa4f4b9a0, 0x0000014fa4f08a30, 0x0000014fbe260090,
0x0000014fbfccb660, 0x0000014fbf0fbb30, 0x0000014fbfbd5480, 0x0000014fbfd38a00,
0x0000014fbfd384f0, 0x0000014fbfd3b280, 0x0000014fbfd39e40, 0x0000014fbfd3a350,
0x0000014fc12164e0, 0x0000014fc121a6b0, 0x0000014fc1216f00, 0x0000014fc1217920,
0x0000014fc449cce0, 0x0000014fc449c7d0, 0x0000014fc4997c00, 0x0000014fc2a9d2a0,
0x0000014fc4937790, 0x0000014fc4937ca0, 0x0000014fc3ac7500, 0x0000014fc49381b0,
0x0000014fc2a9c880, 0x0000014fc2a9dcc0, 0x0000014fc2a9cd90, 0x0000014fc49386c0,
0x0000014fc4938bd0, 0x0000014fc49390e0, 0x0000014fc47634f0, 0x0000014fc1ba9180,
0x0000014fc1ba9690, 0x0000014fc1baa0b0, 0x0000014fc1baaad0, 0x0000014fc4998620,
0x0000014fc4998b30, 0x0000014fc49976f0, 0x0000014fc4999040, 0x0000014fc1b7f000,
0x0000014fc1b7f510, 0x0000014fc2a9e1d0, 0x0000014fc2a9d7b0, 0x0000014fc17093d0,
0x0000014fc170cb80, 0x0000014fc4763a00, 0x0000014fc47620b0, 0x0000014fc47625c0,
0x0000014fc4762ad0, 0x0000014fc44dd870, 0x0000014fc4762fe0, 0x0000014fc4ad3dd0,
0x0000014fc4ad2ea0, 0x0000014fc4ad38c0, 0x0000014fc4ad5210, 0x0000014fc4ad5c30,
0x0000014fc4ad33b0, 0x0000014fc44ddd80, 0x0000014fc1b7eaf0, 0x0000014fc1b7d1a0,
0x0000014fc1b7fa20, 0x0000014fc1b7e0d0, 0x0000014fc1b7e5e0, 0x0000014fc449d700,
0x0000014fc449e120, 0x0000014fc449d1f0, 0x0000014fc44de290, 0x0000014fc1b7c270,
0x0000014fc1b7cc90, 0x0000014fc1217e30
}

Java Threads: ( => current thread )
  0x0000014f8a61e4a0 JavaThread "main" [_thread_blocked, id=13092, stack(0x0000002daa600000,0x0000002daa700000)]
  0x0000014fa4f24440 JavaThread "Reference Handler" daemon [_thread_blocked, id=13264, stack(0x0000002daad00000,0x0000002daae00000)]
  0x0000014fa4f256b0 JavaThread "Finalizer" daemon [_thread_blocked, id=3488, stack(0x0000002daae00000,0x0000002daaf00000)]
  0x0000014fa4f3c500 JavaThread "Signal Dispatcher" daemon [_thread_blocked, id=17696, stack(0x0000002daaf00000,0x0000002dab000000)]
  0x0000014fa4f3cdd0 JavaThread "Attach Listener" daemon [_thread_blocked, id=10868, stack(0x0000002dab000000,0x0000002dab100000)]
  0x0000014fa4f3d6a0 JavaThread "Service Thread" daemon [_thread_blocked, id=10444, stack(0x0000002dab100000,0x0000002dab200000)]
  0x0000014fa4f3df70 JavaThread "Monitor Deflation Thread" daemon [_thread_blocked, id=10672, stack(0x0000002dab200000,0x0000002dab300000)]
=>0x0000014fa4f42330 JavaThread "C2 CompilerThread0" daemon [_thread_in_native, id=3620, stack(0x0000002dab300000,0x0000002dab400000)]
  0x0000014fa4f433e0 JavaThread "C1 CompilerThread0" daemon [_thread_blocked, id=11000, stack(0x0000002dab400000,0x0000002dab500000)]
  0x0000014fa4f4b9a0 JavaThread "Sweeper thread" daemon [_thread_blocked, id=20412, stack(0x0000002dab500000,0x0000002dab600000)]
  0x0000014fa4f08a30 JavaThread "Common-Cleaner" daemon [_thread_blocked, id=11572, stack(0x0000002dab600000,0x0000002dab700000)]
  0x0000014fbe260090 JavaThread "Notification Thread" daemon [_thread_blocked, id=14204, stack(0x0000002dab700000,0x0000002dab800000)]
  0x0000014fbfccb660 JavaThread "Daemon health stats" [_thread_blocked, id=10776, stack(0x0000002dabe00000,0x0000002dabf00000)]
  0x0000014fbf0fbb30 JavaThread "Incoming local TCP Connector on port 54018" [_thread_in_native, id=18148, stack(0x0000002dabf00000,0x0000002dac000000)]
  0x0000014fbfbd5480 JavaThread "Daemon periodic checks" [_thread_blocked, id=17836, stack(0x0000002dac000000,0x0000002dac100000)]
  0x0000014fbfd38a00 JavaThread "Cache worker for journal cache (C:\Users\triar\.gradle\caches\journal-1)" [_thread_blocked, id=9716, stack(0x0000002dac800000,0x0000002dac900000)]
  0x0000014fbfd384f0 JavaThread "File lock request listener" [_thread_in_native, id=19008, stack(0x0000002dac900000,0x0000002daca00000)]
  0x0000014fbfd3b280 JavaThread "Cache worker for file hash cache (C:\Users\triar\.gradle\caches\8.8\fileHashes)" [_thread_blocked, id=19808, stack(0x0000002daca00000,0x0000002dacb00000)]
  0x0000014fbfd39e40 JavaThread "File watcher server" daemon [_thread_in_native, id=20200, stack(0x0000002dace00000,0x0000002dacf00000)]
  0x0000014fbfd3a350 JavaThread "File watcher consumer" daemon [_thread_blocked, id=15760, stack(0x0000002dacf00000,0x0000002dad000000)]
  0x0000014fc12164e0 JavaThread "Cache worker for file content cache (C:\Users\triar\.gradle\caches\8.8\fileContent)" [_thread_blocked, id=16804, stack(0x0000002dad200000,0x0000002dad300000)]
  0x0000014fc121a6b0 JavaThread "jar transforms" [_thread_blocked, id=19784, stack(0x0000002dad500000,0x0000002dad600000)]
  0x0000014fc1216f00 JavaThread "jar transforms Thread 2" [_thread_blocked, id=15200, stack(0x0000002dad600000,0x0000002dad700000)]
  0x0000014fc1217920 JavaThread "jar transforms Thread 3" [_thread_blocked, id=3000, stack(0x0000002dada00000,0x0000002dadb00000)]
  0x0000014fc449cce0 JavaThread "jar transforms Thread 4" [_thread_blocked, id=16144, stack(0x0000002daf000000,0x0000002daf100000)]
  0x0000014fc449c7d0 JavaThread "Memory manager" [_thread_blocked, id=6924, stack(0x0000002daf100000,0x0000002daf200000)]
  0x0000014fc4997c00 JavaThread "jar transforms Thread 5" [_thread_blocked, id=17716, stack(0x0000002daf300000,0x0000002daf400000)]
  0x0000014fc2a9d2a0 JavaThread "jar transforms Thread 6" [_thread_blocked, id=7756, stack(0x0000002daf400000,0x0000002daf500000)]
  0x0000014fc4937790 JavaThread "jar transforms Thread 7" [_thread_blocked, id=16228, stack(0x0000002daf500000,0x0000002daf600000)]
  0x0000014fc4937ca0 JavaThread "jar transforms Thread 8" [_thread_blocked, id=11504, stack(0x0000002daf600000,0x0000002daf700000)]
  0x0000014fc3ac7500 JavaThread "Cache worker for Java compile cache (C:\Users\triar\.gradle\caches\8.8\javaCompile)" [_thread_blocked, id=14940, stack(0x0000002db0100000,0x0000002db0200000)]
  0x0000014fc49381b0 JavaThread "Daemon Thread 2" [_thread_blocked, id=22996, stack(0x0000002daa500000,0x0000002daa600000)]
  0x0000014fc2a9c880 JavaThread "Handler for socket connection from /127.0.0.1:54018 to /127.0.0.1:53420" [_thread_in_native, id=22992, stack(0x0000002dac100000,0x0000002dac200000)]
  0x0000014fc2a9dcc0 JavaThread "Cancel handler" [_thread_blocked, id=23184, stack(0x0000002dac200000,0x0000002dac300000)]
  0x0000014fc2a9cd90 JavaThread "Daemon worker Thread 2" [_thread_blocked, id=23180, stack(0x0000002dac300000,0x0000002dac400000)]
  0x0000014fc49386c0 JavaThread "Asynchronous log dispatcher for DefaultDaemonConnection: socket connection from /127.0.0.1:54018 to /127.0.0.1:53420" [_thread_blocked, id=23460, stack(0x0000002dac400000,0x0000002dac500000)]
  0x0000014fc4938bd0 JavaThread "Stdin handler" [_thread_blocked, id=22940, stack(0x0000002dac500000,0x0000002dac600000)]
  0x0000014fc49390e0 JavaThread "Daemon client event forwarder" [_thread_blocked, id=17656, stack(0x0000002dac600000,0x0000002dac700000)]
  0x0000014fc47634f0 JavaThread "Cache worker for file hash cache (C:\Program Files (x86)\Steam\steamapps\common\Mindustry\saves\mods\Aquarion\.gradle\8.8\fileHashes)" [_thread_blocked, id=9560, stack(0x0000002dac700000,0x0000002dac800000)]
  0x0000014fc1ba9180 JavaThread "Cache worker for checksums cache (C:\Program Files (x86)\Steam\steamapps\common\Mindustry\saves\mods\Aquarion\.gradle\8.8\checksums)" [_thread_blocked, id=10948, stack(0x0000002dacd00000,0x0000002dace00000)]
  0x0000014fc1ba9690 JavaThread "Cache worker for cache directory md-rule (C:\Users\triar\.gradle\caches\8.8\md-rule)" [_thread_blocked, id=21012, stack(0x0000002dad100000,0x0000002dad200000)]
  0x0000014fc1baa0b0 JavaThread "Cache worker for cache directory md-supplier (C:\Users\triar\.gradle\caches\8.8\md-supplier)" [_thread_blocked, id=23400, stack(0x0000002dad300000,0x0000002dad400000)]
  0x0000014fc1baaad0 JavaThread "Cache worker for Build Output Cleanup Cache (C:\Program Files (x86)\Steam\steamapps\common\Mindustry\saves\mods\Aquarion\.gradle\buildOutputCleanup)" [_thread_blocked, id=10228, stack(0x0000002dad400000,0x0000002dad500000)]
  0x0000014fc4998620 JavaThread "Unconstrained build operations" [_thread_blocked, id=20632, stack(0x0000002dad700000,0x0000002dad800000)]
  0x0000014fc4998b30 JavaThread "Unconstrained build operations Thread 2" [_thread_blocked, id=21184, stack(0x0000002dad800000,0x0000002dad900000)]
  0x0000014fc49976f0 JavaThread "Unconstrained build operations Thread 3" [_thread_blocked, id=8080, stack(0x0000002dad900000,0x0000002dada00000)]
  0x0000014fc4999040 JavaThread "Unconstrained build operations Thread 4" [_thread_blocked, id=16196, stack(0x0000002dadb00000,0x0000002dadc00000)]
  0x0000014fc1b7f000 JavaThread "Unconstrained build operations Thread 5" [_thread_blocked, id=23080, stack(0x0000002dadc00000,0x0000002dadd00000)]
  0x0000014fc1b7f510 JavaThread "Unconstrained build operations Thread 6" [_thread_blocked, id=23108, stack(0x0000002dadd00000,0x0000002dade00000)]
  0x0000014fc2a9e1d0 JavaThread "Unconstrained build operations Thread 7" [_thread_blocked, id=23104, stack(0x0000002dade00000,0x0000002dadf00000)]
  0x0000014fc2a9d7b0 JavaThread "Unconstrained build operations Thread 8" [_thread_blocked, id=23072, stack(0x0000002dadf00000,0x0000002dae000000)]
  0x0000014fc17093d0 JavaThread "Unconstrained build operations Thread 9" [_thread_blocked, id=23140, stack(0x0000002dae000000,0x0000002dae100000)]
  0x0000014fc170cb80 JavaThread "Unconstrained build operations Thread 10" [_thread_blocked, id=23064, stack(0x0000002dae100000,0x0000002dae200000)]
  0x0000014fc4763a00 JavaThread "Unconstrained build operations Thread 11" [_thread_blocked, id=23068, stack(0x0000002dae200000,0x0000002dae300000)]
  0x0000014fc47620b0 JavaThread "Unconstrained build operations Thread 12" [_thread_blocked, id=23112, stack(0x0000002dae300000,0x0000002dae400000)]
  0x0000014fc47625c0 JavaThread "Unconstrained build operations Thread 13" [_thread_blocked, id=23100, stack(0x0000002dae400000,0x0000002dae500000)]
  0x0000014fc4762ad0 JavaThread "Unconstrained build operations Thread 14" [_thread_blocked, id=11964, stack(0x0000002dae500000,0x0000002dae600000)]
  0x0000014fc44dd870 JavaThread "included builds" [_thread_blocked, id=22704, stack(0x0000002dae600000,0x0000002dae700000)]
  0x0000014fc4762fe0 JavaThread "Execution worker" [_thread_blocked, id=9960, stack(0x0000002dae700000,0x0000002dae800000)]
  0x0000014fc4ad3dd0 JavaThread "Execution worker Thread 2" [_thread_blocked, id=19568, stack(0x0000002dae800000,0x0000002dae900000)]
  0x0000014fc4ad2ea0 JavaThread "Execution worker Thread 3" [_thread_blocked, id=19516, stack(0x0000002dae900000,0x0000002daea00000)]
  0x0000014fc4ad38c0 JavaThread "Execution worker Thread 4" [_thread_blocked, id=22724, stack(0x0000002daea00000,0x0000002daeb00000)]
  0x0000014fc4ad5210 JavaThread "Execution worker Thread 5" [_thread_blocked, id=22348, stack(0x0000002daeb00000,0x0000002daec00000)]
  0x0000014fc4ad5c30 JavaThread "Execution worker Thread 6" [_thread_blocked, id=23128, stack(0x0000002daec00000,0x0000002daed00000)]
  0x0000014fc4ad33b0 JavaThread "Execution worker Thread 7" [_thread_blocked, id=23152, stack(0x0000002daed00000,0x0000002daee00000)]
  0x0000014fc44ddd80 JavaThread "Cache worker for execution history cache (C:\Program Files (x86)\Steam\steamapps\common\Mindustry\saves\mods\Aquarion\.gradle\8.8\executionHistory)" [_thread_blocked, id=23156, stack(0x0000002daee00000,0x0000002daef00000)]
  0x0000014fc1b7eaf0 JavaThread "Unconstrained build operations Thread 15" [_thread_blocked, id=23120, stack(0x0000002daef00000,0x0000002daf000000)]
  0x0000014fc1b7d1a0 JavaThread "Build operations" [_thread_blocked, id=23160, stack(0x0000002daf700000,0x0000002daf800000)]
  0x0000014fc1b7fa20 JavaThread "Build operations Thread 2" [_thread_blocked, id=23148, stack(0x0000002daf800000,0x0000002daf900000)]
  0x0000014fc1b7e0d0 JavaThread "Build operations Thread 3" [_thread_blocked, id=22672, stack(0x0000002daf900000,0x0000002dafa00000)]
  0x0000014fc1b7e5e0 JavaThread "Build operations Thread 4" [_thread_blocked, id=23144, stack(0x0000002dafa00000,0x0000002dafb00000)]
  0x0000014fc449d700 JavaThread "Build operations Thread 5" [_thread_blocked, id=23164, stack(0x0000002dafb00000,0x0000002dafc00000)]
  0x0000014fc449e120 JavaThread "Build operations Thread 6" [_thread_blocked, id=23168, stack(0x0000002dafc00000,0x0000002dafd00000)]
  0x0000014fc449d1f0 JavaThread "Build operations Thread 7" [_thread_blocked, id=21456, stack(0x0000002dafd00000,0x0000002dafe00000)]
  0x0000014fc44de290 JavaThread "Exec process Thread 5" [_thread_in_native, id=21228, stack(0x0000002daff00000,0x0000002db0000000)]
  0x0000014fc1b7c270 JavaThread "Exec process Thread 7" [_thread_in_native, id=23200, stack(0x0000002db0400000,0x0000002db0500000)]
  0x0000014fc1b7cc90 JavaThread "Exec process Thread 8" [_thread_in_native, id=15080, stack(0x0000002db0500000,0x0000002db0600000)]
  0x0000014fc1217e30 JavaThread "Build operations Thread 8" [_thread_blocked, id=19328, stack(0x0000002dafe00000,0x0000002daff00000)]

Other Threads:
  0x0000014fa4f172d0 VMThread "VM Thread" [stack: 0x0000002daac00000,0x0000002daad00000] [id=13748]
  0x0000014f8a65cb50 WatcherThread [stack: 0x0000002dab800000,0x0000002dab900000] [id=8308]
  0x0000014f8a64f310 GCTaskThread "GC Thread#0" [stack: 0x0000002daa700000,0x0000002daa800000] [id=18572]
  0x0000014fbec07a50 GCTaskThread "GC Thread#1" [stack: 0x0000002dab900000,0x0000002daba00000] [id=14648]
  0x0000014fbec07d10 GCTaskThread "GC Thread#2" [stack: 0x0000002daba00000,0x0000002dabb00000] [id=14932]
  0x0000014fbec07fd0 GCTaskThread "GC Thread#3" [stack: 0x0000002dabb00000,0x0000002dabc00000] [id=16712]
  0x0000014fbe5bbc00 GCTaskThread "GC Thread#4" [stack: 0x0000002dabc00000,0x0000002dabd00000] [id=20408]
  0x0000014fbe5bbec0 GCTaskThread "GC Thread#5" [stack: 0x0000002dabd00000,0x0000002dabe00000] [id=20108]
  0x0000014fc03c3550 GCTaskThread "GC Thread#6" [stack: 0x0000002dacb00000,0x0000002dacc00000] [id=20208]
  0x0000014fc098a720 GCTaskThread "GC Thread#7" [stack: 0x0000002dacc00000,0x0000002dacd00000] [id=19352]
  0x0000014f8a654170 ConcurrentGCThread "G1 Main Marker" [stack: 0x0000002daa800000,0x0000002daa900000] [id=16544]
  0x0000014f8a655760 ConcurrentGCThread "G1 Conc#0" [stack: 0x0000002daa900000,0x0000002daaa00000] [id=11116]
  0x0000014fc0ac3000 ConcurrentGCThread "G1 Conc#1" [stack: 0x0000002dad000000,0x0000002dad100000] [id=9880]
  0x0000014f8a6ee930 ConcurrentGCThread "G1 Refine#0" [stack: 0x0000002daaa00000,0x0000002daab00000] [id=9984]
  0x0000014fc1c9a770 ConcurrentGCThread "G1 Refine#1" [stack: 0x0000002daf200000,0x0000002daf300000] [id=16016]
  0x0000014fc1901b70 ConcurrentGCThread "G1 Refine#2" [stack: 0x0000002db0200000,0x0000002db0300000] [id=10900]
  0x0000014fbf426ec0 ConcurrentGCThread "G1 Refine#3" [stack: 0x0000002db0300000,0x0000002db0400000] [id=4128]
  0x0000014fa4dd94f0 ConcurrentGCThread "G1 Service" [stack: 0x0000002daab00000,0x0000002daac00000] [id=1512]

Threads with active compile tasks:
C2 CompilerThread0  2234647 11563       4       org.gradle.internal.serialize.AbstractDecoder::readBinary (16 bytes)

VM state: not at safepoint (normal execution)

VM Mutex/Monitor currently owned by a thread: None

Heap address: 0x00000000e0000000, size: 512 MB, Compressed Oops mode: 32-bit

CDS archive(s) mapped at: [0x0000014fa5000000-0x0000014fa5bd0000-0x0000014fa5bd0000), size 12386304, SharedBaseAddress: 0x0000014fa5000000, ArchiveRelocationMode: 1.
Compressed class space mapped at: 0x0000014fa6000000-0x0000014fba000000, reserved size: 335544320
Narrow klass base: 0x0000014fa5000000, Narrow klass shift: 0, Narrow klass range: 0x100000000

GC Precious Log:
 CPUs: 8 total, 8 available
 Memory: 6901M
 Large Page Support: Disabled
 NUMA Support: Disabled
 Compressed Oops: Enabled (32-bit)
 Heap Region Size: 1M
 Heap Min Capacity: 256M
 Heap Initial Capacity: 256M
 Heap Max Capacity: 512M
 Pre-touch: Disabled
 Parallel Workers: 8
 Concurrent Workers: 2
 Concurrent Refinement Workers: 8
 Periodic GC: Disabled

Heap:
 garbage-first heap   total 262144K, used 176636K [0x00000000e0000000, 0x0000000100000000)
  region size 1024K, 107 young (109568K), 6 survivors (6144K)
 Metaspace       used 59348K, committed 60160K, reserved 393216K
  class space    used 8477K, committed 8896K, reserved 327680K

Heap Regions: E=young(eden), S=young(survivor), O=old, HS=humongous(starts), HC=humongous(continues), CS=collection set, F=free, OA=open archive, CA=closed archive, TAMS=top-at-mark-start (previous, next)
|   0|0x00000000e0000000, 0x00000000e0100000, 0x00000000e0100000|100%|HS|  |TAMS 0x00000000e0100000, 0x00000000e0000000| Complete 
|   1|0x00000000e0100000, 0x00000000e0200000, 0x00000000e0200000|100%|HC|  |TAMS 0x00000000e0200000, 0x00000000e0100000| Complete 
|   2|0x00000000e0200000, 0x00000000e0300000, 0x00000000e0300000|100%|HC|  |TAMS 0x00000000e0300000, 0x00000000e0200000| Complete 
|   3|0x00000000e0300000, 0x00000000e0400000, 0x00000000e0400000|100%|HC|  |TAMS 0x00000000e0400000, 0x00000000e0300000| Complete 
|   4|0x00000000e0400000, 0x00000000e0500000, 0x00000000e0500000|100%| O|  |TAMS 0x00000000e0500000, 0x00000000e0400000| Untracked 
|   5|0x00000000e0500000, 0x00000000e0600000, 0x00000000e0600000|100%| O|  |TAMS 0x00000000e0600000, 0x00000000e0500000| Untracked 
|   6|0x00000000e0600000, 0x00000000e0700000, 0x00000000e0700000|100%| O|  |TAMS 0x00000000e0700000, 0x00000000e0600000| Untracked 
|   7|0x00000000e0700000, 0x00000000e0800000, 0x00000000e0800000|100%| O|  |TAMS 0x00000000e0700000, 0x00000000e0700000| Untracked 
|   8|0x00000000e0800000, 0x00000000e0900000, 0x00000000e0900000|100%| O|  |TAMS 0x00000000e0900000, 0x00000000e0800000| Untracked 
|   9|0x00000000e0900000, 0x00000000e0a00000, 0x00000000e0a00000|100%| O|  |TAMS 0x00000000e0a00000, 0x00000000e0900000| Untracked 
|  10|0x00000000e0a00000, 0x00000000e0b00000, 0x00000000e0b00000|100%| O|  |TAMS 0x00000000e0b00000, 0x00000000e0a00000| Untracked 
|  11|0x00000000e0b00000, 0x00000000e0c00000, 0x00000000e0c00000|100%|HS|  |TAMS 0x00000000e0c00000, 0x00000000e0b00000| Complete 
|  12|0x00000000e0c00000, 0x00000000e0d00000, 0x00000000e0d00000|100%| O|  |TAMS 0x00000000e0d00000, 0x00000000e0c00000| Untracked 
|  13|0x00000000e0d00000, 0x00000000e0e00000, 0x00000000e0e00000|100%| O|  |TAMS 0x00000000e0e00000, 0x00000000e0d00000| Untracked 
|  14|0x00000000e0e00000, 0x00000000e0f00000, 0x00000000e0f00000|100%| O|  |TAMS 0x00000000e0f00000, 0x00000000e0e00000| Untracked 
|  15|0x00000000e0f00000, 0x00000000e1000000, 0x00000000e1000000|100%| O|  |TAMS 0x00000000e1000000, 0x00000000e0f00000| Untracked 
|  16|0x00000000e1000000, 0x00000000e1100000, 0x00000000e1100000|100%| O|  |TAMS 0x00000000e1100000, 0x00000000e1000000| Untracked 
|  17|0x00000000e1100000, 0x00000000e1200000, 0x00000000e1200000|100%| O|  |TAMS 0x00000000e1200000, 0x00000000e1100000| Untracked 
|  18|0x00000000e1200000, 0x00000000e1300000, 0x00000000e1300000|100%| O|  |TAMS 0x00000000e1300000, 0x00000000e1200000| Untracked 
|  19|0x00000000e1300000, 0x00000000e1400000, 0x00000000e1400000|100%| O|  |TAMS 0x00000000e1400000, 0x00000000e1300000| Untracked 
|  20|0x00000000e1400000, 0x00000000e1500000, 0x00000000e1500000|100%| O|  |TAMS 0x00000000e1500000, 0x00000000e1400000| Untracked 
|  21|0x00000000e1500000, 0x00000000e1600000, 0x00000000e1600000|100%| O|  |TAMS 0x00000000e1600000, 0x00000000e1500000| Untracked 
|  22|0x00000000e1600000, 0x00000000e1700000, 0x00000000e1700000|100%| O|  |TAMS 0x00000000e1700000, 0x00000000e1600000| Untracked 
|  23|0x00000000e1700000, 0x00000000e1800000, 0x00000000e1800000|100%| O|  |TAMS 0x00000000e1800000, 0x00000000e1700000| Untracked 
|  24|0x00000000e1800000, 0x00000000e1900000, 0x00000000e1900000|100%| O|  |TAMS 0x00000000e1900000, 0x00000000e1800000| Untracked 
|  25|0x00000000e1900000, 0x00000000e1a00000, 0x00000000e1a00000|100%| O|  |TAMS 0x00000000e1a00000, 0x00000000e1900000| Untracked 
|  26|0x00000000e1a00000, 0x00000000e1b00000, 0x00000000e1b00000|100%| O|  |TAMS 0x00000000e1b00000, 0x00000000e1a00000| Untracked 
|  27|0x00000000e1b00000, 0x00000000e1c00000, 0x00000000e1c00000|100%| O|  |TAMS 0x00000000e1c00000, 0x00000000e1b00000| Untracked 
|  28|0x00000000e1c00000, 0x00000000e1d00000, 0x00000000e1d00000|100%| O|  |TAMS 0x00000000e1d00000, 0x00000000e1c00000| Untracked 
|  29|0x00000000e1d00000, 0x00000000e1e00000, 0x00000000e1e00000|100%| O|  |TAMS 0x00000000e1e00000, 0x00000000e1d00000| Untracked 
|  30|0x00000000e1e00000, 0x00000000e1f00000, 0x00000000e1f00000|100%| O|  |TAMS 0x00000000e1f00000, 0x00000000e1e00000| Untracked 
|  31|0x00000000e1f00000, 0x00000000e2000000, 0x00000000e2000000|100%| O|  |TAMS 0x00000000e1f27200, 0x00000000e1f00000| Untracked 
|  32|0x00000000e2000000, 0x00000000e2100000, 0x00000000e2100000|100%| O|  |TAMS 0x00000000e2000000, 0x00000000e2000000| Untracked 
|  33|0x00000000e2100000, 0x00000000e2200000, 0x00000000e2200000|100%| O|  |TAMS 0x00000000e2100000, 0x00000000e2100000| Untracked 
|  34|0x00000000e2200000, 0x00000000e2300000, 0x00000000e2300000|100%| O|  |TAMS 0x00000000e2200000, 0x00000000e2200000| Untracked 
|  35|0x00000000e2300000, 0x00000000e2400000, 0x00000000e2400000|100%| O|  |TAMS 0x00000000e2300000, 0x00000000e2300000| Untracked 
|  36|0x00000000e2400000, 0x00000000e2500000, 0x00000000e2500000|100%| O|  |TAMS 0x00000000e2400000, 0x00000000e2400000| Untracked 
|  37|0x00000000e2500000, 0x00000000e2600000, 0x00000000e2600000|100%| O|  |TAMS 0x00000000e2500000, 0x00000000e2500000| Untracked 
|  38|0x00000000e2600000, 0x00000000e2700000, 0x00000000e2700000|100%| O|  |TAMS 0x00000000e2600000, 0x00000000e2600000| Untracked 
|  39|0x00000000e2700000, 0x00000000e2800000, 0x00000000e2800000|100%| O|  |TAMS 0x00000000e2700000, 0x00000000e2700000| Untracked 
|  40|0x00000000e2800000, 0x00000000e2900000, 0x00000000e2900000|100%| O|  |TAMS 0x00000000e2800000, 0x00000000e2800000| Untracked 
|  41|0x00000000e2900000, 0x00000000e2a00000, 0x00000000e2a00000|100%| O|  |TAMS 0x00000000e2900000, 0x00000000e2900000| Untracked 
|  42|0x00000000e2a00000, 0x00000000e2b00000, 0x00000000e2b00000|100%| O|  |TAMS 0x00000000e2a00000, 0x00000000e2a00000| Untracked 
|  43|0x00000000e2b00000, 0x00000000e2c00000, 0x00000000e2c00000|100%| O|  |TAMS 0x00000000e2b00000, 0x00000000e2b00000| Untracked 
|  44|0x00000000e2c00000, 0x00000000e2d00000, 0x00000000e2d00000|100%| O|  |TAMS 0x00000000e2c00000, 0x00000000e2c00000| Untracked 
|  45|0x00000000e2d00000, 0x00000000e2e00000, 0x00000000e2e00000|100%| O|  |TAMS 0x00000000e2d00000, 0x00000000e2d00000| Untracked 
|  46|0x00000000e2e00000, 0x00000000e2f00000, 0x00000000e2f00000|100%| O|  |TAMS 0x00000000e2e00000, 0x00000000e2e00000| Untracked 
|  47|0x00000000e2f00000, 0x00000000e3000000, 0x00000000e3000000|100%| O|  |TAMS 0x00000000e2f00000, 0x00000000e2f00000| Untracked 
|  48|0x00000000e3000000, 0x00000000e3100000, 0x00000000e3100000|100%| O|  |TAMS 0x00000000e3000000, 0x00000000e3000000| Untracked 
|  49|0x00000000e3100000, 0x00000000e3200000, 0x00000000e3200000|100%| O|  |TAMS 0x00000000e3100000, 0x00000000e3100000| Untracked 
|  50|0x00000000e3200000, 0x00000000e3300000, 0x00000000e3300000|100%| O|  |TAMS 0x00000000e3200000, 0x00000000e3200000| Untracked 
|  51|0x00000000e3300000, 0x00000000e3400000, 0x00000000e3400000|100%| O|  |TAMS 0x00000000e3300000, 0x00000000e3300000| Untracked 
|  52|0x00000000e3400000, 0x00000000e3500000, 0x00000000e3500000|100%| O|  |TAMS 0x00000000e3400000, 0x00000000e3400000| Untracked 
|  53|0x00000000e3500000, 0x00000000e3600000, 0x00000000e3600000|100%| O|  |TAMS 0x00000000e3500000, 0x00000000e3500000| Untracked 
|  54|0x00000000e3600000, 0x00000000e3700000, 0x00000000e3700000|100%| O|  |TAMS 0x00000000e3600000, 0x00000000e3600000| Untracked 
|  55|0x00000000e3700000, 0x00000000e3800000, 0x00000000e3800000|100%| O|  |TAMS 0x00000000e3700000, 0x00000000e3700000| Untracked 
|  56|0x00000000e3800000, 0x00000000e3900000, 0x00000000e3900000|100%| O|  |TAMS 0x00000000e3800000, 0x00000000e3800000| Untracked 
|  57|0x00000000e3900000, 0x00000000e3a00000, 0x00000000e3a00000|100%| O|  |TAMS 0x00000000e3900000, 0x00000000e3900000| Untracked 
|  58|0x00000000e3a00000, 0x00000000e3b00000, 0x00000000e3b00000|100%| O|  |TAMS 0x00000000e3a00000, 0x00000000e3a00000| Untracked 
|  59|0x00000000e3b00000, 0x00000000e3c00000, 0x00000000e3c00000|100%| O|  |TAMS 0x00000000e3b00000, 0x00000000e3b00000| Untracked 
|  60|0x00000000e3c00000, 0x00000000e3d00000, 0x00000000e3d00000|100%| O|  |TAMS 0x00000000e3c00000, 0x00000000e3c00000| Untracked 
|  61|0x00000000e3d00000, 0x00000000e3e00000, 0x00000000e3e00000|100%| O|  |TAMS 0x00000000e3d00000, 0x00000000e3d00000| Untracked 
|  62|0x00000000e3e00000, 0x00000000e3f00000, 0x00000000e3f00000|100%| O|  |TAMS 0x00000000e3e00000, 0x00000000e3e00000| Untracked 
|  63|0x00000000e3f00000, 0x00000000e4000000, 0x00000000e4000000|100%| O|  |TAMS 0x00000000e3f00000, 0x00000000e3f00000| Untracked 
|  64|0x00000000e4000000, 0x00000000e4100000, 0x00000000e4100000|100%| O|  |TAMS 0x00000000e4000000, 0x00000000e4000000| Untracked 
|  65|0x00000000e4100000, 0x00000000e4181600, 0x00000000e4200000| 50%| O|  |TAMS 0x00000000e4100000, 0x00000000e4100000| Untracked 
|  66|0x00000000e4200000, 0x00000000e4300000, 0x00000000e4300000|100%|HS|  |TAMS 0x00000000e4200000, 0x00000000e4200000| Complete 
|  67|0x00000000e4300000, 0x00000000e4400000, 0x00000000e4400000|100%|HS|  |TAMS 0x00000000e4300000, 0x00000000e4300000| Complete 
|  68|0x00000000e4400000, 0x00000000e4400000, 0x00000000e4500000|  0%| F|  |TAMS 0x00000000e4400000, 0x00000000e4400000| Untracked 
|  69|0x00000000e4500000, 0x00000000e4500000, 0x00000000e4600000|  0%| F|  |TAMS 0x00000000e4500000, 0x00000000e4500000| Untracked 
|  70|0x00000000e4600000, 0x00000000e4600000, 0x00000000e4700000|  0%| F|  |TAMS 0x00000000e4600000, 0x00000000e4600000| Untracked 
|  71|0x00000000e4700000, 0x00000000e4700000, 0x00000000e4800000|  0%| F|  |TAMS 0x00000000e4700000, 0x00000000e4700000| Untracked 
|  72|0x00000000e4800000, 0x00000000e4800000, 0x00000000e4900000|  0%| F|  |TAMS 0x00000000e4800000, 0x00000000e4800000| Untracked 
|  73|0x00000000e4900000, 0x00000000e4900000, 0x00000000e4a00000|  0%| F|  |TAMS 0x00000000e4900000, 0x00000000e4900000| Untracked 
|  74|0x00000000e4a00000, 0x00000000e4a00000, 0x00000000e4b00000|  0%| F|  |TAMS 0x00000000e4a00000, 0x00000000e4a00000| Untracked 
|  75|0x00000000e4b00000, 0x00000000e4b00000, 0x00000000e4c00000|  0%| F|  |TAMS 0x00000000e4b00000, 0x00000000e4b00000| Untracked 
|  76|0x00000000e4c00000, 0x00000000e4c00000, 0x00000000e4d00000|  0%| F|  |TAMS 0x00000000e4c00000, 0x00000000e4c00000| Untracked 
|  77|0x00000000e4d00000, 0x00000000e4d00000, 0x00000000e4e00000|  0%| F|  |TAMS 0x00000000e4d00000, 0x00000000e4d00000| Untracked 
|  78|0x00000000e4e00000, 0x00000000e4e00000, 0x00000000e4f00000|  0%| F|  |TAMS 0x00000000e4e00000, 0x00000000e4e00000| Untracked 
|  79|0x00000000e4f00000, 0x00000000e4f00000, 0x00000000e5000000|  0%| F|  |TAMS 0x00000000e4f00000, 0x00000000e4f00000| Untracked 
|  80|0x00000000e5000000, 0x00000000e5000000, 0x00000000e5100000|  0%| F|  |TAMS 0x00000000e5000000, 0x00000000e5000000| Untracked 
|  81|0x00000000e5100000, 0x00000000e5100000, 0x00000000e5200000|  0%| F|  |TAMS 0x00000000e5100000, 0x00000000e5100000| Untracked 
|  82|0x00000000e5200000, 0x00000000e5200000, 0x00000000e5300000|  0%| F|  |TAMS 0x00000000e5200000, 0x00000000e5200000| Untracked 
|  83|0x00000000e5300000, 0x00000000e5300000, 0x00000000e5400000|  0%| F|  |TAMS 0x00000000e5300000, 0x00000000e5300000| Untracked 
|  84|0x00000000e5400000, 0x00000000e5400000, 0x00000000e5500000|  0%| F|  |TAMS 0x00000000e5400000, 0x00000000e5400000| Untracked 
|  85|0x00000000e5500000, 0x00000000e5500000, 0x00000000e5600000|  0%| F|  |TAMS 0x00000000e5500000, 0x00000000e5500000| Untracked 
|  86|0x00000000e5600000, 0x00000000e5600000, 0x00000000e5700000|  0%| F|  |TAMS 0x00000000e5600000, 0x00000000e5600000| Untracked 
|  87|0x00000000e5700000, 0x00000000e5700000, 0x00000000e5800000|  0%| F|  |TAMS 0x00000000e5700000, 0x00000000e5700000| Untracked 
|  88|0x00000000e5800000, 0x00000000e5800000, 0x00000000e5900000|  0%| F|  |TAMS 0x00000000e5800000, 0x00000000e5800000| Untracked 
|  89|0x00000000e5900000, 0x00000000e5900000, 0x00000000e5a00000|  0%| F|  |TAMS 0x00000000e5900000, 0x00000000e5900000| Untracked 
|  90|0x00000000e5a00000, 0x00000000e5a00000, 0x00000000e5b00000|  0%| F|  |TAMS 0x00000000e5a00000, 0x00000000e5a00000| Untracked 
|  91|0x00000000e5b00000, 0x00000000e5b00000, 0x00000000e5c00000|  0%| F|  |TAMS 0x00000000e5b00000, 0x00000000e5b00000| Untracked 
|  92|0x00000000e5c00000, 0x00000000e5c00000, 0x00000000e5d00000|  0%| F|  |TAMS 0x00000000e5c00000, 0x00000000e5c00000| Untracked 
|  93|0x00000000e5d00000, 0x00000000e5d00000, 0x00000000e5e00000|  0%| F|  |TAMS 0x00000000e5d00000, 0x00000000e5d00000| Untracked 
|  94|0x00000000e5e00000, 0x00000000e5e00000, 0x00000000e5f00000|  0%| F|  |TAMS 0x00000000e5e00000, 0x00000000e5e00000| Untracked 
|  95|0x00000000e5f00000, 0x00000000e5f00000, 0x00000000e6000000|  0%| F|  |TAMS 0x00000000e5f00000, 0x00000000e5f00000| Untracked 
|  96|0x00000000e6000000, 0x00000000e6000000, 0x00000000e6100000|  0%| F|  |TAMS 0x00000000e6000000, 0x00000000e6000000| Untracked 
|  97|0x00000000e6100000, 0x00000000e6100000, 0x00000000e6200000|  0%| F|  |TAMS 0x00000000e6100000, 0x00000000e6100000| Untracked 
|  98|0x00000000e6200000, 0x00000000e6200000, 0x00000000e6300000|  0%| F|  |TAMS 0x00000000e6200000, 0x00000000e6200000| Untracked 
|  99|0x00000000e6300000, 0x00000000e6300000, 0x00000000e6400000|  0%| F|  |TAMS 0x00000000e6300000, 0x00000000e6300000| Untracked 
| 100|0x00000000e6400000, 0x00000000e6400000, 0x00000000e6500000|  0%| F|  |TAMS 0x00000000e6400000, 0x00000000e6400000| Untracked 
| 101|0x00000000e6500000, 0x00000000e6500000, 0x00000000e6600000|  0%| F|  |TAMS 0x00000000e6500000, 0x00000000e6500000| Untracked 
| 102|0x00000000e6600000, 0x00000000e6600000, 0x00000000e6700000|  0%| F|  |TAMS 0x00000000e6600000, 0x00000000e6600000| Untracked 
| 103|0x00000000e6700000, 0x00000000e6700000, 0x00000000e6800000|  0%| F|  |TAMS 0x00000000e6700000, 0x00000000e6700000| Untracked 
| 104|0x00000000e6800000, 0x00000000e6800000, 0x00000000e6900000|  0%| F|  |TAMS 0x00000000e6800000, 0x00000000e6800000| Untracked 
| 105|0x00000000e6900000, 0x00000000e6900000, 0x00000000e6a00000|  0%| F|  |TAMS 0x00000000e6900000, 0x00000000e6900000| Untracked 
| 106|0x00000000e6a00000, 0x00000000e6a00000, 0x00000000e6b00000|  0%| F|  |TAMS 0x00000000e6a00000, 0x00000000e6a00000| Untracked 
| 107|0x00000000e6b00000, 0x00000000e6b00000, 0x00000000e6c00000|  0%| F|  |TAMS 0x00000000e6b00000, 0x00000000e6b00000| Untracked 
| 108|0x00000000e6c00000, 0x00000000e6c00000, 0x00000000e6d00000|  0%| F|  |TAMS 0x00000000e6c00000, 0x00000000e6c00000| Untracked 
| 109|0x00000000e6d00000, 0x00000000e6dfdde0, 0x00000000e6e00000| 99%| S|CS|TAMS 0x00000000e6d00000, 0x00000000e6d00000| Complete 
| 110|0x00000000e6e00000, 0x00000000e6f00000, 0x00000000e6f00000|100%| S|CS|TAMS 0x00000000e6e00000, 0x00000000e6e00000| Complete 
| 111|0x00000000e6f00000, 0x00000000e7000000, 0x00000000e7000000|100%| S|CS|TAMS 0x00000000e6f00000, 0x00000000e6f00000| Complete 
| 112|0x00000000e7000000, 0x00000000e7000000, 0x00000000e7100000|  0%| F|  |TAMS 0x00000000e7000000, 0x00000000e7000000| Untracked 
| 113|0x00000000e7100000, 0x00000000e7100000, 0x00000000e7200000|  0%| F|  |TAMS 0x00000000e7100000, 0x00000000e7100000| Untracked 
| 114|0x00000000e7200000, 0x00000000e7200000, 0x00000000e7300000|  0%| F|  |TAMS 0x00000000e7200000, 0x00000000e7200000| Untracked 
| 115|0x00000000e7300000, 0x00000000e7300000, 0x00000000e7400000|  0%| F|  |TAMS 0x00000000e7300000, 0x00000000e7300000| Untracked 
| 116|0x00000000e7400000, 0x00000000e7400000, 0x00000000e7500000|  0%| F|  |TAMS 0x00000000e7400000, 0x00000000e7400000| Untracked 
| 117|0x00000000e7500000, 0x00000000e7500000, 0x00000000e7600000|  0%| F|  |TAMS 0x00000000e7500000, 0x00000000e7500000| Untracked 
| 118|0x00000000e7600000, 0x00000000e7600000, 0x00000000e7700000|  0%| F|  |TAMS 0x00000000e7600000, 0x00000000e7600000| Untracked 
| 119|0x00000000e7700000, 0x00000000e7700000, 0x00000000e7800000|  0%| F|  |TAMS 0x00000000e7700000, 0x00000000e7700000| Untracked 
| 120|0x00000000e7800000, 0x00000000e7800000, 0x00000000e7900000|  0%| F|  |TAMS 0x00000000e7800000, 0x00000000e7800000| Untracked 
| 121|0x00000000e7900000, 0x00000000e7a00000, 0x00000000e7a00000|100%| S|CS|TAMS 0x00000000e7900000, 0x00000000e7900000| Complete 
| 122|0x00000000e7a00000, 0x00000000e7b00000, 0x00000000e7b00000|100%| S|CS|TAMS 0x00000000e7a00000, 0x00000000e7a00000| Complete 
| 123|0x00000000e7b00000, 0x00000000e7c00000, 0x00000000e7c00000|100%| S|CS|TAMS 0x00000000e7b00000, 0x00000000e7b00000| Complete 
| 124|0x00000000e7c00000, 0x00000000e7c00000, 0x00000000e7d00000|  0%| F|  |TAMS 0x00000000e7c00000, 0x00000000e7c00000| Untracked 
| 125|0x00000000e7d00000, 0x00000000e7d00000, 0x00000000e7e00000|  0%| F|  |TAMS 0x00000000e7d00000, 0x00000000e7d00000| Untracked 
| 126|0x00000000e7e00000, 0x00000000e7e00000, 0x00000000e7f00000|  0%| F|  |TAMS 0x00000000e7e00000, 0x00000000e7e00000| Untracked 
| 127|0x00000000e7f00000, 0x00000000e7f00000, 0x00000000e8000000|  0%| F|  |TAMS 0x00000000e7f00000, 0x00000000e7f00000| Untracked 
| 128|0x00000000e8000000, 0x00000000e8000000, 0x00000000e8100000|  0%| F|  |TAMS 0x00000000e8000000, 0x00000000e8000000| Untracked 
| 129|0x00000000e8100000, 0x00000000e8100000, 0x00000000e8200000|  0%| F|  |TAMS 0x00000000e8100000, 0x00000000e8100000| Untracked 
| 130|0x00000000e8200000, 0x00000000e8200000, 0x00000000e8300000|  0%| F|  |TAMS 0x00000000e8200000, 0x00000000e8200000| Untracked 
| 131|0x00000000e8300000, 0x00000000e8300000, 0x00000000e8400000|  0%| F|  |TAMS 0x00000000e8300000, 0x00000000e8300000| Untracked 
| 132|0x00000000e8400000, 0x00000000e8400000, 0x00000000e8500000|  0%| F|  |TAMS 0x00000000e8400000, 0x00000000e8400000| Untracked 
| 133|0x00000000e8500000, 0x00000000e8500000, 0x00000000e8600000|  0%| F|  |TAMS 0x00000000e8500000, 0x00000000e8500000| Untracked 
| 134|0x00000000e8600000, 0x00000000e8600000, 0x00000000e8700000|  0%| F|  |TAMS 0x00000000e8600000, 0x00000000e8600000| Untracked 
| 135|0x00000000e8700000, 0x00000000e8700000, 0x00000000e8800000|  0%| F|  |TAMS 0x00000000e8700000, 0x00000000e8700000| Untracked 
| 136|0x00000000e8800000, 0x00000000e8800000, 0x00000000e8900000|  0%| F|  |TAMS 0x00000000e8800000, 0x00000000e8800000| Untracked 
| 137|0x00000000e8900000, 0x00000000e8900000, 0x00000000e8a00000|  0%| F|  |TAMS 0x00000000e8900000, 0x00000000e8900000| Untracked 
| 138|0x00000000e8a00000, 0x00000000e8a00000, 0x00000000e8b00000|  0%| F|  |TAMS 0x00000000e8a00000, 0x00000000e8a00000| Untracked 
| 139|0x00000000e8b00000, 0x00000000e8b00000, 0x00000000e8c00000|  0%| F|  |TAMS 0x00000000e8b00000, 0x00000000e8b00000| Untracked 
| 140|0x00000000e8c00000, 0x00000000e8c00000, 0x00000000e8d00000|  0%| F|  |TAMS 0x00000000e8c00000, 0x00000000e8c00000| Untracked 
| 141|0x00000000e8d00000, 0x00000000e8d00000, 0x00000000e8e00000|  0%| F|  |TAMS 0x00000000e8d00000, 0x00000000e8d00000| Untracked 
| 142|0x00000000e8e00000, 0x00000000e8e00000, 0x00000000e8f00000|  0%| F|  |TAMS 0x00000000e8e00000, 0x00000000e8e00000| Untracked 
| 143|0x00000000e8f00000, 0x00000000e8f00000, 0x00000000e9000000|  0%| F|  |TAMS 0x00000000e8f00000, 0x00000000e8f00000| Untracked 
| 144|0x00000000e9000000, 0x00000000e9000000, 0x00000000e9100000|  0%| F|  |TAMS 0x00000000e9000000, 0x00000000e9000000| Untracked 
| 145|0x00000000e9100000, 0x00000000e9100000, 0x00000000e9200000|  0%| F|  |TAMS 0x00000000e9100000, 0x00000000e9100000| Untracked 
| 146|0x00000000e9200000, 0x00000000e9200000, 0x00000000e9300000|  0%| F|  |TAMS 0x00000000e9200000, 0x00000000e9200000| Untracked 
| 147|0x00000000e9300000, 0x00000000e9300000, 0x00000000e9400000|  0%| F|  |TAMS 0x00000000e9300000, 0x00000000e9300000| Untracked 
| 148|0x00000000e9400000, 0x00000000e9400000, 0x00000000e9500000|  0%| F|  |TAMS 0x00000000e9400000, 0x00000000e9400000| Untracked 
| 149|0x00000000e9500000, 0x00000000e9500000, 0x00000000e9600000|  0%| F|  |TAMS 0x00000000e9500000, 0x00000000e9500000| Untracked 
| 150|0x00000000e9600000, 0x00000000e9600000, 0x00000000e9700000|  0%| F|  |TAMS 0x00000000e9600000, 0x00000000e9600000| Untracked 
| 151|0x00000000e9700000, 0x00000000e9700000, 0x00000000e9800000|  0%| F|  |TAMS 0x00000000e9700000, 0x00000000e9700000| Untracked 
| 152|0x00000000e9800000, 0x00000000e9800000, 0x00000000e9900000|  0%| F|  |TAMS 0x00000000e9800000, 0x00000000e9800000| Untracked 
| 153|0x00000000e9900000, 0x00000000e9900000, 0x00000000e9a00000|  0%| F|  |TAMS 0x00000000e9900000, 0x00000000e9900000| Untracked 
| 154|0x00000000e9a00000, 0x00000000e9a00000, 0x00000000e9b00000|  0%| F|  |TAMS 0x00000000e9a00000, 0x00000000e9a00000| Untracked 
| 155|0x00000000e9b00000, 0x00000000e9b83490, 0x00000000e9c00000| 51%| E|  |TAMS 0x00000000e9b00000, 0x00000000e9b00000| Complete 
| 156|0x00000000e9c00000, 0x00000000e9d00000, 0x00000000e9d00000|100%| E|CS|TAMS 0x00000000e9c00000, 0x00000000e9c00000| Complete 
| 157|0x00000000e9d00000, 0x00000000e9e00000, 0x00000000e9e00000|100%| E|CS|TAMS 0x00000000e9d00000, 0x00000000e9d00000| Complete 
| 158|0x00000000e9e00000, 0x00000000e9f00000, 0x00000000e9f00000|100%| E|  |TAMS 0x00000000e9e00000, 0x00000000e9e00000| Complete 
| 159|0x00000000e9f00000, 0x00000000ea000000, 0x00000000ea000000|100%| E|CS|TAMS 0x00000000e9f00000, 0x00000000e9f00000| Complete 
| 160|0x00000000ea000000, 0x00000000ea100000, 0x00000000ea100000|100%| E|CS|TAMS 0x00000000ea000000, 0x00000000ea000000| Complete 
| 161|0x00000000ea100000, 0x00000000ea200000, 0x00000000ea200000|100%| E|CS|TAMS 0x00000000ea100000, 0x00000000ea100000| Complete 
| 162|0x00000000ea200000, 0x00000000ea300000, 0x00000000ea300000|100%| E|CS|TAMS 0x00000000ea200000, 0x00000000ea200000| Complete 
| 163|0x00000000ea300000, 0x00000000ea400000, 0x00000000ea400000|100%| E|CS|TAMS 0x00000000ea300000, 0x00000000ea300000| Complete 
| 164|0x00000000ea400000, 0x00000000ea500000, 0x00000000ea500000|100%| E|CS|TAMS 0x00000000ea400000, 0x00000000ea400000| Complete 
| 165|0x00000000ea500000, 0x00000000ea600000, 0x00000000ea600000|100%| E|CS|TAMS 0x00000000ea500000, 0x00000000ea500000| Complete 
| 166|0x00000000ea600000, 0x00000000ea700000, 0x00000000ea700000|100%| E|CS|TAMS 0x00000000ea600000, 0x00000000ea600000| Complete 
| 167|0x00000000ea700000, 0x00000000ea800000, 0x00000000ea800000|100%| E|CS|TAMS 0x00000000ea700000, 0x00000000ea700000| Complete 
| 168|0x00000000ea800000, 0x00000000ea900000, 0x00000000ea900000|100%| E|CS|TAMS 0x00000000ea800000, 0x00000000ea800000| Complete 
| 169|0x00000000ea900000, 0x00000000eaa00000, 0x00000000eaa00000|100%| E|CS|TAMS 0x00000000ea900000, 0x00000000ea900000| Complete 
| 170|0x00000000eaa00000, 0x00000000eab00000, 0x00000000eab00000|100%| E|CS|TAMS 0x00000000eaa00000, 0x00000000eaa00000| Complete 
| 171|0x00000000eab00000, 0x00000000eac00000, 0x00000000eac00000|100%| E|CS|TAMS 0x00000000eab00000, 0x00000000eab00000| Complete 
| 172|0x00000000eac00000, 0x00000000ead00000, 0x00000000ead00000|100%| E|CS|TAMS 0x00000000eac00000, 0x00000000eac00000| Complete 
| 173|0x00000000ead00000, 0x00000000eae00000, 0x00000000eae00000|100%| E|CS|TAMS 0x00000000ead00000, 0x00000000ead00000| Complete 
| 174|0x00000000eae00000, 0x00000000eaf00000, 0x00000000eaf00000|100%| E|CS|TAMS 0x00000000eae00000, 0x00000000eae00000| Complete 
| 175|0x00000000eaf00000, 0x00000000eb000000, 0x00000000eb000000|100%| E|CS|TAMS 0x00000000eaf00000, 0x00000000eaf00000| Complete 
| 176|0x00000000eb000000, 0x00000000eb100000, 0x00000000eb100000|100%| E|CS|TAMS 0x00000000eb000000, 0x00000000eb000000| Complete 
| 177|0x00000000eb100000, 0x00000000eb200000, 0x00000000eb200000|100%| E|CS|TAMS 0x00000000eb100000, 0x00000000eb100000| Complete 
| 178|0x00000000eb200000, 0x00000000eb300000, 0x00000000eb300000|100%| E|CS|TAMS 0x00000000eb200000, 0x00000000eb200000| Complete 
| 179|0x00000000eb300000, 0x00000000eb400000, 0x00000000eb400000|100%| E|CS|TAMS 0x00000000eb300000, 0x00000000eb300000| Complete 
| 180|0x00000000eb400000, 0x00000000eb500000, 0x00000000eb500000|100%| E|CS|TAMS 0x00000000eb400000, 0x00000000eb400000| Complete 
| 181|0x00000000eb500000, 0x00000000eb600000, 0x00000000eb600000|100%| E|CS|TAMS 0x00000000eb500000, 0x00000000eb500000| Complete 
| 182|0x00000000eb600000, 0x00000000eb700000, 0x00000000eb700000|100%| E|CS|TAMS 0x00000000eb600000, 0x00000000eb600000| Complete 
| 183|0x00000000eb700000, 0x00000000eb800000, 0x00000000eb800000|100%| E|CS|TAMS 0x00000000eb700000, 0x00000000eb700000| Complete 
| 184|0x00000000eb800000, 0x00000000eb900000, 0x00000000eb900000|100%| E|CS|TAMS 0x00000000eb800000, 0x00000000eb800000| Complete 
| 185|0x00000000eb900000, 0x00000000eba00000, 0x00000000eba00000|100%| E|CS|TAMS 0x00000000eb900000, 0x00000000eb900000| Complete 
| 186|0x00000000eba00000, 0x00000000ebb00000, 0x00000000ebb00000|100%| E|CS|TAMS 0x00000000eba00000, 0x00000000eba00000| Complete 
| 187|0x00000000ebb00000, 0x00000000ebc00000, 0x00000000ebc00000|100%| E|CS|TAMS 0x00000000ebb00000, 0x00000000ebb00000| Complete 
| 188|0x00000000ebc00000, 0x00000000ebd00000, 0x00000000ebd00000|100%| E|CS|TAMS 0x00000000ebc00000, 0x00000000ebc00000| Complete 
| 189|0x00000000ebd00000, 0x00000000ebe00000, 0x00000000ebe00000|100%| E|CS|TAMS 0x00000000ebd00000, 0x00000000ebd00000| Complete 
| 190|0x00000000ebe00000, 0x00000000ebf00000, 0x00000000ebf00000|100%| E|CS|TAMS 0x00000000ebe00000, 0x00000000ebe00000| Complete 
| 191|0x00000000ebf00000, 0x00000000ec000000, 0x00000000ec000000|100%| E|CS|TAMS 0x00000000ebf00000, 0x00000000ebf00000| Complete 
| 192|0x00000000ec000000, 0x00000000ec100000, 0x00000000ec100000|100%| E|CS|TAMS 0x00000000ec000000, 0x00000000ec000000| Complete 
| 193|0x00000000ec100000, 0x00000000ec200000, 0x00000000ec200000|100%| E|CS|TAMS 0x00000000ec100000, 0x00000000ec100000| Complete 
| 194|0x00000000ec200000, 0x00000000ec300000, 0x00000000ec300000|100%| E|CS|TAMS 0x00000000ec200000, 0x00000000ec200000| Complete 
| 195|0x00000000ec300000, 0x00000000ec400000, 0x00000000ec400000|100%| E|CS|TAMS 0x00000000ec300000, 0x00000000ec300000| Complete 
| 196|0x00000000ec400000, 0x00000000ec500000, 0x00000000ec500000|100%| E|CS|TAMS 0x00000000ec400000, 0x00000000ec400000| Complete 
| 197|0x00000000ec500000, 0x00000000ec600000, 0x00000000ec600000|100%| E|CS|TAMS 0x00000000ec500000, 0x00000000ec500000| Complete 
| 198|0x00000000ec600000, 0x00000000ec700000, 0x00000000ec700000|100%| E|CS|TAMS 0x00000000ec600000, 0x00000000ec600000| Complete 
| 199|0x00000000ec700000, 0x00000000ec800000, 0x00000000ec800000|100%| E|CS|TAMS 0x00000000ec700000, 0x00000000ec700000| Complete 
| 200|0x00000000ec800000, 0x00000000ec900000, 0x00000000ec900000|100%| E|CS|TAMS 0x00000000ec800000, 0x00000000ec800000| Complete 
| 201|0x00000000ec900000, 0x00000000eca00000, 0x00000000eca00000|100%| E|CS|TAMS 0x00000000ec900000, 0x00000000ec900000| Complete 
| 202|0x00000000eca00000, 0x00000000ecb00000, 0x00000000ecb00000|100%| E|CS|TAMS 0x00000000eca00000, 0x00000000eca00000| Complete 
| 203|0x00000000ecb00000, 0x00000000ecc00000, 0x00000000ecc00000|100%| E|CS|TAMS 0x00000000ecb00000, 0x00000000ecb00000| Complete 
| 204|0x00000000ecc00000, 0x00000000ecd00000, 0x00000000ecd00000|100%| E|CS|TAMS 0x00000000ecc00000, 0x00000000ecc00000| Complete 
| 205|0x00000000ecd00000, 0x00000000ece00000, 0x00000000ece00000|100%| E|CS|TAMS 0x00000000ecd00000, 0x00000000ecd00000| Complete 
| 206|0x00000000ece00000, 0x00000000ecf00000, 0x00000000ecf00000|100%| E|CS|TAMS 0x00000000ece00000, 0x00000000ece00000| Complete 
| 207|0x00000000ecf00000, 0x00000000ed000000, 0x00000000ed000000|100%| E|CS|TAMS 0x00000000ecf00000, 0x00000000ecf00000| Complete 
| 208|0x00000000ed000000, 0x00000000ed100000, 0x00000000ed100000|100%| E|CS|TAMS 0x00000000ed000000, 0x00000000ed000000| Complete 
| 209|0x00000000ed100000, 0x00000000ed200000, 0x00000000ed200000|100%| E|CS|TAMS 0x00000000ed100000, 0x00000000ed100000| Complete 
| 210|0x00000000ed200000, 0x00000000ed300000, 0x00000000ed300000|100%| E|CS|TAMS 0x00000000ed200000, 0x00000000ed200000| Complete 
| 211|0x00000000ed300000, 0x00000000ed400000, 0x00000000ed400000|100%| E|CS|TAMS 0x00000000ed300000, 0x00000000ed300000| Complete 
| 212|0x00000000ed400000, 0x00000000ed500000, 0x00000000ed500000|100%| E|CS|TAMS 0x00000000ed400000, 0x00000000ed400000| Complete 
| 213|0x00000000ed500000, 0x00000000ed600000, 0x00000000ed600000|100%| E|CS|TAMS 0x00000000ed500000, 0x00000000ed500000| Complete 
| 214|0x00000000ed600000, 0x00000000ed700000, 0x00000000ed700000|100%| E|CS|TAMS 0x00000000ed600000, 0x00000000ed600000| Complete 
| 215|0x00000000ed700000, 0x00000000ed800000, 0x00000000ed800000|100%| E|CS|TAMS 0x00000000ed700000, 0x00000000ed700000| Complete 
| 216|0x00000000ed800000, 0x00000000ed900000, 0x00000000ed900000|100%| E|CS|TAMS 0x00000000ed800000, 0x00000000ed800000| Complete 
| 217|0x00000000ed900000, 0x00000000eda00000, 0x00000000eda00000|100%| E|CS|TAMS 0x00000000ed900000, 0x00000000ed900000| Complete 
| 218|0x00000000eda00000, 0x00000000edb00000, 0x00000000edb00000|100%| E|CS|TAMS 0x00000000eda00000, 0x00000000eda00000| Complete 
| 219|0x00000000edb00000, 0x00000000edc00000, 0x00000000edc00000|100%| E|CS|TAMS 0x00000000edb00000, 0x00000000edb00000| Complete 
| 220|0x00000000edc00000, 0x00000000edd00000, 0x00000000edd00000|100%| E|CS|TAMS 0x00000000edc00000, 0x00000000edc00000| Complete 
| 221|0x00000000edd00000, 0x00000000ede00000, 0x00000000ede00000|100%| E|CS|TAMS 0x00000000edd00000, 0x00000000edd00000| Complete 
| 222|0x00000000ede00000, 0x00000000edf00000, 0x00000000edf00000|100%| E|CS|TAMS 0x00000000ede00000, 0x00000000ede00000| Complete 
| 223|0x00000000edf00000, 0x00000000ee000000, 0x00000000ee000000|100%| E|CS|TAMS 0x00000000edf00000, 0x00000000edf00000| Complete 
| 224|0x00000000ee000000, 0x00000000ee100000, 0x00000000ee100000|100%| E|CS|TAMS 0x00000000ee000000, 0x00000000ee000000| Complete 
| 225|0x00000000ee100000, 0x00000000ee200000, 0x00000000ee200000|100%| E|CS|TAMS 0x00000000ee100000, 0x00000000ee100000| Complete 
| 226|0x00000000ee200000, 0x00000000ee300000, 0x00000000ee300000|100%| E|CS|TAMS 0x00000000ee200000, 0x00000000ee200000| Complete 
| 227|0x00000000ee300000, 0x00000000ee400000, 0x00000000ee400000|100%| E|CS|TAMS 0x00000000ee300000, 0x00000000ee300000| Complete 
| 228|0x00000000ee400000, 0x00000000ee500000, 0x00000000ee500000|100%| E|CS|TAMS 0x00000000ee400000, 0x00000000ee400000| Complete 
| 229|0x00000000ee500000, 0x00000000ee600000, 0x00000000ee600000|100%| E|CS|TAMS 0x00000000ee500000, 0x00000000ee500000| Complete 
| 230|0x00000000ee600000, 0x00000000ee700000, 0x00000000ee700000|100%| E|CS|TAMS 0x00000000ee600000, 0x00000000ee600000| Complete 
| 231|0x00000000ee700000, 0x00000000ee800000, 0x00000000ee800000|100%| E|CS|TAMS 0x00000000ee700000, 0x00000000ee700000| Complete 
| 232|0x00000000ee800000, 0x00000000ee900000, 0x00000000ee900000|100%| E|CS|TAMS 0x00000000ee800000, 0x00000000ee800000| Complete 
| 233|0x00000000ee900000, 0x00000000eea00000, 0x00000000eea00000|100%| E|CS|TAMS 0x00000000ee900000, 0x00000000ee900000| Complete 
| 234|0x00000000eea00000, 0x00000000eeb00000, 0x00000000eeb00000|100%| E|CS|TAMS 0x00000000eea00000, 0x00000000eea00000| Complete 
| 235|0x00000000eeb00000, 0x00000000eec00000, 0x00000000eec00000|100%| E|CS|TAMS 0x00000000eeb00000, 0x00000000eeb00000| Complete 
| 236|0x00000000eec00000, 0x00000000eed00000, 0x00000000eed00000|100%| E|CS|TAMS 0x00000000eec00000, 0x00000000eec00000| Complete 
| 237|0x00000000eed00000, 0x00000000eee00000, 0x00000000eee00000|100%| E|CS|TAMS 0x00000000eed00000, 0x00000000eed00000| Complete 
| 238|0x00000000eee00000, 0x00000000eef00000, 0x00000000eef00000|100%| E|CS|TAMS 0x00000000eee00000, 0x00000000eee00000| Complete 
| 239|0x00000000eef00000, 0x00000000ef000000, 0x00000000ef000000|100%| E|CS|TAMS 0x00000000eef00000, 0x00000000eef00000| Complete 
| 240|0x00000000ef000000, 0x00000000ef100000, 0x00000000ef100000|100%| E|CS|TAMS 0x00000000ef000000, 0x00000000ef000000| Complete 
| 241|0x00000000ef100000, 0x00000000ef200000, 0x00000000ef200000|100%| E|CS|TAMS 0x00000000ef100000, 0x00000000ef100000| Complete 
| 242|0x00000000ef200000, 0x00000000ef300000, 0x00000000ef300000|100%| E|CS|TAMS 0x00000000ef200000, 0x00000000ef200000| Complete 
| 243|0x00000000ef300000, 0x00000000ef400000, 0x00000000ef400000|100%| E|CS|TAMS 0x00000000ef300000, 0x00000000ef300000| Complete 
| 244|0x00000000ef400000, 0x00000000ef500000, 0x00000000ef500000|100%| E|CS|TAMS 0x00000000ef400000, 0x00000000ef400000| Complete 
| 245|0x00000000ef500000, 0x00000000ef600000, 0x00000000ef600000|100%| E|CS|TAMS 0x00000000ef500000, 0x00000000ef500000| Complete 
| 246|0x00000000ef600000, 0x00000000ef700000, 0x00000000ef700000|100%| E|CS|TAMS 0x00000000ef600000, 0x00000000ef600000| Complete 
| 247|0x00000000ef700000, 0x00000000ef800000, 0x00000000ef800000|100%| E|CS|TAMS 0x00000000ef700000, 0x00000000ef700000| Complete 
| 248|0x00000000ef800000, 0x00000000ef900000, 0x00000000ef900000|100%| E|CS|TAMS 0x00000000ef800000, 0x00000000ef800000| Complete 
| 249|0x00000000ef900000, 0x00000000efa00000, 0x00000000efa00000|100%| E|CS|TAMS 0x00000000ef900000, 0x00000000ef900000| Complete 
| 250|0x00000000efa00000, 0x00000000efb00000, 0x00000000efb00000|100%| E|CS|TAMS 0x00000000efa00000, 0x00000000efa00000| Complete 
| 251|0x00000000efb00000, 0x00000000efc00000, 0x00000000efc00000|100%| E|CS|TAMS 0x00000000efb00000, 0x00000000efb00000| Complete 
| 252|0x00000000efc00000, 0x00000000efd00000, 0x00000000efd00000|100%| E|CS|TAMS 0x00000000efc00000, 0x00000000efc00000| Complete 
| 253|0x00000000efd00000, 0x00000000efe00000, 0x00000000efe00000|100%| E|CS|TAMS 0x00000000efd00000, 0x00000000efd00000| Complete 
| 254|0x00000000efe00000, 0x00000000eff00000, 0x00000000eff00000|100%| E|CS|TAMS 0x00000000efe00000, 0x00000000efe00000| Complete 
| 255|0x00000000eff00000, 0x00000000f0000000, 0x00000000f0000000|100%| E|CS|TAMS 0x00000000eff00000, 0x00000000eff00000| Complete 

Card table byte_map: [0x0000014fa1310000,0x0000014fa1410000] _byte_map_base: 0x0000014fa0c10000

Marking Bits (Prev, Next): (CMBitMap*) 0x0000014f8a64f840, (CMBitMap*) 0x0000014f8a64f880
 Prev Bits: [0x0000014fa1510000, 0x0000014fa1d10000)
 Next Bits: [0x0000014fa1d10000, 0x0000014fa2510000)

Polling page: 0x0000014f884e0000

Metaspace:

Usage:
  Non-class:     49.68 MB used.
      Class:      8.28 MB used.
       Both:     57.96 MB used.

Virtual space:
  Non-class space:       64.00 MB reserved,      50.06 MB ( 78%) committed,  1 nodes.
      Class space:      320.00 MB reserved,       8.69 MB (  3%) committed,  1 nodes.
             Both:      384.00 MB reserved,      58.75 MB ( 15%) committed. 

Chunk freelists:
   Non-Class:  13.20 MB
       Class:  7.22 MB
        Both:  20.42 MB

MaxMetaspaceSize: 384.00 MB
CompressedClassSpaceSize: 320.00 MB
Initial GC threshold: 21.00 MB
Current GC threshold: 59.38 MB
CDS: on
MetaspaceReclaimPolicy: balanced
 - commit_granule_bytes: 65536.
 - commit_granule_words: 8192.
 - virtual_space_node_default_size: 8388608.
 - enlarge_chunks_in_place: 1.
 - new_chunks_are_fully_committed: 0.
 - uncommit_free_chunks: 1.
 - use_allocation_guard: 0.
 - handle_deallocations: 1.


Internal statistics:

num_allocs_failed_limit: 9.
num_arena_births: 1022.
num_arena_deaths: 0.
num_vsnodes_births: 2.
num_vsnodes_deaths: 0.
num_space_committed: 940.
num_space_uncommitted: 0.
num_chunks_returned_to_freelist: 9.
num_chunks_taken_from_freelist: 3751.
num_chunk_merges: 9.
num_chunk_splits: 2269.
num_chunks_enlarged: 1302.
num_inconsistent_stats: 0.

CodeHeap 'non-profiled nmethods': size=120000Kb used=8737Kb max_used=8737Kb free=111262Kb
 bounds [0x0000014f999b0000, 0x0000014f9a240000, 0x0000014fa0ee0000]
CodeHeap 'profiled nmethods': size=120000Kb used=17843Kb max_used=17852Kb free=102156Kb
 bounds [0x0000014f91ee0000, 0x0000014f93060000, 0x0000014f99410000]
CodeHeap 'non-nmethods': size=5760Kb used=2337Kb max_used=2440Kb free=3423Kb
 bounds [0x0000014f99410000, 0x0000014f99680000, 0x0000014f999b0000]
 total_blobs=10680 nmethods=9827 adapters=765
 compilation: enabled
              stopped_count=0, restarted_count=0
 full_count=0

Compilation events (20 events):
Event: 2084.561 Thread 0x0000014fa4f433e0 nmethod 11551 0x0000014f9304ff10 code [0x0000014f93050320, 0x0000014f93051f38]
Event: 2084.575 Thread 0x0000014fa4f433e0 11552       3       sun.nio.ch.IOUtil::write (12 bytes)
Event: 2084.576 Thread 0x0000014fa4f433e0 nmethod 11552 0x0000014f92eb8990 code [0x0000014f92eb8b20, 0x0000014f92eb8c48]
Event: 2084.577 Thread 0x0000014fa4f433e0 11554   !   3       sun.nio.ch.SocketChannelImpl::endWrite (46 bytes)
Event: 2084.595 Thread 0x0000014fa4f433e0 nmethod 11554 0x0000014f92be6d90 code [0x0000014f92be6f60, 0x0000014f92be72f8]
Event: 2084.595 Thread 0x0000014fa4f433e0 11555   !   3       org.gradle.launcher.daemon.server.SynchronizedDispatchConnection::dispatchAndFlush (118 bytes)
Event: 2084.602 Thread 0x0000014fa4f433e0 nmethod 11555 0x0000014f92d32390 code [0x0000014f92d325e0, 0x0000014f92d32f18]
Event: 2084.602 Thread 0x0000014fa4f433e0 11556       3       org.gradle.internal.serialize.Serializers$StatefulSerializerAdapter$2::write (18 bytes)
Event: 2084.604 Thread 0x0000014fa4f433e0 nmethod 11556 0x0000014f91f76d10 code [0x0000014f91f76ec0, 0x0000014f91f770c8]
Event: 2084.604 Thread 0x0000014fa4f433e0 11557   !   3       org.gradle.launcher.daemon.server.exec.LogToClient$AsynchronousLogDispatcher::dispatchAsync (33 bytes)
Event: 2084.608 Thread 0x0000014fa4f433e0 nmethod 11557 0x0000014f92b7d090 code [0x0000014f92b7d280, 0x0000014f92b7d768]
Event: 2084.608 Thread 0x0000014fa4f433e0 11558       3       org.gradle.launcher.daemon.server.DefaultDaemonConnection::logEvent (16 bytes)
Event: 2084.608 Thread 0x0000014fa4f433e0 nmethod 11558 0x0000014f92be6610 code [0x0000014f92be67e0, 0x0000014f92be6b08]
Event: 2084.608 Thread 0x0000014fa4f433e0 11559       3       org.gradle.launcher.daemon.protocol.OutputMessage::<init> (10 bytes)
Event: 2084.608 Thread 0x0000014fa4f433e0 nmethod 11559 0x0000014f91f98510 code [0x0000014f91f986c0, 0x0000014f91f988d8]
Event: 2089.889 Thread 0x0000014fa4f433e0 11560       3       java.io.OutputStream::write (34 bytes)
Event: 2089.891 Thread 0x0000014fa4f433e0 nmethod 11560 0x0000014f92b7c810 code [0x0000014f92b7c9e0, 0x0000014f92b7ce58]
Event: 2117.308 Thread 0x0000014fa4f42330 11561       4       java.util.stream.Collectors$$Lambda$69/0x0000014fa6073050::get (8 bytes)
Event: 2117.515 Thread 0x0000014fa4f42330 nmethod 11561 0x0000014f9a238490 code [0x0000014f9a238620, 0x0000014f9a2386f8]
Event: 2223.513 Thread 0x0000014fa4f42330 11563       4       org.gradle.internal.serialize.AbstractDecoder::readBinary (16 bytes)

GC Heap History (20 events):
Event: 4.780 GC heap before
{Heap before GC invocations=3 (full 0):
 garbage-first heap   total 262144K, used 40814K [0x00000000e0000000, 0x0000000100000000)
  region size 1024K, 30 young (30720K), 11 survivors (11264K)
 Metaspace       used 21195K, committed 21504K, reserved 393216K
  class space    used 3096K, committed 3200K, reserved 327680K
}
Event: 4.786 GC heap after
{Heap after GC invocations=4 (full 0):
 garbage-first heap   total 262144K, used 24023K [0x00000000e0000000, 0x0000000100000000)
  region size 1024K, 11 young (11264K), 11 survivors (11264K)
 Metaspace       used 21195K, committed 21504K, reserved 393216K
  class space    used 3096K, committed 3200K, reserved 327680K
}
Event: 6.853 GC heap before
{Heap before GC invocations=5 (full 0):
 garbage-first heap   total 262144K, used 143831K [0x00000000e0000000, 0x0000000100000000)
  region size 1024K, 125 young (128000K), 11 survivors (11264K)
 Metaspace       used 35619K, committed 35968K, reserved 393216K
  class space    used 4965K, committed 5184K, reserved 327680K
}
Event: 6.865 GC heap after
{Heap after GC invocations=6 (full 0):
 garbage-first heap   total 262144K, used 32687K [0x00000000e0000000, 0x0000000100000000)
  region size 1024K, 20 young (20480K), 20 survivors (20480K)
 Metaspace       used 35619K, committed 35968K, reserved 393216K
  class space    used 4965K, committed 5184K, reserved 327680K
}
Event: 6.888 GC heap before
{Heap before GC invocations=6 (full 0):
 garbage-first heap   total 262144K, used 33711K [0x00000000e0000000, 0x0000000100000000)
  region size 1024K, 21 young (21504K), 20 survivors (20480K)
 Metaspace       used 35714K, committed 36096K, reserved 393216K
  class space    used 4981K, committed 5184K, reserved 327680K
}
Event: 6.900 GC heap after
{Heap after GC invocations=7 (full 0):
 garbage-first heap   total 262144K, used 32924K [0x00000000e0000000, 0x0000000100000000)
  region size 1024K, 2 young (2048K), 2 survivors (2048K)
 Metaspace       used 35714K, committed 36096K, reserved 393216K
  class space    used 4981K, committed 5184K, reserved 327680K
}
Event: 6.949 GC heap before
{Heap before GC invocations=7 (full 0):
 garbage-first heap   total 262144K, used 34972K [0x00000000e0000000, 0x0000000100000000)
  region size 1024K, 5 young (5120K), 2 survivors (2048K)
 Metaspace       used 35921K, committed 36288K, reserved 393216K
  class space    used 5010K, committed 5184K, reserved 327680K
}
Event: 6.950 GC heap after
{Heap after GC invocations=8 (full 0):
 garbage-first heap   total 262144K, used 31613K [0x00000000e0000000, 0x0000000100000000)
  region size 1024K, 1 young (1024K), 1 survivors (1024K)
 Metaspace       used 35921K, committed 36288K, reserved 393216K
  class space    used 5010K, committed 5184K, reserved 327680K
}
Event: 10.512 GC heap before
{Heap before GC invocations=9 (full 0):
 garbage-first heap   total 262144K, used 188285K [0x00000000e0000000, 0x0000000100000000)
  region size 1024K, 153 young (156672K), 1 survivors (1024K)
 Metaspace       used 48155K, committed 48704K, reserved 393216K
  class space    used 6916K, committed 7168K, reserved 327680K
}
Event: 10.524 GC heap after
{Heap after GC invocations=10 (full 0):
 garbage-first heap   total 262144K, used 40118K [0x00000000e0000000, 0x0000000100000000)
  region size 1024K, 10 young (10240K), 10 survivors (10240K)
 Metaspace       used 48155K, committed 48704K, reserved 393216K
  class space    used 6916K, committed 7168K, reserved 327680K
}
Event: 13.444 GC heap before
{Heap before GC invocations=10 (full 0):
 garbage-first heap   total 262144K, used 186550K [0x00000000e0000000, 0x0000000100000000)
  region size 1024K, 153 young (156672K), 10 survivors (10240K)
 Metaspace       used 53798K, committed 54464K, reserved 393216K
  class space    used 7825K, committed 8128K, reserved 327680K
}
Event: 13.463 GC heap after
{Heap after GC invocations=11 (full 0):
 garbage-first heap   total 262144K, used 56410K [0x00000000e0000000, 0x0000000100000000)
  region size 1024K, 20 young (20480K), 20 survivors (20480K)
 Metaspace       used 53798K, committed 54464K, reserved 393216K
  class space    used 7825K, committed 8128K, reserved 327680K
}
Event: 51.074 GC heap before
{Heap before GC invocations=11 (full 0):
 garbage-first heap   total 262144K, used 191578K [0x00000000e0000000, 0x0000000100000000)
  region size 1024K, 153 young (156672K), 20 survivors (20480K)
 Metaspace       used 57055K, committed 57664K, reserved 393216K
  class space    used 8231K, committed 8512K, reserved 327680K
}
Event: 51.097 GC heap after
{Heap after GC invocations=12 (full 0):
 garbage-first heap   total 262144K, used 63906K [0x00000000e0000000, 0x0000000100000000)
  region size 1024K, 8 young (8192K), 8 survivors (8192K)
 Metaspace       used 57055K, committed 57664K, reserved 393216K
  class space    used 8231K, committed 8512K, reserved 327680K
}
Event: 91.732 GC heap before
{Heap before GC invocations=12 (full 0):
 garbage-first heap   total 262144K, used 204194K [0x00000000e0000000, 0x0000000100000000)
  region size 1024K, 144 young (147456K), 8 survivors (8192K)
 Metaspace       used 57328K, committed 57984K, reserved 393216K
  class space    used 8264K, committed 8576K, reserved 327680K
}
Event: 91.745 GC heap after
{Heap after GC invocations=13 (full 0):
 garbage-first heap   total 262144K, used 68232K [0x00000000e0000000, 0x0000000100000000)
  region size 1024K, 12 young (12288K), 12 survivors (12288K)
 Metaspace       used 57328K, committed 57984K, reserved 393216K
  class space    used 8264K, committed 8576K, reserved 327680K
}
Event: 1989.415 GC heap before
{Heap before GC invocations=13 (full 0):
 garbage-first heap   total 262144K, used 208520K [0x00000000e0000000, 0x0000000100000000)
  region size 1024K, 147 young (150528K), 12 survivors (12288K)
 Metaspace       used 59168K, committed 60032K, reserved 393216K
  class space    used 8470K, committed 8896K, reserved 327680K
}
Event: 1989.502 GC heap after
{Heap after GC invocations=14 (full 0):
 garbage-first heap   total 262144K, used 73173K [0x00000000e0000000, 0x0000000100000000)
  region size 1024K, 11 young (11264K), 11 survivors (11264K)
 Metaspace       used 59168K, committed 60032K, reserved 393216K
  class space    used 8470K, committed 8896K, reserved 327680K
}
Event: 2046.492 GC heap before
{Heap before GC invocations=14 (full 0):
 garbage-first heap   total 262144K, used 207317K [0x00000000e0000000, 0x0000000100000000)
  region size 1024K, 143 young (146432K), 11 survivors (11264K)
 Metaspace       used 59305K, committed 60160K, reserved 393216K
  class space    used 8475K, committed 8896K, reserved 327680K
}
Event: 2046.577 GC heap after
{Heap after GC invocations=15 (full 0):
 garbage-first heap   total 262144K, used 73212K [0x00000000e0000000, 0x0000000100000000)
  region size 1024K, 6 young (6144K), 6 survivors (6144K)
 Metaspace       used 59305K, committed 60160K, reserved 393216K
  class space    used 8475K, committed 8896K, reserved 327680K
}

Deoptimization events (20 events):
Event: 2082.358 Thread 0x0000014fc4ad38c0 Uncommon trap: trap_request=0xffffff45 fr.pc=0x0000014f99c20108 relative=0x00000000000005c8
Event: 2082.358 Thread 0x0000014fc4ad38c0 Uncommon trap: reason=unstable_if action=reinterpret pc=0x0000014f99c20108 method=java.lang.ref.SoftReference.get()Ljava/lang/Object; @ 6 c2
Event: 2082.358 Thread 0x0000014fc4ad38c0 DEOPT PACKING pc=0x0000014f99c20108 sp=0x0000002daeaf9dd0
Event: 2082.358 Thread 0x0000014fc4ad38c0 DEOPT UNPACKING pc=0x0000014f994623a3 sp=0x0000002daeaf9cb0 mode 2
Event: 2082.671 Thread 0x0000014fc4ad38c0 Uncommon trap: trap_request=0xffffff45 fr.pc=0x0000014f99b74f58 relative=0x00000000000003b8
Event: 2082.671 Thread 0x0000014fc4ad38c0 Uncommon trap: reason=unstable_if action=reinterpret pc=0x0000014f99b74f58 method=java.lang.ref.SoftReference.get()Ljava/lang/Object; @ 6 c2
Event: 2082.671 Thread 0x0000014fc4ad38c0 DEOPT PACKING pc=0x0000014f99b74f58 sp=0x0000002daeaf6f60
Event: 2082.672 Thread 0x0000014fc4ad38c0 DEOPT UNPACKING pc=0x0000014f994623a3 sp=0x0000002daeaf6eb0 mode 2
Event: 2082.812 Thread 0x0000014fc4ad38c0 Uncommon trap: trap_request=0xffffff45 fr.pc=0x0000014f99c9acb0 relative=0x0000000000000410
Event: 2082.812 Thread 0x0000014fc4ad38c0 Uncommon trap: reason=unstable_if action=reinterpret pc=0x0000014f99c9acb0 method=java.lang.ref.SoftReference.get()Ljava/lang/Object; @ 6 c2
Event: 2082.813 Thread 0x0000014fc4ad38c0 DEOPT PACKING pc=0x0000014f99c9acb0 sp=0x0000002daeaf75c0
Event: 2082.813 Thread 0x0000014fc4ad38c0 DEOPT UNPACKING pc=0x0000014f994623a3 sp=0x0000002daeaf7490 mode 2
Event: 2082.843 Thread 0x0000014fc4ad38c0 Uncommon trap: trap_request=0xffffff45 fr.pc=0x0000014f99c6c9b0 relative=0x0000000000000110
Event: 2082.843 Thread 0x0000014fc4ad38c0 Uncommon trap: reason=unstable_if action=reinterpret pc=0x0000014f99c6c9b0 method=java.lang.ref.SoftReference.get()Ljava/lang/Object; @ 6 c2
Event: 2082.843 Thread 0x0000014fc4ad38c0 DEOPT PACKING pc=0x0000014f99c6c9b0 sp=0x0000002daeaf7540
Event: 2082.843 Thread 0x0000014fc4ad38c0 DEOPT UNPACKING pc=0x0000014f994623a3 sp=0x0000002daeaf7490 mode 2
Event: 2082.850 Thread 0x0000014fc4ad38c0 Uncommon trap: trap_request=0xffffff45 fr.pc=0x0000014f9a00c6b0 relative=0x0000000000000410
Event: 2082.850 Thread 0x0000014fc4ad38c0 Uncommon trap: reason=unstable_if action=reinterpret pc=0x0000014f9a00c6b0 method=java.lang.ref.SoftReference.get()Ljava/lang/Object; @ 6 c2
Event: 2082.850 Thread 0x0000014fc4ad38c0 DEOPT PACKING pc=0x0000014f9a00c6b0 sp=0x0000002daeaf75c0
Event: 2082.850 Thread 0x0000014fc4ad38c0 DEOPT UNPACKING pc=0x0000014f994623a3 sp=0x0000002daeaf7488 mode 2

Classes unloaded (0 events):
No events

Classes redefined (0 events):
No events

Internal exceptions (20 events):
Event: 324.534 Thread 0x0000014fbfd3a350 Implicit null exception at 0x0000014f99a32683 to 0x0000014f99a32848
Event: 1969.413 Thread 0x0000014fc2a9cd90 Exception <a 'sun/nio/fs/WindowsException'{0x00000000e94bcc28}> (0x00000000e94bcc28) 
thrown [s\open\src\hotspot\share\prims\jni.cpp, line 516]
Event: 1969.416 Thread 0x0000014fc2a9cd90 Exception <a 'sun/nio/fs/WindowsException'{0x00000000e94d8d58}> (0x00000000e94d8d58) 
thrown [s\open\src\hotspot\share\prims\jni.cpp, line 516]
Event: 1969.417 Thread 0x0000014fc2a9cd90 Exception <a 'sun/nio/fs/WindowsException'{0x00000000e94da2d0}> (0x00000000e94da2d0) 
thrown [s\open\src\hotspot\share\prims\jni.cpp, line 516]
Event: 1969.418 Thread 0x0000014fc2a9cd90 Exception <a 'sun/nio/fs/WindowsException'{0x00000000e94db828}> (0x00000000e94db828) 
thrown [s\open\src\hotspot\share\prims\jni.cpp, line 516]
Event: 1970.266 Thread 0x0000014fc2a9cd90 Exception <a 'java/lang/reflect/InvocationTargetException'{0x00000000e8fe7368}> (0x00000000e8fe7368) 
thrown [s\open\src\hotspot\share\runtime\reflection.cpp, line 1121]
Event: 1970.268 Thread 0x0000014fc2a9cd90 Exception <a 'java/lang/reflect/InvocationTargetException'{0x00000000e8fec168}> (0x00000000e8fec168) 
thrown [s\open\src\hotspot\share\runtime\reflection.cpp, line 1121]
Event: 1970.464 Thread 0x0000014fc2a9cd90 Exception <a 'java/lang/reflect/InvocationTargetException'{0x00000000e8e9e3d0}> (0x00000000e8e9e3d0) 
thrown [s\open\src\hotspot\share\runtime\reflection.cpp, line 1121]
Event: 1970.465 Thread 0x0000014fc2a9cd90 Exception <a 'java/lang/reflect/InvocationTargetException'{0x00000000e8ea3430}> (0x00000000e8ea3430) 
thrown [s\open\src\hotspot\share\runtime\reflection.cpp, line 1121]
Event: 1970.571 Thread 0x0000014fc2a9cd90 Exception <a 'java/lang/reflect/InvocationTargetException'{0x00000000e8d75398}> (0x00000000e8d75398) 
thrown [s\open\src\hotspot\share\runtime\reflection.cpp, line 1121]
Event: 1970.577 Thread 0x0000014fc2a9cd90 Exception <a 'java/lang/reflect/InvocationTargetException'{0x00000000e8d7ef20}> (0x00000000e8d7ef20) 
thrown [s\open\src\hotspot\share\runtime\reflection.cpp, line 1121]
Event: 1972.171 Thread 0x0000014fc44dd870 Implicit null exception at 0x0000014f99d80c12 to 0x0000014f99d81104
Event: 2009.352 Thread 0x0000014fc44dd870 Exception <a 'sun/nio/fs/WindowsException'{0x00000000edd4dde8}> (0x00000000edd4dde8) 
thrown [s\open\src\hotspot\share\prims\jni.cpp, line 516]
Event: 2011.890 Thread 0x0000014fc4ad38c0 Implicit null exception at 0x0000014f99f0609c to 0x0000014f99f0b6d0
Event: 2012.041 Thread 0x0000014fc4762fe0 Exception <a 'sun/nio/fs/WindowsException'{0x00000000efcdb030}> (0x00000000efcdb030) 
thrown [s\open\src\hotspot\share\prims\jni.cpp, line 516]
Event: 2082.357 Thread 0x0000014fc4ad38c0 Implicit null exception at 0x0000014f99c1fcee to 0x0000014f99c200f0
Event: 2082.671 Thread 0x0000014fc4ad38c0 Implicit null exception at 0x0000014f99b74d42 to 0x0000014f99b74f40
Event: 2082.812 Thread 0x0000014fc4ad38c0 Implicit null exception at 0x0000014f99c9aa51 to 0x0000014f99c9ac9c
Event: 2082.843 Thread 0x0000014fc4ad38c0 Implicit null exception at 0x0000014f99c6c8e4 to 0x0000014f99c6c99c
Event: 2082.850 Thread 0x0000014fc4ad38c0 Implicit null exception at 0x0000014f9a00c451 to 0x0000014f9a00c69c

VM Operations (20 events):
Event: 2067.440 Executing VM operation: HandshakeAllThreads
Event: 2067.441 Executing VM operation: HandshakeAllThreads done
Event: 2079.523 Executing VM operation: Cleanup
Event: 2079.523 Executing VM operation: Cleanup done
Event: 2080.525 Executing VM operation: Cleanup
Event: 2080.536 Executing VM operation: Cleanup done
Event: 2081.537 Executing VM operation: Cleanup
Event: 2081.537 Executing VM operation: Cleanup done
Event: 2082.544 Executing VM operation: Cleanup
Event: 2082.566 Executing VM operation: Cleanup done
Event: 2082.813 Executing VM operation: HandshakeAllThreads
Event: 2082.820 Executing VM operation: HandshakeAllThreads done
Event: 2083.820 Executing VM operation: Cleanup
Event: 2083.821 Executing VM operation: Cleanup done
Event: 2084.827 Executing VM operation: Cleanup
Event: 2084.828 Executing VM operation: Cleanup done
Event: 2085.835 Executing VM operation: Cleanup
Event: 2085.835 Executing VM operation: Cleanup done
Event: 2129.795 Executing VM operation: HandshakeAllThreads
Event: 2130.634 Executing VM operation: HandshakeAllThreads done

Events (20 events):
Event: 2010.237 Thread 0x0000014fc1b7d6b0 Thread exited: 0x0000014fc1b7d6b0
Event: 2010.238 Thread 0x0000014fc44decb0 Thread exited: 0x0000014fc44decb0
Event: 2010.238 Thread 0x0000014fc44c5490 Thread exited: 0x0000014fc44c5490
Event: 2010.243 Thread 0x0000014fc44de7a0 Thread exited: 0x0000014fc44de7a0
Event: 2011.539 Thread 0x0000014fc265edc0 Thread added: 0x0000014fc265edc0
Event: 2011.716 Thread 0x0000014fc265edc0 Thread exited: 0x0000014fc265edc0
Event: 2011.920 Thread 0x0000014fc1217e30 Thread added: 0x0000014fc1217e30
Event: 2012.014 Thread 0x0000014fc265c890 Thread added: 0x0000014fc265c890
Event: 2012.587 Thread 0x0000014fc265c890 Thread exited: 0x0000014fc265c890
Event: 2034.960 Thread 0x0000014fc1b7c780 Thread exited: 0x0000014fc1b7c780
Event: 2083.409 Thread 0x0000014fa4f4b9a0 flushing nmethod 0x0000014f91f76d10
Event: 2083.416 Thread 0x0000014fa4f4b9a0 flushing nmethod 0x0000014f91f98510
Event: 2083.740 Thread 0x0000014fa4f4b9a0 flushing nmethod 0x0000014f92b7c010
Event: 2083.754 Thread 0x0000014fa4f4b9a0 flushing nmethod 0x0000014f92be6610
Event: 2083.754 Thread 0x0000014fa4f4b9a0 flushing nmethod 0x0000014f92be6e10
Event: 2083.764 Thread 0x0000014fa4f4b9a0 flushing nmethod 0x0000014f92c43d90
Event: 2083.787 Thread 0x0000014fa4f4b9a0 flushing nmethod 0x0000014f92d32390
Event: 2083.788 Thread 0x0000014fa4f4b9a0 flushing nmethod 0x0000014f92d38c10
Event: 2083.827 Thread 0x0000014fa4f4b9a0 flushing nmethod 0x0000014f92e58890
Event: 2083.835 Thread 0x0000014fa4f4b9a0 flushing nmethod 0x0000014f92eb8990


Dynamic libraries:
0x00007ff7a07f0000 - 0x00007ff7a0800000 	C:\Program Files\Java\jdk-17\bin\java.exe
0x00007fffd65c0000 - 0x00007fffd6828000 	C:\WINDOWS\SYSTEM32\ntdll.dll
0x00007fffd4c90000 - 0x00007fffd4d59000 	C:\WINDOWS\System32\KERNEL32.DLL
0x00007fffd3a30000 - 0x00007fffd3e22000 	C:\WINDOWS\System32\KERNELBASE.dll
0x00007fffd41b0000 - 0x00007fffd42fb000 	C:\WINDOWS\System32\ucrtbase.dll
0x00007fff9fc00000 - 0x00007fff9fc1b000 	C:\Program Files\Java\jdk-17\bin\VCRUNTIME140.dll
0x00007fff9fd20000 - 0x00007fff9fd39000 	C:\Program Files\Java\jdk-17\bin\jli.dll
0x00007fffd5bf0000 - 0x00007fffd5ca4000 	C:\WINDOWS\System32\ADVAPI32.dll
0x00007fffd6320000 - 0x00007fffd63c9000 	C:\WINDOWS\System32\msvcrt.dll
0x00007fffd53e0000 - 0x00007fffd5486000 	C:\WINDOWS\System32\sechost.dll
0x00007fffd46f0000 - 0x00007fffd4808000 	C:\WINDOWS\System32\RPCRT4.dll
0x00007fffd5db0000 - 0x00007fffd5f75000 	C:\WINDOWS\System32\USER32.dll
0x00007fffb71a0000 - 0x00007fffb7433000 	C:\WINDOWS\WinSxS\amd64_microsoft.windows.common-controls_6595b64144ccf1df_6.0.26100.6725_none_3e085828e334708b\COMCTL32.dll
0x00007fffd4010000 - 0x00007fffd4037000 	C:\WINDOWS\System32\win32u.dll
0x00007fffd43f0000 - 0x00007fffd441b000 	C:\WINDOWS\System32\GDI32.dll
0x00007fffd3e30000 - 0x00007fffd3f5d000 	C:\WINDOWS\System32\gdi32full.dll
0x00007fffd3f60000 - 0x00007fffd4003000 	C:\WINDOWS\System32\msvcp_win.dll
0x00007fffbcce0000 - 0x00007fffbcceb000 	C:\WINDOWS\SYSTEM32\VERSION.dll
0x00007fffd4c50000 - 0x00007fffd4c7f000 	C:\WINDOWS\System32\IMM32.DLL
0x00007fffb8cd0000 - 0x00007fffb8cdc000 	C:\Program Files\Java\jdk-17\bin\vcruntime140_1.dll
0x00007fff972f0000 - 0x00007fff9737e000 	C:\Program Files\Java\jdk-17\bin\msvcp140.dll
0x00007fff15110000 - 0x00007fff15cf0000 	C:\Program Files\Java\jdk-17\bin\server\jvm.dll
0x00007fffd5f80000 - 0x00007fffd5f88000 	C:\WINDOWS\System32\PSAPI.DLL
0x00007fffc6a00000 - 0x00007fffc6a35000 	C:\WINDOWS\SYSTEM32\WINMM.dll
0x00007fffb8fc0000 - 0x00007fffb8fca000 	C:\WINDOWS\SYSTEM32\WSOCK32.dll
0x00007fffd4420000 - 0x00007fffd4494000 	C:\WINDOWS\System32\WS2_32.dll
0x00007fffd2520000 - 0x00007fffd253b000 	C:\WINDOWS\SYSTEM32\kernel.appcore.dll
0x00007fffb2570000 - 0x00007fffb257a000 	C:\Program Files\Java\jdk-17\bin\jimage.dll
0x00007fffd0ae0000 - 0x00007fffd0d22000 	C:\WINDOWS\SYSTEM32\DBGHELP.DLL
0x00007fffd48d0000 - 0x00007fffd4c4b000 	C:\WINDOWS\System32\combase.dll
0x00007fffd4610000 - 0x00007fffd46e7000 	C:\WINDOWS\System32\OLEAUT32.dll
0x00007fffb1130000 - 0x00007fffb116c000 	C:\WINDOWS\SYSTEM32\dbgcore.DLL
0x00007fffd3810000 - 0x00007fffd38a8000 	C:\WINDOWS\System32\bcryptPrimitives.dll
0x00007fff9cd70000 - 0x00007fff9cd7e000 	C:\Program Files\Java\jdk-17\bin\instrument.dll
0x00007fff9db40000 - 0x00007fff9db65000 	C:\Program Files\Java\jdk-17\bin\java.dll
0x00007fff748e0000 - 0x00007fff749b7000 	C:\Program Files\Java\jdk-17\bin\jsvml.dll
0x00007fffd5490000 - 0x00007fffd5bdc000 	C:\WINDOWS\System32\SHELL32.dll
0x00007fffd4040000 - 0x00007fffd41ab000 	C:\WINDOWS\System32\wintypes.dll
0x00007fffd1370000 - 0x00007fffd1bcd000 	C:\WINDOWS\SYSTEM32\windows.storage.dll
0x00007fffd5cb0000 - 0x00007fffd5da2000 	C:\WINDOWS\System32\SHCORE.dll
0x00007fffd44a0000 - 0x00007fffd4502000 	C:\WINDOWS\System32\shlwapi.dll
0x00007fffd3670000 - 0x00007fffd3699000 	C:\WINDOWS\SYSTEM32\profapi.dll
0x00007fff9cd80000 - 0x00007fff9cd98000 	C:\Program Files\Java\jdk-17\bin\zip.dll
0x00007fff9fbc0000 - 0x00007fff9fbd9000 	C:\Program Files\Java\jdk-17\bin\net.dll
0x00007fffcb900000 - 0x00007fffcba1f000 	C:\WINDOWS\SYSTEM32\WINHTTP.dll
0x00007fffd2a90000 - 0x00007fffd2afb000 	C:\WINDOWS\system32\mswsock.dll
0x00007fff9eb70000 - 0x00007fff9eb86000 	C:\Program Files\Java\jdk-17\bin\nio.dll
0x00007fffb17e0000 - 0x00007fffb17f0000 	C:\Program Files\Java\jdk-17\bin\verify.dll
0x00007fff964f0000 - 0x00007fff96517000 	C:\Users\triar\.gradle\native\c067742578af261105cb4f569cf0c3c89f3d7b1fecec35dd04571415982c5e48\windows-amd64\native-platform.dll
0x00007fff49c90000 - 0x00007fff49dd4000 	C:\Users\triar\.gradle\native\100fb08df4bc3b14c8652ba06237920a3bd2aa13389f12d3474272988ae205f9\windows-amd64\native-platform-file-events.dll
0x00007fffa4360000 - 0x00007fffa436a000 	C:\Program Files\Java\jdk-17\bin\management.dll
0x00007fffa42c0000 - 0x00007fffa42cb000 	C:\Program Files\Java\jdk-17\bin\management_ext.dll
0x00007fffd2d40000 - 0x00007fffd2d5b000 	C:\WINDOWS\SYSTEM32\CRYPTSP.dll
0x00007fffd2480000 - 0x00007fffd24bb000 	C:\WINDOWS\system32\rsaenh.dll
0x00007fffd2b30000 - 0x00007fffd2b5b000 	C:\WINDOWS\SYSTEM32\USERENV.dll
0x00007fffd3640000 - 0x00007fffd3666000 	C:\WINDOWS\SYSTEM32\bcrypt.dll
0x00007fffd2d60000 - 0x00007fffd2d6c000 	C:\WINDOWS\SYSTEM32\CRYPTBASE.dll
0x00007fffd1f00000 - 0x00007fffd1f34000 	C:\WINDOWS\SYSTEM32\IPHLPAPI.DLL
0x00007fffd4d60000 - 0x00007fffd4d6a000 	C:\WINDOWS\System32\NSI.dll
0x00007fffcc340000 - 0x00007fffcc35e000 	C:\WINDOWS\SYSTEM32\dhcpcsvc6.DLL
0x00007fffcc2d0000 - 0x00007fffcc2f3000 	C:\WINDOWS\SYSTEM32\dhcpcsvc.DLL
0x00007fffd1f40000 - 0x00007fffd2066000 	C:\WINDOWS\SYSTEM32\DNSAPI.dll
0x00007fffce290000 - 0x00007fffce29e000 	C:\Program Files\Java\jdk-17\bin\sunmscapi.dll
0x00007fffd38b0000 - 0x00007fffd3a27000 	C:\WINDOWS\System32\CRYPT32.dll
0x00007fffd2f60000 - 0x00007fffd2f90000 	C:\WINDOWS\SYSTEM32\ncrypt.dll
0x00007fffd2f10000 - 0x00007fffd2f4f000 	C:\WINDOWS\SYSTEM32\NTASN1.dll
0x00007fffbd020000 - 0x00007fffbd028000 	C:\WINDOWS\system32\wshunix.dll

dbghelp: loaded successfully - version: 4.0.5 - missing functions: none
symbol engine: initialized successfully - sym options: 0x614 - pdb path: .;C:\Program Files\Java\jdk-17\bin;C:\WINDOWS\SYSTEM32;C:\WINDOWS\WinSxS\amd64_microsoft.windows.common-controls_6595b64144ccf1df_6.0.26100.6725_none_3e085828e334708b;C:\Program Files\Java\jdk-17\bin\server;C:\Users\triar\.gradle\native\c067742578af261105cb4f569cf0c3c89f3d7b1fecec35dd04571415982c5e48\windows-amd64;C:\Users\triar\.gradle\native\100fb08df4bc3b14c8652ba06237920a3bd2aa13389f12d3474272988ae205f9\windows-amd64

VM Arguments:
jvm_args: --add-opens=java.base/java.util=ALL-UNNAMED --add-opens=java.base/java.lang=ALL-UNNAMED --add-opens=java.base/java.lang.invoke=ALL-UNNAMED --add-opens=java.prefs/java.util.prefs=ALL-UNNAMED --add-opens=java.base/java.nio.charset=ALL-UNNAMED --add-opens=java.base/java.net=ALL-UNNAMED --add-opens=java.base/java.util.concurrent.atomic=ALL-UNNAMED -XX:MaxMetaspaceSize=384m -XX:+HeapDumpOnOutOfMemoryError -Xms256m -Xmx512m -Dfile.encoding=windows-1252 -Duser.country=US -Duser.language=en -Duser.variant -javaagent:C:\Users\triar\.gradle\wrapper\dists\gradle-8.8-bin\dl7vupf4psengwqhwktix4v1\gradle-8.8\lib\agents\gradle-instrumentation-agent-8.8.jar 
java_command: org.gradle.launcher.daemon.bootstrap.GradleDaemon 8.8
java_class_path (initial): C:\Users\triar\.gradle\wrapper\dists\gradle-8.8-bin\dl7vupf4psengwqhwktix4v1\gradle-8.8\lib\gradle-launcher-8.8.jar
Launcher Type: SUN_STANDARD

[Global flags]
     intx CICompilerCount                          = 4                                         {product} {ergonomic}
   size_t CompressedClassSpaceSize                 = 335544320                                 {product} {ergonomic}
     uint ConcGCThreads                            = 2                                         {product} {ergonomic}
     uint G1ConcRefinementThreads                  = 8                                         {product} {ergonomic}
   size_t G1HeapRegionSize                         = 1048576                                   {product} {ergonomic}
    uintx GCDrainStackTargetSize                   = 64                                        {product} {ergonomic}
     bool HeapDumpOnOutOfMemoryError               = true                                   {manageable} {command line}
   size_t InitialHeapSize                          = 268435456                                 {product} {command line}
   size_t MarkStackSize                            = 4194304                                   {product} {ergonomic}
   size_t MaxHeapSize                              = 536870912                                 {product} {command line}
   size_t MaxMetaspaceSize                         = 402653184                                 {product} {command line}
   size_t MaxNewSize                               = 321912832                                 {product} {ergonomic}
   size_t MinHeapDeltaBytes                        = 1048576                                   {product} {ergonomic}
   size_t MinHeapSize                              = 268435456                                 {product} {command line}
    uintx NonNMethodCodeHeapSize                   = 5839372                                {pd product} {ergonomic}
    uintx NonProfiledCodeHeapSize                  = 122909434                              {pd product} {ergonomic}
    uintx ProfiledCodeHeapSize                     = 122909434                              {pd product} {ergonomic}
    uintx ReservedCodeCacheSize                    = 251658240                              {pd product} {ergonomic}
     bool SegmentedCodeCache                       = true                                      {product} {ergonomic}
   size_t SoftMaxHeapSize                          = 536870912                              {manageable} {ergonomic}
     bool UseCompressedClassPointers               = true                           {product lp64_product} {ergonomic}
     bool UseCompressedOops                        = true                           {product lp64_product} {ergonomic}
     bool UseG1GC                                  = true                                      {product} {ergonomic}
     bool UseLargePagesIndividualAllocation        = false                                  {pd product} {ergonomic}

Logging:
Log output configuration:
 #0: stdout all=warning uptime,level,tags
 #1: stderr all=off uptime,level,tags

Environment Variables:
JAVA_HOME=C:\Program Files\Java\jdk-17
CLASSPATH=C:\Program Files (x86)\Steam\steamapps\common\Mindustry\saves\mods\Aquarion\\gradle\wrapper\gradle-wrapper.jar
PATH=C:\Program Files\Java\jdk-17\bin;C:\Program Files\dotnet\;C:\Program Files\Inkscape\bin;C:\Program Files\Inkscape;C:\Users\triar\AppData\Local\Programs\Python\Launcher\;C:\Users\triar\AppData\Local\Microsoft\WindowsApps;C:\Users\triar\AppData\Local\GitHubDesktop\bin;C:\Users\triar\.dotnet\tools
USERNAME=triar
OS=Windows_NT
PROCESSOR_IDENTIFIER=AMD64 Family 23 Model 160 Stepping 0, AuthenticAMD



---------------  S Y S T E M  ---------------

OS:
 Windows 11 , 64 bit Build 26100 (10.0.26100.6725)
OS uptime: 0 days 23:29 hours
Hyper-V role detected

CPU: total 8 (initial active 8) (8 cores per cpu, 2 threads per core) family 23 model 160 stepping 0 microcode 0x8a00006, cx8, cmov, fxsr, ht, mmx, 3dnowpref, sse, sse2, sse3, ssse3, sse4a, sse4.1, sse4.2, popcnt, lzcnt, tsc, tscinvbit, avx, avx2, aes, clmul, bmi1, bmi2, adx, sha, fma, vzeroupper, clflush, clflushopt, hv

Memory: 4k page, system-wide physical 6901M (534M free)
TotalPageFile size 28405M (AvailPageFile size 62M)
current process WorkingSet (physical memory assigned to process): 21M, peak: 438M
current process commit charge ("private bytes"): 477M, peak: 526M

vm_info: Java HotSpot(TM) 64-Bit Server VM (17.0.12+8-LTS-286) for windows-amd64 JRE (17.0.12+8-LTS-286), built on Jun  5 2024 06:46:59 by "mach5one" with MS VC++ 17.6 (VS2022)

END.
