#
# There is insufficient memory for the Java Runtime Environment to continue.
# Native memory allocation (malloc) failed to allocate 32784 bytes for Chunk::new
# Possible reasons:
#   The system is out of physical RAM or swap space
#   The process is running with CompressedOops enabled, and the Java Heap may be blocking the growth of the native heap
# Possible solutions:
#   Reduce memory load on the system
#   Increase physical memory or swap space
#   Check if swap backing store is full
#   Decrease Java heap size (-Xmx/-Xms)
#   Decrease number of Java threads
#   Decrease Java thread stack sizes (-Xss)
#   Set larger code cache with -XX:ReservedCodeCacheSize=
#   JVM is running with Unscaled Compressed Oops mode in which the Java heap is
#     placed in the first 4GB address space. The Java Heap base address is the
#     maximum limit for the native heap growth. Please use -XX:HeapBaseMinAddress
#     to set the Java Heap base and to place the Java Heap above 4GB virtual address.
# This output file may be truncated or incomplete.
#
#  Out of Memory Error (arena.cpp:189), pid=8772, tid=18684
#
# JRE version: Java(TM) SE Runtime Environment (17.0.12+8) (build 17.0.12+8-LTS-286)
# Java VM: Java HotSpot(TM) 64-Bit Server VM (17.0.12+8-LTS-286, mixed mode, sharing, tiered, compressed oops, compressed class ptrs, g1 gc, windows-amd64)
# No core dump will be written. Minidumps are not enabled by default on client versions of Windows
#

---------------  S U M M A R Y ------------

Command Line: -Xmx64m -Xms64m -Dorg.gradle.appname=gradlew org.gradle.wrapper.GradleWrapperMain runclient

Host: AMD Ryzen 3 7320U with Radeon Graphics         , 8 cores, 6G,  Windows 11 , 64 bit Build 26100 (10.0.26100.6725)
Time: Mon Nov 10 10:31:41 2025 Central Standard Time elapsed time: 293.845355 seconds (0d 0h 4m 53s)

---------------  T H R E A D  ---------------

Current thread (0x0000026d6eb1a5a0):  JavaThread "C2 CompilerThread0" daemon [_thread_in_native, id=18684, stack(0x000000c3db300000,0x000000c3db400000)]


Current CompileTask:
C2: 293846 1676       4       org.fusesource.jansi.Ansi::flushAttributes (94 bytes)

Stack: [0x000000c3db300000,0x000000c3db400000]
Native frames: (J=compiled Java code, j=interpreted, Vv=VM code, C=native code)
V  [jvm.dll+0x67a04a]
V  [jvm.dll+0x7da4ed]
V  [jvm.dll+0x7dbe33]
V  [jvm.dll+0x7dc4a3]
V  [jvm.dll+0x24508f]
V  [jvm.dll+0xab773]
V  [jvm.dll+0xabd3c]
V  [jvm.dll+0xab884]
V  [jvm.dll+0x658e4c]
V  [jvm.dll+0xa2f16]
V  [jvm.dll+0x33dd82]
V  [jvm.dll+0x33b85e]
V  [jvm.dll+0x68e9eb]
V  [jvm.dll+0x69238f]
V  [jvm.dll+0x68a3d5]
V  [jvm.dll+0x689a20]
V  [jvm.dll+0x687932]
V  [jvm.dll+0x1a5bac]
V  [jvm.dll+0x2a975c]
V  [jvm.dll+0x6923b6]
V  [jvm.dll+0x68a3d5]
V  [jvm.dll+0x689a20]
V  [jvm.dll+0x687932]
V  [jvm.dll+0x1a5bac]
V  [jvm.dll+0x1a6708]
V  [jvm.dll+0x2a975c]
V  [jvm.dll+0x6923b6]
V  [jvm.dll+0x68a3d5]
V  [jvm.dll+0x689a20]
V  [jvm.dll+0x687932]
V  [jvm.dll+0x1a5bac]
V  [jvm.dll+0x2a975c]
V  [jvm.dll+0x6923b6]
V  [jvm.dll+0x68a3d5]
V  [jvm.dll+0x689a20]
V  [jvm.dll+0x687932]
V  [jvm.dll+0x1a5bac]
V  [jvm.dll+0x215818]
V  [jvm.dll+0x1a2960]
V  [jvm.dll+0x22610b]
V  [jvm.dll+0x2242ab]
V  [jvm.dll+0x79075c]
V  [jvm.dll+0x78abea]
V  [jvm.dll+0x678f35]
C  [ucrtbase.dll+0x37b0]
C  [KERNEL32.DLL+0x2e8d7]
C  [ntdll.dll+0x8c53c]


---------------  P R O C E S S  ---------------

Threads class SMR info:
_java_thread_list=0x0000026d73c645d0, length=15, elements={
0x0000026d5534e2b0, 0x0000026d55401b00, 0x0000026d55404ad0, 0x0000026d55419f20,
0x0000026d5541aae0, 0x0000026d5541d4b0, 0x0000026d5541de70, 0x0000026d6eb1a5a0,
0x0000026d6eb1e380, 0x0000026d6eb1ec90, 0x0000026d73070ec0, 0x0000026d73075570,
0x0000026d73cd11f0, 0x0000026d73decd80, 0x0000026d7336dc80
}

Java Threads: ( => current thread )
  0x0000026d5534e2b0 JavaThread "main" [_thread_in_native, id=20792, stack(0x000000c3da600000,0x000000c3da700000)]
  0x0000026d55401b00 JavaThread "Reference Handler" daemon [_thread_blocked, id=2992, stack(0x000000c3dad00000,0x000000c3dae00000)]
  0x0000026d55404ad0 JavaThread "Finalizer" daemon [_thread_blocked, id=11420, stack(0x000000c3dae00000,0x000000c3daf00000)]
  0x0000026d55419f20 JavaThread "Signal Dispatcher" daemon [_thread_blocked, id=12496, stack(0x000000c3daf00000,0x000000c3db000000)]
  0x0000026d5541aae0 JavaThread "Attach Listener" daemon [_thread_blocked, id=2960, stack(0x000000c3db000000,0x000000c3db100000)]
  0x0000026d5541d4b0 JavaThread "Service Thread" daemon [_thread_blocked, id=13164, stack(0x000000c3db100000,0x000000c3db200000)]
  0x0000026d5541de70 JavaThread "Monitor Deflation Thread" daemon [_thread_blocked, id=9956, stack(0x000000c3db200000,0x000000c3db300000)]
=>0x0000026d6eb1a5a0 JavaThread "C2 CompilerThread0" daemon [_thread_in_native, id=18684, stack(0x000000c3db300000,0x000000c3db400000)]
  0x0000026d6eb1e380 JavaThread "C1 CompilerThread0" daemon [_thread_blocked, id=14588, stack(0x000000c3db400000,0x000000c3db500000)]
  0x0000026d6eb1ec90 JavaThread "Sweeper thread" daemon [_thread_blocked, id=9296, stack(0x000000c3db500000,0x000000c3db600000)]
  0x0000026d73070ec0 JavaThread "Notification Thread" daemon [_thread_blocked, id=18116, stack(0x000000c3db600000,0x000000c3db700000)]
  0x0000026d73075570 JavaThread "Common-Cleaner" daemon [_thread_blocked, id=23604, stack(0x000000c3db800000,0x000000c3db900000)]
  0x0000026d73cd11f0 JavaThread "pool-1-thread-1" [_thread_blocked, id=14332, stack(0x000000c3db900000,0x000000c3dba00000)]
  0x0000026d73decd80 JavaThread "DisconnectableInputStream source reader" daemon [_thread_in_native, id=10860, stack(0x000000c3dc200000,0x000000c3dc300000)]
  0x0000026d7336dc80 JavaThread "Forward input" [_thread_blocked, id=220, stack(0x000000c3dc300000,0x000000c3dc400000)]

Other Threads:
  0x0000026d553fb040 VMThread "VM Thread" [stack: 0x000000c3dac00000,0x000000c3dad00000] [id=22708]
  0x0000026d5537be60 WatcherThread [stack: 0x000000c3db700000,0x000000c3db800000] [id=6672]
  0x0000026d5536ed00 GCTaskThread "GC Thread#0" [stack: 0x000000c3da700000,0x000000c3da800000] [id=12300]
  0x0000026d73544a70 GCTaskThread "GC Thread#1" [stack: 0x000000c3dba00000,0x000000c3dbb00000] [id=8492]
  0x0000026d734cb640 GCTaskThread "GC Thread#2" [stack: 0x000000c3dbb00000,0x000000c3dbc00000] [id=23816]
  0x0000026d738c5240 GCTaskThread "GC Thread#3" [stack: 0x000000c3dbc00000,0x000000c3dbd00000] [id=11064]
  0x0000026d735e5890 GCTaskThread "GC Thread#4" [stack: 0x000000c3dbd00000,0x000000c3dbe00000] [id=20308]
  0x0000026d7376ef50 GCTaskThread "GC Thread#5" [stack: 0x000000c3dbf00000,0x000000c3dc000000] [id=10080]
  0x0000026d730088a0 GCTaskThread "GC Thread#6" [stack: 0x000000c3dc000000,0x000000c3dc100000] [id=19292]
  0x0000026d73c86480 GCTaskThread "GC Thread#7" [stack: 0x000000c3dc100000,0x000000c3dc200000] [id=11684]
  0x0000026d553738f0 ConcurrentGCThread "G1 Main Marker" [stack: 0x000000c3da800000,0x000000c3da900000] [id=12384]
  0x0000026d55374300 ConcurrentGCThread "G1 Conc#0" [stack: 0x000000c3da900000,0x000000c3daa00000] [id=19172]
  0x0000026d553d6a20 ConcurrentGCThread "G1 Refine#0" [stack: 0x000000c3daa00000,0x000000c3dab00000] [id=16960]
  0x0000026d553d8300 ConcurrentGCThread "G1 Service" [stack: 0x000000c3dab00000,0x000000c3dac00000] [id=6104]

Threads with active compile tasks:
C2 CompilerThread0   294021 1676       4       org.fusesource.jansi.Ansi::flushAttributes (94 bytes)

VM state: not at safepoint (normal execution)

VM Mutex/Monitor currently owned by a thread: None

Heap address: 0x00000000fc000000, size: 64 MB, Compressed Oops mode: 32-bit

CDS archive(s) mapped at: [0x0000026d00000000-0x0000026d00bd0000-0x0000026d00bd0000), size 12386304, SharedBaseAddress: 0x0000026d00000000, ArchiveRelocationMode: 1.
Compressed class space mapped at: 0x0000026d01000000-0x0000026d41000000, reserved size: 1073741824
Narrow klass base: 0x0000026d00000000, Narrow klass shift: 0, Narrow klass range: 0x100000000

GC Precious Log:
 CPUs: 8 total, 8 available
 Memory: 6901M
 Large Page Support: Disabled
 NUMA Support: Disabled
 Compressed Oops: Enabled (32-bit)
 Heap Region Size: 1M
 Heap Min Capacity: 64M
 Heap Initial Capacity: 64M
 Heap Max Capacity: 64M
 Pre-touch: Disabled
 Parallel Workers: 8
 Concurrent Workers: 2
 Concurrent Refinement Workers: 8
 Periodic GC: Disabled

Heap:
 garbage-first heap   total 65536K, used 17909K [0x00000000fc000000, 0x0000000100000000)
  region size 1024K, 8 young (8192K), 2 survivors (2048K)
 Metaspace       used 9733K, committed 9920K, reserved 1114112K
  class space    used 1291K, committed 1408K, reserved 1048576K

Heap Regions: E=young(eden), S=young(survivor), O=old, HS=humongous(starts), HC=humongous(continues), CS=collection set, F=free, OA=open archive, CA=closed archive, TAMS=top-at-mark-start (previous, next)
|   0|0x00000000fc000000, 0x00000000fc100000, 0x00000000fc100000|100%|HS|  |TAMS 0x00000000fc000000, 0x00000000fc000000| Complete 
|   1|0x00000000fc100000, 0x00000000fc200000, 0x00000000fc200000|100%|HC|  |TAMS 0x00000000fc100000, 0x00000000fc100000| Complete 
|   2|0x00000000fc200000, 0x00000000fc300000, 0x00000000fc300000|100%|HC|  |TAMS 0x00000000fc200000, 0x00000000fc200000| Complete 
|   3|0x00000000fc300000, 0x00000000fc400000, 0x00000000fc400000|100%|HC|  |TAMS 0x00000000fc300000, 0x00000000fc300000| Complete 
|   4|0x00000000fc400000, 0x00000000fc500000, 0x00000000fc500000|100%| O|  |TAMS 0x00000000fc400000, 0x00000000fc400000| Untracked 
|   5|0x00000000fc500000, 0x00000000fc600000, 0x00000000fc600000|100%| O|  |TAMS 0x00000000fc500000, 0x00000000fc500000| Untracked 
|   6|0x00000000fc600000, 0x00000000fc700000, 0x00000000fc700000|100%| O|  |TAMS 0x00000000fc600000, 0x00000000fc600000| Untracked 
|   7|0x00000000fc700000, 0x00000000fc800000, 0x00000000fc800000|100%| O|  |TAMS 0x00000000fc700000, 0x00000000fc700000| Untracked 
|   8|0x00000000fc800000, 0x00000000fc900000, 0x00000000fc900000|100%| O|  |TAMS 0x00000000fc800000, 0x00000000fc800000| Untracked 
|   9|0x00000000fc900000, 0x00000000fca00000, 0x00000000fca00000|100%| O|  |TAMS 0x00000000fc900000, 0x00000000fc900000| Untracked 
|  10|0x00000000fca00000, 0x00000000fcaaa600, 0x00000000fcb00000| 66%| O|  |TAMS 0x00000000fca00000, 0x00000000fca00000| Untracked 
|  11|0x00000000fcb00000, 0x00000000fcb00000, 0x00000000fcc00000|  0%| F|  |TAMS 0x00000000fcb00000, 0x00000000fcb00000| Untracked 
|  12|0x00000000fcc00000, 0x00000000fcc00000, 0x00000000fcd00000|  0%| F|  |TAMS 0x00000000fcc00000, 0x00000000fcc00000| Untracked 
|  13|0x00000000fcd00000, 0x00000000fcd00000, 0x00000000fce00000|  0%| F|  |TAMS 0x00000000fcd00000, 0x00000000fcd00000| Untracked 
|  14|0x00000000fce00000, 0x00000000fce00000, 0x00000000fcf00000|  0%| F|  |TAMS 0x00000000fce00000, 0x00000000fce00000| Untracked 
|  15|0x00000000fcf00000, 0x00000000fcf00000, 0x00000000fd000000|  0%| F|  |TAMS 0x00000000fcf00000, 0x00000000fcf00000| Untracked 
|  16|0x00000000fd000000, 0x00000000fd000000, 0x00000000fd100000|  0%| F|  |TAMS 0x00000000fd000000, 0x00000000fd000000| Untracked 
|  17|0x00000000fd100000, 0x00000000fd100000, 0x00000000fd200000|  0%| F|  |TAMS 0x00000000fd100000, 0x00000000fd100000| Untracked 
|  18|0x00000000fd200000, 0x00000000fd200000, 0x00000000fd300000|  0%| F|  |TAMS 0x00000000fd200000, 0x00000000fd200000| Untracked 
|  19|0x00000000fd300000, 0x00000000fd300000, 0x00000000fd400000|  0%| F|  |TAMS 0x00000000fd300000, 0x00000000fd300000| Untracked 
|  20|0x00000000fd400000, 0x00000000fd400000, 0x00000000fd500000|  0%| F|  |TAMS 0x00000000fd400000, 0x00000000fd400000| Untracked 
|  21|0x00000000fd500000, 0x00000000fd500000, 0x00000000fd600000|  0%| F|  |TAMS 0x00000000fd500000, 0x00000000fd500000| Untracked 
|  22|0x00000000fd600000, 0x00000000fd600000, 0x00000000fd700000|  0%| F|  |TAMS 0x00000000fd600000, 0x00000000fd600000| Untracked 
|  23|0x00000000fd700000, 0x00000000fd700000, 0x00000000fd800000|  0%| F|  |TAMS 0x00000000fd700000, 0x00000000fd700000| Untracked 
|  24|0x00000000fd800000, 0x00000000fd800000, 0x00000000fd900000|  0%| F|  |TAMS 0x00000000fd800000, 0x00000000fd800000| Untracked 
|  25|0x00000000fd900000, 0x00000000fd900000, 0x00000000fda00000|  0%| F|  |TAMS 0x00000000fd900000, 0x00000000fd900000| Untracked 
|  26|0x00000000fda00000, 0x00000000fda00000, 0x00000000fdb00000|  0%| F|  |TAMS 0x00000000fda00000, 0x00000000fda00000| Untracked 
|  27|0x00000000fdb00000, 0x00000000fdb00000, 0x00000000fdc00000|  0%| F|  |TAMS 0x00000000fdb00000, 0x00000000fdb00000| Untracked 
|  28|0x00000000fdc00000, 0x00000000fdc00000, 0x00000000fdd00000|  0%| F|  |TAMS 0x00000000fdc00000, 0x00000000fdc00000| Untracked 
|  29|0x00000000fdd00000, 0x00000000fdd00000, 0x00000000fde00000|  0%| F|  |TAMS 0x00000000fdd00000, 0x00000000fdd00000| Untracked 
|  30|0x00000000fde00000, 0x00000000fde00000, 0x00000000fdf00000|  0%| F|  |TAMS 0x00000000fde00000, 0x00000000fde00000| Untracked 
|  31|0x00000000fdf00000, 0x00000000fdf00000, 0x00000000fe000000|  0%| F|  |TAMS 0x00000000fdf00000, 0x00000000fdf00000| Untracked 
|  32|0x00000000fe000000, 0x00000000fe000000, 0x00000000fe100000|  0%| F|  |TAMS 0x00000000fe000000, 0x00000000fe000000| Untracked 
|  33|0x00000000fe100000, 0x00000000fe100000, 0x00000000fe200000|  0%| F|  |TAMS 0x00000000fe100000, 0x00000000fe100000| Untracked 
|  34|0x00000000fe200000, 0x00000000fe200000, 0x00000000fe300000|  0%| F|  |TAMS 0x00000000fe200000, 0x00000000fe200000| Untracked 
|  35|0x00000000fe300000, 0x00000000fe300000, 0x00000000fe400000|  0%| F|  |TAMS 0x00000000fe300000, 0x00000000fe300000| Untracked 
|  36|0x00000000fe400000, 0x00000000fe400000, 0x00000000fe500000|  0%| F|  |TAMS 0x00000000fe400000, 0x00000000fe400000| Untracked 
|  37|0x00000000fe500000, 0x00000000fe5d31f0, 0x00000000fe600000| 82%| S|CS|TAMS 0x00000000fe500000, 0x00000000fe500000| Complete 
|  38|0x00000000fe600000, 0x00000000fe600000, 0x00000000fe700000|  0%| F|  |TAMS 0x00000000fe600000, 0x00000000fe600000| Untracked 
|  39|0x00000000fe700000, 0x00000000fe700000, 0x00000000fe800000|  0%| F|  |TAMS 0x00000000fe700000, 0x00000000fe700000| Untracked 
|  40|0x00000000fe800000, 0x00000000fe800000, 0x00000000fe900000|  0%| F|  |TAMS 0x00000000fe800000, 0x00000000fe800000| Untracked 
|  41|0x00000000fe900000, 0x00000000fea00000, 0x00000000fea00000|100%| S|CS|TAMS 0x00000000fe900000, 0x00000000fe900000| Complete 
|  42|0x00000000fea00000, 0x00000000fea00000, 0x00000000feb00000|  0%| F|  |TAMS 0x00000000fea00000, 0x00000000fea00000| Untracked 
|  43|0x00000000feb00000, 0x00000000feb00000, 0x00000000fec00000|  0%| F|  |TAMS 0x00000000feb00000, 0x00000000feb00000| Untracked 
|  44|0x00000000fec00000, 0x00000000fec00000, 0x00000000fed00000|  0%| F|  |TAMS 0x00000000fec00000, 0x00000000fec00000| Untracked 
|  45|0x00000000fed00000, 0x00000000fed00000, 0x00000000fee00000|  0%| F|  |TAMS 0x00000000fed00000, 0x00000000fed00000| Untracked 
|  46|0x00000000fee00000, 0x00000000fee00000, 0x00000000fef00000|  0%| F|  |TAMS 0x00000000fee00000, 0x00000000fee00000| Untracked 
|  47|0x00000000fef00000, 0x00000000fef00000, 0x00000000ff000000|  0%| F|  |TAMS 0x00000000fef00000, 0x00000000fef00000| Untracked 
|  48|0x00000000ff000000, 0x00000000ff000000, 0x00000000ff100000|  0%| F|  |TAMS 0x00000000ff000000, 0x00000000ff000000| Untracked 
|  49|0x00000000ff100000, 0x00000000ff100000, 0x00000000ff200000|  0%| F|  |TAMS 0x00000000ff100000, 0x00000000ff100000| Untracked 
|  50|0x00000000ff200000, 0x00000000ff200000, 0x00000000ff300000|  0%| F|  |TAMS 0x00000000ff200000, 0x00000000ff200000| Untracked 
|  51|0x00000000ff300000, 0x00000000ff300000, 0x00000000ff400000|  0%| F|  |TAMS 0x00000000ff300000, 0x00000000ff300000| Untracked 
|  52|0x00000000ff400000, 0x00000000ff400000, 0x00000000ff500000|  0%| F|  |TAMS 0x00000000ff400000, 0x00000000ff400000| Untracked 
|  53|0x00000000ff500000, 0x00000000ff500000, 0x00000000ff600000|  0%| F|  |TAMS 0x00000000ff500000, 0x00000000ff500000| Untracked 
|  54|0x00000000ff600000, 0x00000000ff600000, 0x00000000ff700000|  0%| F|  |TAMS 0x00000000ff600000, 0x00000000ff600000| Untracked 
|  55|0x00000000ff700000, 0x00000000ff700000, 0x00000000ff800000|  0%| F|  |TAMS 0x00000000ff700000, 0x00000000ff700000| Untracked 
|  56|0x00000000ff800000, 0x00000000ff800000, 0x00000000ff900000|  0%| F|  |TAMS 0x00000000ff800000, 0x00000000ff800000| Untracked 
|  57|0x00000000ff900000, 0x00000000ff900000, 0x00000000ffa00000|  0%| F|  |TAMS 0x00000000ff900000, 0x00000000ff900000| Untracked 
|  58|0x00000000ffa00000, 0x00000000ffa1fc78, 0x00000000ffb00000| 12%| E|  |TAMS 0x00000000ffa00000, 0x00000000ffa00000| Complete 
|  59|0x00000000ffb00000, 0x00000000ffc00000, 0x00000000ffc00000|100%| E|CS|TAMS 0x00000000ffb00000, 0x00000000ffb00000| Complete 
|  60|0x00000000ffc00000, 0x00000000ffd00000, 0x00000000ffd00000|100%| E|CS|TAMS 0x00000000ffc00000, 0x00000000ffc00000| Complete 
|  61|0x00000000ffd00000, 0x00000000ffe00000, 0x00000000ffe00000|100%| E|CS|TAMS 0x00000000ffd00000, 0x00000000ffd00000| Complete 
|  62|0x00000000ffe00000, 0x00000000fff00000, 0x00000000fff00000|100%| E|CS|TAMS 0x00000000ffe00000, 0x00000000ffe00000| Complete 
|  63|0x00000000fff00000, 0x0000000100000000, 0x0000000100000000|100%| E|CS|TAMS 0x00000000fff00000, 0x00000000fff00000| Complete 

Card table byte_map: [0x0000026d552a0000,0x0000026d552c0000] _byte_map_base: 0x0000026d54ac0000

Marking Bits (Prev, Next): (CMBitMap*) 0x0000026d55370340, (CMBitMap*) 0x0000026d55370380
 Prev Bits: [0x0000026d6bf50000, 0x0000026d6c050000)
 Next Bits: [0x0000026d6c050000, 0x0000026d6c150000)

Polling page: 0x0000026d54b20000

Metaspace:

Usage:
  Non-class:      8.24 MB used.
      Class:      1.26 MB used.
       Both:      9.51 MB used.

Virtual space:
  Non-class space:       64.00 MB reserved,       8.31 MB ( 13%) committed,  1 nodes.
      Class space:        1.00 GB reserved,       1.38 MB ( <1%) committed,  1 nodes.
             Both:        1.06 GB reserved,       9.69 MB ( <1%) committed. 

Chunk freelists:
   Non-Class:  7.44 MB
       Class:  14.54 MB
        Both:  21.98 MB

MaxMetaspaceSize: unlimited
CompressedClassSpaceSize: 1.00 GB
Initial GC threshold: 21.00 MB
Current GC threshold: 21.00 MB
CDS: on
MetaspaceReclaimPolicy: balanced
 - commit_granule_bytes: 65536.
 - commit_granule_words: 8192.
 - virtual_space_node_default_size: 8388608.
 - enlarge_chunks_in_place: 1.
 - new_chunks_are_fully_committed: 0.
 - uncommit_free_chunks: 1.
 - use_allocation_guard: 0.
 - handle_deallocations: 1.


Internal statistics:

num_allocs_failed_limit: 0.
num_arena_births: 82.
num_arena_deaths: 0.
num_vsnodes_births: 2.
num_vsnodes_deaths: 0.
num_space_committed: 155.
num_space_uncommitted: 0.
num_chunks_returned_to_freelist: 0.
num_chunks_taken_from_freelist: 342.
num_chunk_merges: 0.
num_chunk_splits: 238.
num_chunks_enlarged: 197.
num_inconsistent_stats: 0.

CodeHeap 'non-profiled nmethods': size=120000Kb used=671Kb max_used=671Kb free=119328Kb
 bounds [0x0000026d646e0000, 0x0000026d64950000, 0x0000026d6bc10000]
CodeHeap 'profiled nmethods': size=120000Kb used=3044Kb max_used=3044Kb free=116955Kb
 bounds [0x0000026d5cc10000, 0x0000026d5cf10000, 0x0000026d64140000]
CodeHeap 'non-nmethods': size=5760Kb used=1173Kb max_used=1192Kb free=4586Kb
 bounds [0x0000026d64140000, 0x0000026d643b0000, 0x0000026d646e0000]
 total_blobs=2138 nmethods=1668 adapters=383
 compilation: enabled
              stopped_count=0, restarted_count=0
 full_count=0

Compilation events (20 events):
Event: 272.071 Thread 0x0000026d6eb1a5a0 nmethod 1666 0x0000026d64785e90 code [0x0000026d64786000, 0x0000026d64786118]
Event: 273.963 Thread 0x0000026d6eb1a5a0 1667       4       java.util.concurrent.ScheduledThreadPoolExecutor$ScheduledFutureTask::getDelay (16 bytes)
Event: 273.981 Thread 0x0000026d6eb1a5a0 nmethod 1667 0x0000026d64786190 code [0x0000026d64786320, 0x0000026d64786458]
Event: 274.566 Thread 0x0000026d6eb1a5a0 1668       4       java.lang.AbstractStringBuilder::insert (54 bytes)
Event: 274.637 Thread 0x0000026d6eb1a5a0 nmethod 1668 0x0000026d64786590 code [0x0000026d64786740, 0x0000026d64786fb8]
Event: 274.637 Thread 0x0000026d6eb1a5a0 1669       4       java.lang.String::checkOffset (48 bytes)
Event: 274.638 Thread 0x0000026d6eb1a5a0 nmethod 1669 0x0000026d64787490 code [0x0000026d64787600, 0x0000026d64787698]
Event: 275.970 Thread 0x0000026d6eb1e380 1670       3       sun.nio.cs.StreamEncoder::implWrite (137 bytes)
Event: 276.017 Thread 0x0000026d6eb1e380 nmethod 1670 0x0000026d5cf05d10 code [0x0000026d5cf05f80, 0x0000026d5cf06948]
Event: 277.467 Thread 0x0000026d6eb1a5a0 1671       4       java.util.Collections$SingletonList::get (41 bytes)
Event: 277.469 Thread 0x0000026d6eb1a5a0 nmethod 1671 0x0000026d64787790 code [0x0000026d64787900, 0x0000026d64787998]
Event: 277.965 Thread 0x0000026d6eb1e380 1672       3       com.google.common.collect.Lists::newArrayList (28 bytes)
Event: 277.988 Thread 0x0000026d6eb1e380 nmethod 1672 0x0000026d5cf06d10 code [0x0000026d5cf06f00, 0x0000026d5cf07418]
Event: 278.166 Thread 0x0000026d6eb1a5a0 1673       4       java.util.concurrent.locks.ReentrantLock$Sync::isHeldExclusively (16 bytes)
Event: 278.167 Thread 0x0000026d6eb1a5a0 nmethod 1673 0x0000026d64787a90 code [0x0000026d64787c00, 0x0000026d64787cb8]
Event: 282.955 Thread 0x0000026d6eb1e380 1674       3       sun.nio.cs.StreamEncoder::writeBytes (139 bytes)
Event: 282.981 Thread 0x0000026d6eb1e380 nmethod 1674 0x0000026d5cf07610 code [0x0000026d5cf07880, 0x0000026d5cf08278]
Event: 285.954 Thread 0x0000026d6eb1e380 1675       3       java.util.ArrayList::equalsArrayList (108 bytes)
Event: 285.957 Thread 0x0000026d6eb1e380 nmethod 1675 0x0000026d5cf08610 code [0x0000026d5cf08820, 0x0000026d5cf08f88]
Event: 288.059 Thread 0x0000026d6eb1a5a0 1676       4       org.fusesource.jansi.Ansi::flushAttributes (94 bytes)

GC Heap History (4 events):
Event: 4.100 GC heap before
{Heap before GC invocations=0 (full 0):
 garbage-first heap   total 65536K, used 26624K [0x00000000fc000000, 0x0000000100000000)
  region size 1024K, 23 young (23552K), 0 survivors (0K)
 Metaspace       used 2651K, committed 2816K, reserved 1114112K
  class space    used 281K, committed 384K, reserved 1048576K
}
Event: 4.110 GC heap after
{Heap after GC invocations=1 (full 0):
 garbage-first heap   total 65536K, used 10752K [0x00000000fc000000, 0x0000000100000000)
  region size 1024K, 3 young (3072K), 3 survivors (3072K)
 Metaspace       used 2651K, committed 2816K, reserved 1114112K
  class space    used 281K, committed 384K, reserved 1048576K
}
Event: 6.538 GC heap before
{Heap before GC invocations=1 (full 0):
 garbage-first heap   total 65536K, used 33280K [0x00000000fc000000, 0x0000000100000000)
  region size 1024K, 25 young (25600K), 3 survivors (3072K)
 Metaspace       used 9031K, committed 9152K, reserved 1114112K
  class space    used 1234K, committed 1280K, reserved 1048576K
}
Event: 6.546 GC heap after
{Heap after GC invocations=2 (full 0):
 garbage-first heap   total 65536K, used 12789K [0x00000000fc000000, 0x0000000100000000)
  region size 1024K, 2 young (2048K), 2 survivors (2048K)
 Metaspace       used 9031K, committed 9152K, reserved 1114112K
  class space    used 1234K, committed 1280K, reserved 1048576K
}

Deoptimization events (20 events):
Event: 108.668 Thread 0x0000026d5534e2b0 Uncommon trap: trap_request=0xffffff45 fr.pc=0x0000026d646ff9e8 relative=0x00000000000003c8
Event: 108.668 Thread 0x0000026d5534e2b0 Uncommon trap: reason=unstable_if action=reinterpret pc=0x0000026d646ff9e8 method=java.lang.StringUTF16.compress([CII)[B @ 13 c2
Event: 108.668 Thread 0x0000026d5534e2b0 DEOPT PACKING pc=0x0000026d646ff9e8 sp=0x000000c3da6fc2c0
Event: 108.668 Thread 0x0000026d5534e2b0 DEOPT UNPACKING pc=0x0000026d641923a3 sp=0x000000c3da6fc200 mode 2
Event: 108.861 Thread 0x0000026d73cd11f0 Uncommon trap: trap_request=0xffffff45 fr.pc=0x0000026d64706fd4 relative=0x00000000000001b4
Event: 108.861 Thread 0x0000026d73cd11f0 Uncommon trap: reason=unstable_if action=reinterpret pc=0x0000026d64706fd4 method=java.lang.String.indexOf(II)I @ 4 c2
Event: 108.861 Thread 0x0000026d73cd11f0 DEOPT PACKING pc=0x0000026d64706fd4 sp=0x000000c3db9fe680
Event: 108.863 Thread 0x0000026d73cd11f0 DEOPT UNPACKING pc=0x0000026d641923a3 sp=0x000000c3db9fe620 mode 2
Event: 108.864 Thread 0x0000026d73cd11f0 Uncommon trap: trap_request=0xffffff45 fr.pc=0x0000026d64729598 relative=0x00000000000004d8
Event: 108.864 Thread 0x0000026d73cd11f0 Uncommon trap: reason=unstable_if action=reinterpret pc=0x0000026d64729598 method=java.lang.AbstractStringBuilder.putStringAt(ILjava/lang/String;II)V @ 8 c2
Event: 108.864 Thread 0x0000026d73cd11f0 DEOPT PACKING pc=0x0000026d64729598 sp=0x000000c3db9fe4b0
Event: 108.864 Thread 0x0000026d73cd11f0 DEOPT UNPACKING pc=0x0000026d641923a3 sp=0x000000c3db9fe390 mode 2
Event: 108.864 Thread 0x0000026d73cd11f0 Uncommon trap: trap_request=0xffffff45 fr.pc=0x0000026d6475626c relative=0x00000000000003cc
Event: 108.864 Thread 0x0000026d73cd11f0 Uncommon trap: reason=unstable_if action=reinterpret pc=0x0000026d6475626c method=java.lang.AbstractStringBuilder.isLatin1()Z @ 10 c2
Event: 108.864 Thread 0x0000026d73cd11f0 DEOPT PACKING pc=0x0000026d6475626c sp=0x000000c3db9fe870
Event: 108.864 Thread 0x0000026d73cd11f0 DEOPT UNPACKING pc=0x0000026d641923a3 sp=0x000000c3db9fe7e8 mode 2
Event: 108.864 Thread 0x0000026d73cd11f0 Uncommon trap: trap_request=0xffffff45 fr.pc=0x0000026d646fbe7c relative=0x000000000000025c
Event: 108.864 Thread 0x0000026d73cd11f0 Uncommon trap: reason=unstable_if action=reinterpret pc=0x0000026d646fbe7c method=java.lang.String.getChars(II[CI)V @ 23 c2
Event: 108.864 Thread 0x0000026d73cd11f0 DEOPT PACKING pc=0x0000026d646fbe7c sp=0x000000c3db9fe770
Event: 108.864 Thread 0x0000026d73cd11f0 DEOPT UNPACKING pc=0x0000026d641923a3 sp=0x000000c3db9fe708 mode 2

Classes unloaded (0 events):
No events

Classes redefined (0 events):
No events

Internal exceptions (19 events):
Event: 0.828 Thread 0x0000026d5534e2b0 Exception <a 'java/lang/NoSuchMethodError'{0x00000000ffc52480}: 'int java.lang.invoke.DirectMethodHandle$Holder.invokeStaticInit(java.lang.Object, java.lang.Object)'> (0x00000000ffc52480) 
thrown [s\open\src\hotspot\share\interpreter\linkResolver.cpp, line 759]
Event: 4.316 Thread 0x0000026d5534e2b0 Exception <a 'java/lang/NoSuchMethodError'{0x00000000ffc4f428}: 'void java.lang.invoke.DirectMethodHandle$Holder.invokeStatic(java.lang.Object, java.lang.Object)'> (0x00000000ffc4f428) 
thrown [s\open\src\hotspot\share\interpreter\linkResolver.cpp, line 759]
Event: 4.364 Thread 0x0000026d5534e2b0 Exception <a 'java/lang/NoClassDefFoundError'{0x00000000ffce4820}: org/slf4j/impl/StaticMarkerBinder> (0x00000000ffce4820) 
thrown [s\open\src\hotspot\share\classfile\systemDictionary.cpp, line 245]
Event: 4.390 Thread 0x0000026d5534e2b0 Exception <a 'java/lang/NoSuchMethodError'{0x00000000ffb56860}: 'java.lang.Object java.lang.invoke.DirectMethodHandle$Holder.invokeVirtual(java.lang.Object, java.lang.Object, java.lang.Object)'> (0x00000000ffb56860) 
thrown [s\open\src\hotspot\share\interpreter\linkResolver.cpp, line 759]
Event: 4.414 Thread 0x0000026d5534e2b0 Exception <a 'java/lang/NoSuchMethodError'{0x00000000ffb9d3a8}: 'java.lang.Object java.lang.invoke.DirectMethodHandle$Holder.invokeVirtual(java.lang.Object, java.lang.Object, java.lang.Object, java.lang.Object, java.lang.Object, java.lang.Object, java.lang.Object)'> (0x00000000ffb9d3a8) 
thrown [s\open\src\hotspot\share\interpreter\linkResolver.cpp, line 759]
Event: 4.419 Thread 0x0000026d5534e2b0 Exception <a 'java/lang/NoSuchMethodError'{0x00000000ffbae9a0}: 'java.lang.Object java.lang.invoke.Invokers$Holder.invoker(java.lang.Object, java.lang.Object, java.lang.Object)'> (0x00000000ffbae9a0) 
thrown [s\open\src\hotspot\share\interpreter\linkResolver.cpp, line 759]
Event: 4.421 Thread 0x0000026d5534e2b0 Exception <a 'java/lang/NoSuchMethodError'{0x00000000ffbb7890}: 'java.lang.Object java.lang.invoke.DirectMethodHandle$Holder.invokeStatic(java.lang.Object, java.lang.Object, int)'> (0x00000000ffbb7890) 
thrown [s\open\src\hotspot\share\interpreter\linkResolver.cpp, line 759]
Event: 4.423 Thread 0x0000026d5534e2b0 Exception <a 'java/lang/NoSuchMethodError'{0x00000000ffbc3580}: 'void java.lang.invoke.DelegatingMethodHandle$Holder.delegate(java.lang.Object, java.lang.Object, int, java.lang.Object)'> (0x00000000ffbc3580) 
thrown [s\open\src\hotspot\share\interpreter\linkResolver.cpp, line 759]
Event: 4.424 Thread 0x0000026d5534e2b0 Exception <a 'java/lang/NoSuchMethodError'{0x00000000ffbc76c8}: 'int java.lang.invoke.DirectMethodHandle$Holder.invokeSpecial(java.lang.Object, java.lang.Object, java.lang.Object)'> (0x00000000ffbc76c8) 
thrown [s\open\src\hotspot\share\interpreter\linkResolver.cpp, line 759]
Event: 4.437 Thread 0x0000026d5534e2b0 Exception <a 'java/lang/NoSuchMethodError'{0x00000000ffbda810}: 'java.lang.Object java.lang.invoke.Invokers$Holder.invokeExact_MT(java.lang.Object, java.lang.Object, java.lang.Object, java.lang.Object)'> (0x00000000ffbda810) 
thrown [s\open\src\hotspot\share\interpreter\linkResolver.cpp, line 759]
Event: 5.094 Thread 0x0000026d5534e2b0 Exception <a 'java/lang/NoSuchMethodError'{0x00000000ff4f1ce0}: 'void java.lang.invoke.DirectMethodHandle$Holder.invokeSpecial(java.lang.Object, java.lang.Object, java.lang.Object)'> (0x00000000ff4f1ce0) 
thrown [s\open\src\hotspot\share\interpreter\linkResolver.cpp, line 759]
Event: 5.115 Thread 0x0000026d5534e2b0 Implicit null exception at 0x0000026d6473c18a to 0x0000026d6473c580
Event: 5.115 Thread 0x0000026d5534e2b0 Implicit null exception at 0x0000026d6472648a to 0x0000026d64726884
Event: 5.160 Thread 0x0000026d5534e2b0 Exception <a 'java/lang/NoSuchMethodError'{0x00000000ff266e30}: 'java.lang.Object java.lang.invoke.DirectMethodHandle$Holder.invokeStaticInit(java.lang.Object)'> (0x00000000ff266e30) 
thrown [s\open\src\hotspot\share\interpreter\linkResolver.cpp, line 759]
Event: 5.389 Thread 0x0000026d5534e2b0 Exception <a 'java/lang/NoSuchMethodError'{0x00000000ff110dd8}: 'int java.lang.invoke.DirectMethodHandle$Holder.invokeVirtual(java.lang.Object, java.lang.Object, java.lang.Object)'> (0x00000000ff110dd8) 
thrown [s\open\src\hotspot\share\interpreter\linkResolver.cpp, line 759]
Event: 5.584 Thread 0x0000026d5534e2b0 Exception <a 'java/lang/NoSuchMethodError'{0x00000000feda7320}: 'java.lang.Object java.lang.invoke.DirectMethodHandle$Holder.invokeStaticInit(java.lang.Object, int, int, int, int)'> (0x00000000feda7320) 
thrown [s\open\src\hotspot\share\interpreter\linkResolver.cpp, line 759]
Event: 5.718 Thread 0x0000026d5534e2b0 Exception <a 'java/lang/NoSuchMethodError'{0x00000000fede26a8}: 'java.lang.Object java.lang.invoke.DirectMethodHandle$Holder.invokeStaticInit(java.lang.Object, java.lang.Object, int, int, int, int)'> (0x00000000fede26a8) 
thrown [s\open\src\hotspot\share\interpreter\linkResolver.cpp, line 759]
Event: 5.985 Thread 0x0000026d5534e2b0 Exception <a 'java/lang/NoSuchMethodError'{0x00000000fec13b90}: 'void java.lang.invoke.DirectMethodHandle$Holder.invokeStatic(java.lang.Object, java.lang.Object, java.lang.Object)'> (0x00000000fec13b90) 
thrown [s\open\src\hotspot\share\interpreter\linkResolver.cpp, line 759]
Event: 6.025 Thread 0x0000026d5534e2b0 Implicit null exception at 0x0000026d6471e372 to 0x0000026d6471e940

VM Operations (20 events):
Event: 180.691 Executing VM operation: HandshakeAllThreads
Event: 180.789 Executing VM operation: HandshakeAllThreads done
Event: 182.800 Executing VM operation: Cleanup
Event: 182.845 Executing VM operation: Cleanup done
Event: 186.891 Executing VM operation: Cleanup
Event: 186.911 Executing VM operation: Cleanup done
Event: 216.214 Executing VM operation: Cleanup
Event: 216.283 Executing VM operation: Cleanup done
Event: 247.590 Executing VM operation: Cleanup
Event: 247.745 Executing VM operation: Cleanup done
Event: 261.893 Executing VM operation: Cleanup
Event: 261.896 Executing VM operation: Cleanup done
Event: 262.905 Executing VM operation: Cleanup
Event: 262.905 Executing VM operation: Cleanup done
Event: 267.948 Executing VM operation: Cleanup
Event: 267.948 Executing VM operation: Cleanup done
Event: 278.025 Executing VM operation: Cleanup
Event: 278.032 Executing VM operation: Cleanup done
Event: 279.034 Executing VM operation: Cleanup
Event: 279.038 Executing VM operation: Cleanup done

Events (20 events):
Event: 108.749 loading class jdk/internal/logger/LazyLoggers$LazyLoggerFactories
Event: 108.749 loading class jdk/internal/logger/LazyLoggers$LazyLoggerFactories done
Event: 108.753 loading class jdk/internal/logger/LoggerFinderLoader
Event: 108.754 loading class jdk/internal/logger/LoggerFinderLoader done
Event: 108.761 loading class jdk/internal/logger/LoggerFinderLoader$TemporaryLoggerFinder
Event: 108.761 loading class jdk/internal/logger/LoggerFinderLoader$TemporaryLoggerFinder done
Event: 108.762 loading class sun/util/logging/internal/LoggingProviderImpl$JULWrapper
Event: 108.763 loading class sun/util/logging/PlatformLogger$ConfigurableBridge$LoggerConfiguration
Event: 108.764 loading class sun/util/logging/PlatformLogger$ConfigurableBridge$LoggerConfiguration done
Event: 108.764 loading class sun/util/logging/internal/LoggingProviderImpl$JULWrapper done
Event: 108.764 loading class java/io/ObjectInputFilter
Event: 108.765 loading class java/io/ObjectInputFilter done
Event: 108.767 loading class java/io/ObjectInputFilter$Config$BuiltinFilterFactory
Event: 108.767 loading class java/io/ObjectInputFilter$Config$BuiltinFilterFactory done
Event: 108.767 loading class jdk/internal/access/JavaObjectInputFilterAccess
Event: 108.767 loading class jdk/internal/access/JavaObjectInputFilterAccess done
Event: 108.769 loading class java/lang/System$Logger$Level
Event: 108.770 loading class java/lang/System$Logger$Level done
Event: 108.772 loading class java/io/Bits
Event: 108.777 loading class java/io/Bits done


Dynamic libraries:
0x00007ff6e4670000 - 0x00007ff6e4680000 	C:\Program Files\Java\jdk-17\bin\java.exe
0x00007fffd65c0000 - 0x00007fffd6828000 	C:\WINDOWS\SYSTEM32\ntdll.dll
0x00007fffd4c90000 - 0x00007fffd4d59000 	C:\WINDOWS\System32\KERNEL32.DLL
0x00007fffd3a30000 - 0x00007fffd3e22000 	C:\WINDOWS\System32\KERNELBASE.dll
0x00007fffd41b0000 - 0x00007fffd42fb000 	C:\WINDOWS\System32\ucrtbase.dll
0x00007fffb9170000 - 0x00007fffb9189000 	C:\Program Files\Java\jdk-17\bin\jli.dll
0x00007fffb9130000 - 0x00007fffb914b000 	C:\Program Files\Java\jdk-17\bin\VCRUNTIME140.dll
0x00007fffd5bf0000 - 0x00007fffd5ca4000 	C:\WINDOWS\System32\ADVAPI32.dll
0x00007fffd6320000 - 0x00007fffd63c9000 	C:\WINDOWS\System32\msvcrt.dll
0x00007fffd53e0000 - 0x00007fffd5486000 	C:\WINDOWS\System32\sechost.dll
0x00007fffd46f0000 - 0x00007fffd4808000 	C:\WINDOWS\System32\RPCRT4.dll
0x00007fffd5db0000 - 0x00007fffd5f75000 	C:\WINDOWS\System32\USER32.dll
0x00007fffd4010000 - 0x00007fffd4037000 	C:\WINDOWS\System32\win32u.dll
0x00007fffb71a0000 - 0x00007fffb7433000 	C:\WINDOWS\WinSxS\amd64_microsoft.windows.common-controls_6595b64144ccf1df_6.0.26100.6725_none_3e085828e334708b\COMCTL32.dll
0x00007fffd43f0000 - 0x00007fffd441b000 	C:\WINDOWS\System32\GDI32.dll
0x00007fffd3e30000 - 0x00007fffd3f5d000 	C:\WINDOWS\System32\gdi32full.dll
0x00007fffd3f60000 - 0x00007fffd4003000 	C:\WINDOWS\System32\msvcp_win.dll
0x00007fffbcce0000 - 0x00007fffbcceb000 	C:\WINDOWS\SYSTEM32\VERSION.dll
0x00007fffd4c50000 - 0x00007fffd4c7f000 	C:\WINDOWS\System32\IMM32.DLL
0x00007fffd0290000 - 0x00007fffd029c000 	C:\Program Files\Java\jdk-17\bin\vcruntime140_1.dll
0x00007fff9cba0000 - 0x00007fff9cc2e000 	C:\Program Files\Java\jdk-17\bin\msvcp140.dll
0x00007fff54540000 - 0x00007fff55120000 	C:\Program Files\Java\jdk-17\bin\server\jvm.dll
0x00007fffd5f80000 - 0x00007fffd5f88000 	C:\WINDOWS\System32\PSAPI.DLL
0x00007fffc6a00000 - 0x00007fffc6a35000 	C:\WINDOWS\SYSTEM32\WINMM.dll
0x00007fffce290000 - 0x00007fffce29a000 	C:\WINDOWS\SYSTEM32\WSOCK32.dll
0x00007fffd4420000 - 0x00007fffd4494000 	C:\WINDOWS\System32\WS2_32.dll
0x00007fffd2520000 - 0x00007fffd253b000 	C:\WINDOWS\SYSTEM32\kernel.appcore.dll
0x00007fffd0240000 - 0x00007fffd024a000 	C:\Program Files\Java\jdk-17\bin\jimage.dll
0x00007fffd0ae0000 - 0x00007fffd0d22000 	C:\WINDOWS\SYSTEM32\DBGHELP.DLL
0x00007fffd48d0000 - 0x00007fffd4c4b000 	C:\WINDOWS\System32\combase.dll
0x00007fffd4610000 - 0x00007fffd46e7000 	C:\WINDOWS\System32\OLEAUT32.dll
0x00007fffb1130000 - 0x00007fffb116c000 	C:\WINDOWS\SYSTEM32\dbgcore.DLL
0x00007fffd3810000 - 0x00007fffd38a8000 	C:\WINDOWS\System32\bcryptPrimitives.dll
0x00007fffb9090000 - 0x00007fffb90b5000 	C:\Program Files\Java\jdk-17\bin\java.dll
0x00007fff9b720000 - 0x00007fff9b7f7000 	C:\Program Files\Java\jdk-17\bin\jsvml.dll
0x00007fffd5490000 - 0x00007fffd5bdc000 	C:\WINDOWS\System32\SHELL32.dll
0x00007fffd4040000 - 0x00007fffd41ab000 	C:\WINDOWS\System32\wintypes.dll
0x00007fffd1370000 - 0x00007fffd1bcd000 	C:\WINDOWS\SYSTEM32\windows.storage.dll
0x00007fffd5cb0000 - 0x00007fffd5da2000 	C:\WINDOWS\System32\SHCORE.dll
0x00007fffd44a0000 - 0x00007fffd4502000 	C:\WINDOWS\System32\shlwapi.dll
0x00007fffd3670000 - 0x00007fffd3699000 	C:\WINDOWS\SYSTEM32\profapi.dll
0x00007fffb90e0000 - 0x00007fffb90f9000 	C:\Program Files\Java\jdk-17\bin\net.dll
0x00007fffcb900000 - 0x00007fffcba1f000 	C:\WINDOWS\SYSTEM32\WINHTTP.dll
0x00007fffd2a90000 - 0x00007fffd2afb000 	C:\WINDOWS\system32\mswsock.dll
0x00007fffb8c20000 - 0x00007fffb8c36000 	C:\Program Files\Java\jdk-17\bin\nio.dll
0x00007fffb7060000 - 0x00007fffb7078000 	C:\Program Files\Java\jdk-17\bin\zip.dll
0x00007fffd01c0000 - 0x00007fffd01d0000 	C:\Program Files\Java\jdk-17\bin\verify.dll
0x00007fffbd070000 - 0x00007fffbd097000 	C:\Users\triar\.gradle\native\c067742578af261105cb4f569cf0c3c89f3d7b1fecec35dd04571415982c5e48\windows-amd64\native-platform.dll
0x00007fffb1af0000 - 0x00007fffb1afa000 	C:\Users\triar\.gradle\native\jansi\1.18\windows64\jansi.dll
0x00007fffbd060000 - 0x00007fffbd06a000 	C:\Program Files\Java\jdk-17\bin\management.dll
0x00007fffb9b40000 - 0x00007fffb9b4b000 	C:\Program Files\Java\jdk-17\bin\management_ext.dll
0x00007fffd2d40000 - 0x00007fffd2d5b000 	C:\WINDOWS\SYSTEM32\CRYPTSP.dll
0x00007fffd2480000 - 0x00007fffd24bb000 	C:\WINDOWS\system32\rsaenh.dll
0x00007fffd2b30000 - 0x00007fffd2b5b000 	C:\WINDOWS\SYSTEM32\USERENV.dll
0x00007fffd3640000 - 0x00007fffd3666000 	C:\WINDOWS\SYSTEM32\bcrypt.dll
0x00007fffd2d60000 - 0x00007fffd2d6c000 	C:\WINDOWS\SYSTEM32\CRYPTBASE.dll
0x00007fffd1f00000 - 0x00007fffd1f34000 	C:\WINDOWS\SYSTEM32\IPHLPAPI.DLL
0x00007fffd4d60000 - 0x00007fffd4d6a000 	C:\WINDOWS\System32\NSI.dll
0x00007fffcc340000 - 0x00007fffcc35e000 	C:\WINDOWS\SYSTEM32\dhcpcsvc6.DLL
0x00007fffcc2d0000 - 0x00007fffcc2f3000 	C:\WINDOWS\SYSTEM32\dhcpcsvc.DLL
0x00007fffd1f40000 - 0x00007fffd2066000 	C:\WINDOWS\SYSTEM32\DNSAPI.dll
0x00007fffb9060000 - 0x00007fffb906e000 	C:\Program Files\Java\jdk-17\bin\sunmscapi.dll
0x00007fffd38b0000 - 0x00007fffd3a27000 	C:\WINDOWS\System32\CRYPT32.dll
0x00007fffd2f60000 - 0x00007fffd2f90000 	C:\WINDOWS\SYSTEM32\ncrypt.dll
0x00007fffd2f10000 - 0x00007fffd2f4f000 	C:\WINDOWS\SYSTEM32\NTASN1.dll
0x00007fffbd020000 - 0x00007fffbd028000 	C:\WINDOWS\system32\wshunix.dll

dbghelp: loaded successfully - version: 4.0.5 - missing functions: none
symbol engine: initialized successfully - sym options: 0x614 - pdb path: .;C:\Program Files\Java\jdk-17\bin;C:\WINDOWS\SYSTEM32;C:\WINDOWS\WinSxS\amd64_microsoft.windows.common-controls_6595b64144ccf1df_6.0.26100.6725_none_3e085828e334708b;C:\Program Files\Java\jdk-17\bin\server;C:\Users\triar\.gradle\native\c067742578af261105cb4f569cf0c3c89f3d7b1fecec35dd04571415982c5e48\windows-amd64;C:\Users\triar\.gradle\native\jansi\1.18\windows64

VM Arguments:
jvm_args: -Xmx64m -Xms64m -Dorg.gradle.appname=gradlew 
java_command: org.gradle.wrapper.GradleWrapperMain runclient
java_class_path (initial): C:\Program Files (x86)\Steam\steamapps\common\Mindustry\saves\mods\Aquarion\\gradle\wrapper\gradle-wrapper.jar
Launcher Type: SUN_STANDARD

[Global flags]
     intx CICompilerCount                          = 4                                         {product} {ergonomic}
     uint ConcGCThreads                            = 2                                         {product} {ergonomic}
     uint G1ConcRefinementThreads                  = 8                                         {product} {ergonomic}
   size_t G1HeapRegionSize                         = 1048576                                   {product} {ergonomic}
    uintx GCDrainStackTargetSize                   = 64                                        {product} {ergonomic}
   size_t InitialHeapSize                          = 67108864                                  {product} {command line}
   size_t MarkStackSize                            = 4194304                                   {product} {ergonomic}
   size_t MaxHeapSize                              = 67108864                                  {product} {command line}
   size_t MaxNewSize                               = 39845888                                  {product} {ergonomic}
   size_t MinHeapDeltaBytes                        = 1048576                                   {product} {ergonomic}
   size_t MinHeapSize                              = 67108864                                  {product} {command line}
    uintx NonNMethodCodeHeapSize                   = 5839372                                {pd product} {ergonomic}
    uintx NonProfiledCodeHeapSize                  = 122909434                              {pd product} {ergonomic}
    uintx ProfiledCodeHeapSize                     = 122909434                              {pd product} {ergonomic}
    uintx ReservedCodeCacheSize                    = 251658240                              {pd product} {ergonomic}
     bool SegmentedCodeCache                       = true                                      {product} {ergonomic}
   size_t SoftMaxHeapSize                          = 67108864                               {manageable} {ergonomic}
     bool UseCompressedClassPointers               = true                           {product lp64_product} {ergonomic}
     bool UseCompressedOops                        = true                           {product lp64_product} {ergonomic}
     bool UseG1GC                                  = true                                      {product} {ergonomic}
     bool UseLargePagesIndividualAllocation        = false                                  {pd product} {ergonomic}

Logging:
Log output configuration:
 #0: stdout all=warning uptime,level,tags
 #1: stderr all=off uptime,level,tags

Environment Variables:
JAVA_HOME=C:\Program Files\Java\jdk-17
CLASSPATH=C:\Program Files (x86)\Steam\steamapps\common\Mindustry\saves\mods\Aquarion\\gradle\wrapper\gradle-wrapper.jar
PATH=C:\Program Files\Java\jdk-17\bin;C:\Program Files\dotnet\;C:\Program Files\Inkscape\bin;C:\Program Files\Inkscape;C:\Users\triar\AppData\Local\Programs\Python\Launcher\;C:\Users\triar\AppData\Local\Microsoft\WindowsApps;C:\Users\triar\AppData\Local\GitHubDesktop\bin;C:\Users\triar\.dotnet\tools
USERNAME=triar
OS=Windows_NT
PROCESSOR_IDENTIFIER=AMD64 Family 23 Model 160 Stepping 0, AuthenticAMD



---------------  S Y S T E M  ---------------

OS:
 Windows 11 , 64 bit Build 26100 (10.0.26100.6725)
OS uptime: 3 days 23:56 hours
Hyper-V role detected

CPU: total 8 (initial active 8) (8 cores per cpu, 2 threads per core) family 23 model 160 stepping 0 microcode 0x8a00006, cx8, cmov, fxsr, ht, mmx, 3dnowpref, sse, sse2, sse3, ssse3, sse4a, sse4.1, sse4.2, popcnt, lzcnt, tsc, tscinvbit, avx, avx2, aes, clmul, bmi1, bmi2, adx, sha, fma, vzeroupper, clflush, clflushopt, hv

Memory: 4k page, system-wide physical 6901M (460M free)
TotalPageFile size 28405M (AvailPageFile size 14M)
current process WorkingSet (physical memory assigned to process): 14M, peak: 95M
current process commit charge ("private bytes"): 164M, peak: 166M

vm_info: Java HotSpot(TM) 64-Bit Server VM (17.0.12+8-LTS-286) for windows-amd64 JRE (17.0.12+8-LTS-286), built on Jun  5 2024 06:46:59 by "mach5one" with MS VC++ 17.6 (VS2022)

END.
